<?xml version="1.0" encoding="UTF-8"?>
<!-- Generated by org.testng.reporters.JUnitXMLReporter -->
<testsuite ignored="7" hostname="LauraAndrade" failures="2" tests="2" name="Default test(failed)" time="204.009" errors="0" timestamp="25 ago. 2021 20:43:08 GMT">
  <testcase classname="test.Test_FacturaExportacion" name="Script_0090" time="107.171">
    <failure type="org.openqa.selenium.NoSuchElementException" message="Cannot locate option with value: 52
For documentation on this error, please visit: http://seleniumhq.org/exceptions/no_such_element.html
Build info: version: &amp;apos;3.11.0&amp;apos;, revision: &amp;apos;e59cfb3&amp;apos;, time: &amp;apos;2018-03-11T20:26:55.152Z&amp;apos;
System info: host: &amp;apos;LAURAANDRADE&amp;apos;, ip: &amp;apos;172.16.8.198&amp;apos;, os.name: &amp;apos;Windows 10&amp;apos;, os.arch: &amp;apos;amd64&amp;apos;, os.version: &amp;apos;10.0&amp;apos;, java.version: &amp;apos;15.0.2&amp;apos;
Driver info: driver.version: unknown">
      <![CDATA[org.openqa.selenium.NoSuchElementException: Cannot locate option with value: 52
For documentation on this error, please visit: http://seleniumhq.org/exceptions/no_such_element.html
Build info: version: '3.11.0', revision: 'e59cfb3', time: '2018-03-11T20:26:55.152Z'
System info: host: 'LAURAANDRADE', ip: '172.16.8.198', os.name: 'Windows 10', os.arch: 'amd64', os.version: '10.0', java.version: '15.0.2'
Driver info: driver.version: unknown
at org.openqa.selenium.support.ui.Select.selectByValue(Select.java:209)
at pages.PageAgregarPropiedadesAdicionales.agregarItem(PageAgregarPropiedadesAdicionales.java:28)
at test.Test_FacturaExportacion.Script_0090(Test_FacturaExportacion.java:239)
... Removed 25 stack frames]]>
    </failure>
  </testcase> <!-- Script_0090 -->
  <testcase classname="test.Test_FacturaExportacion" name="Script_0087" time="87.287">
    <failure type="org.openqa.selenium.NoSuchElementException" message="Cannot locate option with value: 52
For documentation on this error, please visit: http://seleniumhq.org/exceptions/no_such_element.html
Build info: version: &amp;apos;3.11.0&amp;apos;, revision: &amp;apos;e59cfb3&amp;apos;, time: &amp;apos;2018-03-11T20:26:55.152Z&amp;apos;
System info: host: &amp;apos;LAURAANDRADE&amp;apos;, ip: &amp;apos;172.16.8.198&amp;apos;, os.name: &amp;apos;Windows 10&amp;apos;, os.arch: &amp;apos;amd64&amp;apos;, os.version: &amp;apos;10.0&amp;apos;, java.version: &amp;apos;15.0.2&amp;apos;
Driver info: driver.version: unknown">
      <![CDATA[org.openqa.selenium.NoSuchElementException: Cannot locate option with value: 52
For documentation on this error, please visit: http://seleniumhq.org/exceptions/no_such_element.html
Build info: version: '3.11.0', revision: 'e59cfb3', time: '2018-03-11T20:26:55.152Z'
System info: host: 'LAURAANDRADE', ip: '172.16.8.198', os.name: 'Windows 10', os.arch: 'amd64', os.version: '10.0', java.version: '15.0.2'
Driver info: driver.version: unknown
at org.openqa.selenium.support.ui.Select.selectByValue(Select.java:209)
at pages.PageAgregarPropiedadesAdicionales.agregarItem(PageAgregarPropiedadesAdicionales.java:28)
at test.Test_FacturaExportacion.Script_0087(Test_FacturaExportacion.java:134)
... Removed 25 stack frames]]>
    </failure>
  </testcase> <!-- Script_0087 -->
  <testcase classname="test.Test_FacturaExportacion" name="Script_0093" time="0.0">
    <ignored/>
  </testcase> <!-- Script_0093 -->
  <testcase classname="test.Test_FacturaExportacion" name="Script_0092" time="0.0">
    <ignored/>
  </testcase> <!-- Script_0092 -->
  <testcase classname="test.Test_FacturaExportacion" name="Script_0088" time="0.0">
    <ignored/>
  </testcase> <!-- Script_0088 -->
  <testcase classname="test.Test_FacturaExportacion" name="Script_0089" time="0.0">
    <ignored/>
  </testcase> <!-- Script_0089 -->
  <testcase classname="test.Test_FacturaExportacion" name="Script_0091" time="0.0">
    <ignored/>
  </testcase> <!-- Script_0091 -->
  <testcase classname="test.Test_FacturaExportacion" name="Script_0086" time="0.0">
    <ignored/>
  </testcase> <!-- Script_0086 -->
  <testcase classname="test.Test_FacturaExportacion" name="Script_0085" time="0.0">
    <ignored/>
  </testcase> <!-- Script_0085 -->
</testsuite> <!-- Default test(failed) -->
