<?xml version="1.0" encoding="UTF-8"?>
<testng-results ignored="0" total="104" passed="84" failed="19" skipped="1">
  <reporter-output>
  </reporter-output>
  <suite started-at="2021-07-01T15:40:09Z" name="Default suite" finished-at="2021-07-01T20:06:31Z" duration-ms="15982597">
    <groups>
    </groups>
    <test started-at="2021-07-01T15:40:09Z" name="Default test" finished-at="2021-07-01T20:06:31Z" duration-ms="15982597">
      <class name="test.Test_FacturaExportacion">
        <test-method is-config="true" signature="setUp()[pri:0, instance:test.Test_FacturaExportacion@61c4eee0]" started-at="2021-07-01T15:40:09Z" name="setUp" finished-at="2021-07-01T15:40:15Z" duration-ms="6815" status="PASS">
          <reporter-output>
          </reporter-output>
        </test-method> <!-- setUp -->
        <test-method signature="Script_0085()[pri:0, instance:test.Test_FacturaExportacion@61c4eee0]" started-at="2021-07-01T15:40:15Z" name="Script_0085" finished-at="2021-07-01T15:42:00Z" duration-ms="104578" status="PASS">
          <reporter-output>
          </reporter-output>
        </test-method> <!-- Script_0085 -->
        <test-method is-config="true" signature="FinEjecucion()[pri:0, instance:test.Test_FacturaExportacion@61c4eee0]" started-at="2021-07-01T15:42:00Z" name="FinEjecucion" finished-at="2021-07-01T15:42:00Z" duration-ms="167" status="PASS">
          <reporter-output>
          </reporter-output>
        </test-method> <!-- FinEjecucion -->
        <test-method is-config="true" signature="setUp()[pri:0, instance:test.Test_FacturaExportacion@61c4eee0]" started-at="2021-07-01T15:42:00Z" name="setUp" finished-at="2021-07-01T15:42:06Z" duration-ms="6028" status="PASS">
          <reporter-output>
          </reporter-output>
        </test-method> <!-- setUp -->
        <test-method signature="Script_0086()[pri:0, instance:test.Test_FacturaExportacion@61c4eee0]" started-at="2021-07-01T15:42:06Z" name="Script_0086" finished-at="2021-07-01T15:43:53Z" duration-ms="107113" status="PASS">
          <reporter-output>
          </reporter-output>
        </test-method> <!-- Script_0086 -->
        <test-method is-config="true" signature="FinEjecucion()[pri:0, instance:test.Test_FacturaExportacion@61c4eee0]" started-at="2021-07-01T15:43:53Z" name="FinEjecucion" finished-at="2021-07-01T15:43:53Z" duration-ms="164" status="PASS">
          <reporter-output>
          </reporter-output>
        </test-method> <!-- FinEjecucion -->
        <test-method is-config="true" signature="setUp()[pri:0, instance:test.Test_FacturaExportacion@61c4eee0]" started-at="2021-07-01T15:43:53Z" name="setUp" finished-at="2021-07-01T15:43:59Z" duration-ms="5976" status="PASS">
          <reporter-output>
          </reporter-output>
        </test-method> <!-- setUp -->
        <test-method signature="Script_0087()[pri:0, instance:test.Test_FacturaExportacion@61c4eee0]" started-at="2021-07-01T15:43:59Z" name="Script_0087" finished-at="2021-07-01T15:45:27Z" duration-ms="87254" status="FAIL">
          <exception class="org.openqa.selenium.NoSuchElementException">
            <message>
              <![CDATA[Cannot locate option with value: 52
For documentation on this error, please visit: http://seleniumhq.org/exceptions/no_such_element.html
Build info: version: '3.11.0', revision: 'e59cfb3', time: '2018-03-11T20:26:55.152Z'
System info: host: 'LAURAANDRADE', ip: '172.16.8.156', os.name: 'Windows 10', os.arch: 'amd64', os.version: '10.0', java.version: '15.0.2'
Driver info: driver.version: unknown]]>
            </message>
            <full-stacktrace>
              <![CDATA[org.openqa.selenium.NoSuchElementException: Cannot locate option with value: 52
For documentation on this error, please visit: http://seleniumhq.org/exceptions/no_such_element.html
Build info: version: '3.11.0', revision: 'e59cfb3', time: '2018-03-11T20:26:55.152Z'
System info: host: 'LAURAANDRADE', ip: '172.16.8.156', os.name: 'Windows 10', os.arch: 'amd64', os.version: '10.0', java.version: '15.0.2'
Driver info: driver.version: unknown
at org.openqa.selenium.support.ui.Select.selectByValue(Select.java:209)
at pages.PageAgregarPropiedadesAdicionales.agregarItem(PageAgregarPropiedadesAdicionales.java:28)
at test.Test_FacturaExportacion.Script_0087(Test_FacturaExportacion.java:134)
at java.base/jdk.internal.reflect.NativeMethodAccessorImpl.invoke0(Native Method)
at java.base/jdk.internal.reflect.NativeMethodAccessorImpl.invoke(NativeMethodAccessorImpl.java:64)
at java.base/jdk.internal.reflect.DelegatingMethodAccessorImpl.invoke(DelegatingMethodAccessorImpl.java:43)
at java.base/java.lang.reflect.Method.invoke(Method.java:564)
at org.testng.internal.MethodInvocationHelper.invokeMethod(MethodInvocationHelper.java:124)
at org.testng.internal.Invoker.invokeMethod(Invoker.java:580)
at org.testng.internal.Invoker.invokeTestMethod(Invoker.java:716)
at org.testng.internal.Invoker.invokeTestMethods(Invoker.java:988)
at org.testng.internal.TestMethodWorker.invokeTestMethods(TestMethodWorker.java:125)
at org.testng.internal.TestMethodWorker.run(TestMethodWorker.java:109)
at org.testng.TestRunner.privateRun(TestRunner.java:648)
at org.testng.TestRunner.run(TestRunner.java:505)
at org.testng.SuiteRunner.runTest(SuiteRunner.java:455)
at org.testng.SuiteRunner.runSequentially(SuiteRunner.java:450)
at org.testng.SuiteRunner.privateRun(SuiteRunner.java:415)
at org.testng.SuiteRunner.run(SuiteRunner.java:364)
at org.testng.SuiteRunnerWorker.runSuite(SuiteRunnerWorker.java:52)
at org.testng.SuiteRunnerWorker.run(SuiteRunnerWorker.java:84)
at org.testng.TestNG.runSuitesSequentially(TestNG.java:1208)
at org.testng.TestNG.runSuitesLocally(TestNG.java:1137)
at org.testng.TestNG.runSuites(TestNG.java:1049)
at org.testng.TestNG.run(TestNG.java:1017)
at org.testng.remote.AbstractRemoteTestNG.run(AbstractRemoteTestNG.java:115)
at org.testng.remote.RemoteTestNG.initAndRun(RemoteTestNG.java:251)
at org.testng.remote.RemoteTestNG.main(RemoteTestNG.java:77)
]]>
            </full-stacktrace>
          </exception> <!-- org.openqa.selenium.NoSuchElementException -->
          <reporter-output>
          </reporter-output>
        </test-method> <!-- Script_0087 -->
        <test-method is-config="true" signature="FinEjecucion()[pri:0, instance:test.Test_FacturaExportacion@61c4eee0]" started-at="2021-07-01T15:45:27Z" name="FinEjecucion" finished-at="2021-07-01T15:45:27Z" duration-ms="375" status="PASS">
          <reporter-output>
          </reporter-output>
        </test-method> <!-- FinEjecucion -->
        <test-method is-config="true" signature="setUp()[pri:0, instance:test.Test_FacturaExportacion@61c4eee0]" started-at="2021-07-01T15:45:27Z" name="setUp" finished-at="2021-07-01T15:45:33Z" duration-ms="6073" status="PASS">
          <reporter-output>
          </reporter-output>
        </test-method> <!-- setUp -->
        <test-method signature="Script_0088()[pri:0, instance:test.Test_FacturaExportacion@61c4eee0]" started-at="2021-07-01T15:45:33Z" name="Script_0088" finished-at="2021-07-01T15:47:21Z" duration-ms="108230" status="PASS">
          <reporter-output>
          </reporter-output>
        </test-method> <!-- Script_0088 -->
        <test-method is-config="true" signature="FinEjecucion()[pri:0, instance:test.Test_FacturaExportacion@61c4eee0]" started-at="2021-07-01T15:47:21Z" name="FinEjecucion" finished-at="2021-07-01T15:47:22Z" duration-ms="306" status="PASS">
          <reporter-output>
          </reporter-output>
        </test-method> <!-- FinEjecucion -->
        <test-method is-config="true" signature="setUp()[pri:0, instance:test.Test_FacturaExportacion@61c4eee0]" started-at="2021-07-01T15:47:22Z" name="setUp" finished-at="2021-07-01T15:47:27Z" duration-ms="5559" status="PASS">
          <reporter-output>
          </reporter-output>
        </test-method> <!-- setUp -->
        <test-method signature="Script_0089()[pri:0, instance:test.Test_FacturaExportacion@61c4eee0]" started-at="2021-07-01T15:47:27Z" name="Script_0089" finished-at="2021-07-01T15:49:24Z" duration-ms="116591" status="PASS">
          <reporter-output>
          </reporter-output>
        </test-method> <!-- Script_0089 -->
        <test-method is-config="true" signature="FinEjecucion()[pri:0, instance:test.Test_FacturaExportacion@61c4eee0]" started-at="2021-07-01T15:49:24Z" name="FinEjecucion" finished-at="2021-07-01T15:49:24Z" duration-ms="252" status="PASS">
          <reporter-output>
          </reporter-output>
        </test-method> <!-- FinEjecucion -->
        <test-method is-config="true" signature="setUp()[pri:0, instance:test.Test_FacturaExportacion@61c4eee0]" started-at="2021-07-01T15:49:24Z" name="setUp" finished-at="2021-07-01T15:49:31Z" duration-ms="6598" status="PASS">
          <reporter-output>
          </reporter-output>
        </test-method> <!-- setUp -->
        <test-method signature="Script_0090()[pri:0, instance:test.Test_FacturaExportacion@61c4eee0]" started-at="2021-07-01T15:49:31Z" name="Script_0090" finished-at="2021-07-01T15:51:13Z" duration-ms="102632" status="FAIL">
          <exception class="org.openqa.selenium.NoSuchElementException">
            <message>
              <![CDATA[Cannot locate option with value: 52
For documentation on this error, please visit: http://seleniumhq.org/exceptions/no_such_element.html
Build info: version: '3.11.0', revision: 'e59cfb3', time: '2018-03-11T20:26:55.152Z'
System info: host: 'LAURAANDRADE', ip: '172.16.8.156', os.name: 'Windows 10', os.arch: 'amd64', os.version: '10.0', java.version: '15.0.2'
Driver info: driver.version: unknown]]>
            </message>
            <full-stacktrace>
              <![CDATA[org.openqa.selenium.NoSuchElementException: Cannot locate option with value: 52
For documentation on this error, please visit: http://seleniumhq.org/exceptions/no_such_element.html
Build info: version: '3.11.0', revision: 'e59cfb3', time: '2018-03-11T20:26:55.152Z'
System info: host: 'LAURAANDRADE', ip: '172.16.8.156', os.name: 'Windows 10', os.arch: 'amd64', os.version: '10.0', java.version: '15.0.2'
Driver info: driver.version: unknown
at org.openqa.selenium.support.ui.Select.selectByValue(Select.java:209)
at pages.PageAgregarPropiedadesAdicionales.agregarItem(PageAgregarPropiedadesAdicionales.java:28)
at test.Test_FacturaExportacion.Script_0090(Test_FacturaExportacion.java:239)
at java.base/jdk.internal.reflect.NativeMethodAccessorImpl.invoke0(Native Method)
at java.base/jdk.internal.reflect.NativeMethodAccessorImpl.invoke(NativeMethodAccessorImpl.java:64)
at java.base/jdk.internal.reflect.DelegatingMethodAccessorImpl.invoke(DelegatingMethodAccessorImpl.java:43)
at java.base/java.lang.reflect.Method.invoke(Method.java:564)
at org.testng.internal.MethodInvocationHelper.invokeMethod(MethodInvocationHelper.java:124)
at org.testng.internal.Invoker.invokeMethod(Invoker.java:580)
at org.testng.internal.Invoker.invokeTestMethod(Invoker.java:716)
at org.testng.internal.Invoker.invokeTestMethods(Invoker.java:988)
at org.testng.internal.TestMethodWorker.invokeTestMethods(TestMethodWorker.java:125)
at org.testng.internal.TestMethodWorker.run(TestMethodWorker.java:109)
at org.testng.TestRunner.privateRun(TestRunner.java:648)
at org.testng.TestRunner.run(TestRunner.java:505)
at org.testng.SuiteRunner.runTest(SuiteRunner.java:455)
at org.testng.SuiteRunner.runSequentially(SuiteRunner.java:450)
at org.testng.SuiteRunner.privateRun(SuiteRunner.java:415)
at org.testng.SuiteRunner.run(SuiteRunner.java:364)
at org.testng.SuiteRunnerWorker.runSuite(SuiteRunnerWorker.java:52)
at org.testng.SuiteRunnerWorker.run(SuiteRunnerWorker.java:84)
at org.testng.TestNG.runSuitesSequentially(TestNG.java:1208)
at org.testng.TestNG.runSuitesLocally(TestNG.java:1137)
at org.testng.TestNG.runSuites(TestNG.java:1049)
at org.testng.TestNG.run(TestNG.java:1017)
at org.testng.remote.AbstractRemoteTestNG.run(AbstractRemoteTestNG.java:115)
at org.testng.remote.RemoteTestNG.initAndRun(RemoteTestNG.java:251)
at org.testng.remote.RemoteTestNG.main(RemoteTestNG.java:77)
]]>
            </full-stacktrace>
          </exception> <!-- org.openqa.selenium.NoSuchElementException -->
          <reporter-output>
          </reporter-output>
        </test-method> <!-- Script_0090 -->
        <test-method is-config="true" signature="FinEjecucion()[pri:0, instance:test.Test_FacturaExportacion@61c4eee0]" started-at="2021-07-01T15:51:13Z" name="FinEjecucion" finished-at="2021-07-01T15:51:13Z" duration-ms="120" status="PASS">
          <reporter-output>
          </reporter-output>
        </test-method> <!-- FinEjecucion -->
        <test-method is-config="true" signature="setUp()[pri:0, instance:test.Test_FacturaExportacion@61c4eee0]" started-at="2021-07-01T15:51:13Z" name="setUp" finished-at="2021-07-01T15:51:21Z" duration-ms="7204" status="PASS">
          <reporter-output>
          </reporter-output>
        </test-method> <!-- setUp -->
        <test-method signature="Script_0091()[pri:0, instance:test.Test_FacturaExportacion@61c4eee0]" started-at="2021-07-01T15:51:21Z" name="Script_0091" finished-at="2021-07-01T15:53:20Z" duration-ms="119852" status="PASS">
          <reporter-output>
          </reporter-output>
        </test-method> <!-- Script_0091 -->
        <test-method is-config="true" signature="FinEjecucion()[pri:0, instance:test.Test_FacturaExportacion@61c4eee0]" started-at="2021-07-01T15:53:20Z" name="FinEjecucion" finished-at="2021-07-01T15:53:21Z" duration-ms="120" status="PASS">
          <reporter-output>
          </reporter-output>
        </test-method> <!-- FinEjecucion -->
        <test-method is-config="true" signature="setUp()[pri:0, instance:test.Test_FacturaExportacion@61c4eee0]" started-at="2021-07-01T15:53:21Z" name="setUp" finished-at="2021-07-01T15:53:28Z" duration-ms="7623" status="PASS">
          <reporter-output>
          </reporter-output>
        </test-method> <!-- setUp -->
        <test-method signature="Script_0092()[pri:0, instance:test.Test_FacturaExportacion@61c4eee0]" started-at="2021-07-01T15:53:28Z" name="Script_0092" finished-at="2021-07-01T15:55:25Z" duration-ms="117101" status="PASS">
          <reporter-output>
          </reporter-output>
        </test-method> <!-- Script_0092 -->
        <test-method is-config="true" signature="FinEjecucion()[pri:0, instance:test.Test_FacturaExportacion@61c4eee0]" started-at="2021-07-01T15:55:25Z" name="FinEjecucion" finished-at="2021-07-01T15:55:25Z" duration-ms="148" status="PASS">
          <reporter-output>
          </reporter-output>
        </test-method> <!-- FinEjecucion -->
        <test-method is-config="true" signature="setUp()[pri:0, instance:test.Test_FacturaExportacion@61c4eee0]" started-at="2021-07-01T15:55:25Z" name="setUp" finished-at="2021-07-01T15:55:33Z" duration-ms="7415" status="PASS">
          <reporter-output>
          </reporter-output>
        </test-method> <!-- setUp -->
        <test-method signature="Script_0093()[pri:0, instance:test.Test_FacturaExportacion@61c4eee0]" started-at="2021-07-01T15:55:33Z" name="Script_0093" finished-at="2021-07-01T15:57:20Z" duration-ms="107323" status="PASS">
          <reporter-output>
          </reporter-output>
        </test-method> <!-- Script_0093 -->
        <test-method is-config="true" signature="FinEjecucion()[pri:0, instance:test.Test_FacturaExportacion@61c4eee0]" started-at="2021-07-01T15:57:20Z" name="FinEjecucion" finished-at="2021-07-01T15:57:20Z" duration-ms="237" status="PASS">
          <reporter-output>
          </reporter-output>
        </test-method> <!-- FinEjecucion -->
      </class> <!-- test.Test_FacturaExportacion -->
      <class name="test.Test_BoletaDescuentoGlobalAfecta">
        <test-method is-config="true" signature="setUp()[pri:0, instance:test.Test_BoletaDescuentoGlobalAfecta@6f10d5b6]" started-at="2021-07-01T15:57:20Z" name="setUp" finished-at="2021-07-01T15:57:28Z" duration-ms="7299" status="PASS">
          <reporter-output>
          </reporter-output>
        </test-method> <!-- setUp -->
        <test-method signature="Script_0100()[pri:0, instance:test.Test_BoletaDescuentoGlobalAfecta@6f10d5b6]" started-at="2021-07-01T15:57:28Z" name="Script_0100" finished-at="2021-07-01T15:59:56Z" duration-ms="148317" status="PASS">
          <reporter-output>
          </reporter-output>
        </test-method> <!-- Script_0100 -->
        <test-method is-config="true" signature="FinEjecucion()[pri:0, instance:test.Test_BoletaDescuentoGlobalAfecta@6f10d5b6]" started-at="2021-07-01T15:59:56Z" name="FinEjecucion" finished-at="2021-07-01T15:59:56Z" duration-ms="270" status="PASS">
          <reporter-output>
          </reporter-output>
        </test-method> <!-- FinEjecucion -->
        <test-method is-config="true" signature="setUp()[pri:0, instance:test.Test_BoletaDescuentoGlobalAfecta@6f10d5b6]" started-at="2021-07-01T15:59:56Z" name="setUp" finished-at="2021-07-01T16:00:03Z" duration-ms="7032" status="PASS">
          <reporter-output>
          </reporter-output>
        </test-method> <!-- setUp -->
        <test-method signature="Script_0101()[pri:0, instance:test.Test_BoletaDescuentoGlobalAfecta@6f10d5b6]" started-at="2021-07-01T16:00:03Z" name="Script_0101" finished-at="2021-07-01T16:02:59Z" duration-ms="175236" status="PASS">
          <reporter-output>
          </reporter-output>
        </test-method> <!-- Script_0101 -->
        <test-method is-config="true" signature="FinEjecucion()[pri:0, instance:test.Test_BoletaDescuentoGlobalAfecta@6f10d5b6]" started-at="2021-07-01T16:02:59Z" name="FinEjecucion" finished-at="2021-07-01T16:02:59Z" duration-ms="292" status="PASS">
          <reporter-output>
          </reporter-output>
        </test-method> <!-- FinEjecucion -->
        <test-method is-config="true" signature="setUp()[pri:0, instance:test.Test_BoletaDescuentoGlobalAfecta@6f10d5b6]" started-at="2021-07-01T16:02:59Z" name="setUp" finished-at="2021-07-01T16:03:04Z" duration-ms="5563" status="PASS">
          <reporter-output>
          </reporter-output>
        </test-method> <!-- setUp -->
        <test-method signature="Script_0102()[pri:0, instance:test.Test_BoletaDescuentoGlobalAfecta@6f10d5b6]" started-at="2021-07-01T16:03:04Z" name="Script_0102" finished-at="2021-07-01T16:07:59Z" duration-ms="294977" status="FAIL">
          <exception class="org.openqa.selenium.NoSuchElementException">
            <message>
              <![CDATA[no such element: Unable to locate element: {"method":"css selector","selector":"*[name='razon_social']"}
  (Session info: chrome=91.0.4472.124)
For documentation on this error, please visit: http://seleniumhq.org/exceptions/no_such_element.html
Build info: version: '3.11.0', revision: 'e59cfb3', time: '2018-03-11T20:26:55.152Z'
System info: host: 'LAURAANDRADE', ip: '172.16.8.156', os.name: 'Windows 10', os.arch: 'amd64', os.version: '10.0', java.version: '15.0.2'
Driver info: org.openqa.selenium.chrome.ChromeDriver
Capabilities {acceptInsecureCerts: false, browserName: chrome, browserVersion: 91.0.4472.124, chrome: {chromedriverVersion: 90.0.4430.24 (4c6d850f087da..., userDataDir: C:\Users\LAURAA~1\AppData\L...}, goog:chromeOptions: {debuggerAddress: localhost:60704}, javascriptEnabled: true, networkConnectionEnabled: false, pageLoadStrategy: normal, platform: WINDOWS, platformName: WINDOWS, proxy: Proxy(), setWindowRect: true, strictFileInteractability: false, timeouts: {implicit: 0, pageLoad: 300000, script: 30000}, unhandledPromptBehavior: dismiss and notify, webauthn:extension:largeBlob: true, webauthn:virtualAuthenticators: true}
Session ID: fc035ebdae89ee7d9101579e597c49ac
*** Element info: {Using=name, value=razon_social}]]>
            </message>
            <full-stacktrace>
              <![CDATA[org.openqa.selenium.NoSuchElementException: no such element: Unable to locate element: {"method":"css selector","selector":"*[name='razon_social']"}
  (Session info: chrome=91.0.4472.124)
For documentation on this error, please visit: http://seleniumhq.org/exceptions/no_such_element.html
Build info: version: '3.11.0', revision: 'e59cfb3', time: '2018-03-11T20:26:55.152Z'
System info: host: 'LAURAANDRADE', ip: '172.16.8.156', os.name: 'Windows 10', os.arch: 'amd64', os.version: '10.0', java.version: '15.0.2'
Driver info: org.openqa.selenium.chrome.ChromeDriver
Capabilities {acceptInsecureCerts: false, browserName: chrome, browserVersion: 91.0.4472.124, chrome: {chromedriverVersion: 90.0.4430.24 (4c6d850f087da..., userDataDir: C:\Users\LAURAA~1\AppData\L...}, goog:chromeOptions: {debuggerAddress: localhost:60704}, javascriptEnabled: true, networkConnectionEnabled: false, pageLoadStrategy: normal, platform: WINDOWS, platformName: WINDOWS, proxy: Proxy(), setWindowRect: true, strictFileInteractability: false, timeouts: {implicit: 0, pageLoad: 300000, script: 30000}, unhandledPromptBehavior: dismiss and notify, webauthn:extension:largeBlob: true, webauthn:virtualAuthenticators: true}
Session ID: fc035ebdae89ee7d9101579e597c49ac
*** Element info: {Using=name, value=razon_social}
at jdk.internal.reflect.GeneratedConstructorAccessor101.newInstance(Unknown Source)
at java.base/jdk.internal.reflect.DelegatingConstructorAccessorImpl.newInstance(DelegatingConstructorAccessorImpl.java:45)
at java.base/java.lang.reflect.Constructor.newInstanceWithCaller(Constructor.java:500)
at java.base/java.lang.reflect.Constructor.newInstance(Constructor.java:481)
at org.openqa.selenium.remote.http.W3CHttpResponseCodec.createException(W3CHttpResponseCodec.java:187)
at org.openqa.selenium.remote.http.W3CHttpResponseCodec.decode(W3CHttpResponseCodec.java:122)
at org.openqa.selenium.remote.http.W3CHttpResponseCodec.decode(W3CHttpResponseCodec.java:49)
at org.openqa.selenium.remote.HttpCommandExecutor.execute(HttpCommandExecutor.java:158)
at org.openqa.selenium.remote.service.DriverCommandExecutor.execute(DriverCommandExecutor.java:83)
at org.openqa.selenium.remote.RemoteWebDriver.execute(RemoteWebDriver.java:545)
at org.openqa.selenium.remote.RemoteWebDriver.findElement(RemoteWebDriver.java:319)
at org.openqa.selenium.remote.RemoteWebDriver.findElementByName(RemoteWebDriver.java:397)
at org.openqa.selenium.By$ByName.findElement(By.java:303)
at org.openqa.selenium.remote.RemoteWebDriver.findElement(RemoteWebDriver.java:311)
at pages.PageReceptor.datosReceptor(PageReceptor.java:59)
at test.Test_BoletaDescuentoGlobalAfecta.Script_0102(Test_BoletaDescuentoGlobalAfecta.java:140)
at java.base/jdk.internal.reflect.NativeMethodAccessorImpl.invoke0(Native Method)
at java.base/jdk.internal.reflect.NativeMethodAccessorImpl.invoke(NativeMethodAccessorImpl.java:64)
at java.base/jdk.internal.reflect.DelegatingMethodAccessorImpl.invoke(DelegatingMethodAccessorImpl.java:43)
at java.base/java.lang.reflect.Method.invoke(Method.java:564)
at org.testng.internal.MethodInvocationHelper.invokeMethod(MethodInvocationHelper.java:124)
at org.testng.internal.Invoker.invokeMethod(Invoker.java:580)
at org.testng.internal.Invoker.invokeTestMethod(Invoker.java:716)
at org.testng.internal.Invoker.invokeTestMethods(Invoker.java:988)
at org.testng.internal.TestMethodWorker.invokeTestMethods(TestMethodWorker.java:125)
at org.testng.internal.TestMethodWorker.run(TestMethodWorker.java:109)
at org.testng.TestRunner.privateRun(TestRunner.java:648)
at org.testng.TestRunner.run(TestRunner.java:505)
at org.testng.SuiteRunner.runTest(SuiteRunner.java:455)
at org.testng.SuiteRunner.runSequentially(SuiteRunner.java:450)
at org.testng.SuiteRunner.privateRun(SuiteRunner.java:415)
at org.testng.SuiteRunner.run(SuiteRunner.java:364)
at org.testng.SuiteRunnerWorker.runSuite(SuiteRunnerWorker.java:52)
at org.testng.SuiteRunnerWorker.run(SuiteRunnerWorker.java:84)
at org.testng.TestNG.runSuitesSequentially(TestNG.java:1208)
at org.testng.TestNG.runSuitesLocally(TestNG.java:1137)
at org.testng.TestNG.runSuites(TestNG.java:1049)
at org.testng.TestNG.run(TestNG.java:1017)
at org.testng.remote.AbstractRemoteTestNG.run(AbstractRemoteTestNG.java:115)
at org.testng.remote.RemoteTestNG.initAndRun(RemoteTestNG.java:251)
at org.testng.remote.RemoteTestNG.main(RemoteTestNG.java:77)
]]>
            </full-stacktrace>
          </exception> <!-- org.openqa.selenium.NoSuchElementException -->
          <reporter-output>
          </reporter-output>
        </test-method> <!-- Script_0102 -->
        <test-method is-config="true" signature="FinEjecucion()[pri:0, instance:test.Test_BoletaDescuentoGlobalAfecta@6f10d5b6]" started-at="2021-07-01T16:07:59Z" name="FinEjecucion" finished-at="2021-07-01T16:08:00Z" duration-ms="150" status="PASS">
          <reporter-output>
          </reporter-output>
        </test-method> <!-- FinEjecucion -->
        <test-method is-config="true" signature="setUp()[pri:0, instance:test.Test_BoletaDescuentoGlobalAfecta@6f10d5b6]" started-at="2021-07-01T16:08:00Z" name="setUp" finished-at="2021-07-01T16:08:05Z" duration-ms="5509" status="PASS">
          <reporter-output>
          </reporter-output>
        </test-method> <!-- setUp -->
        <test-method signature="Script_0103()[pri:0, instance:test.Test_BoletaDescuentoGlobalAfecta@6f10d5b6]" started-at="2021-07-01T16:08:05Z" name="Script_0103" finished-at="2021-07-01T16:10:59Z" duration-ms="174268" status="PASS">
          <reporter-output>
          </reporter-output>
        </test-method> <!-- Script_0103 -->
        <test-method is-config="true" signature="FinEjecucion()[pri:0, instance:test.Test_BoletaDescuentoGlobalAfecta@6f10d5b6]" started-at="2021-07-01T16:10:59Z" name="FinEjecucion" finished-at="2021-07-01T16:11:00Z" duration-ms="205" status="PASS">
          <reporter-output>
          </reporter-output>
        </test-method> <!-- FinEjecucion -->
      </class> <!-- test.Test_BoletaDescuentoGlobalAfecta -->
      <class name="test.Test_NotaCreditoExportacion">
        <test-method is-config="true" signature="setUp()[pri:0, instance:test.Test_NotaCreditoExportacion@1040be71]" started-at="2021-07-01T16:11:00Z" name="setUp" finished-at="2021-07-01T16:11:05Z" duration-ms="5285" status="PASS">
          <reporter-output>
          </reporter-output>
        </test-method> <!-- setUp -->
        <test-method signature="Script_0094()[pri:0, instance:test.Test_NotaCreditoExportacion@1040be71]" started-at="2021-07-01T16:11:05Z" name="Script_0094" finished-at="2021-07-01T16:12:54Z" duration-ms="109236" status="PASS">
          <reporter-output>
          </reporter-output>
        </test-method> <!-- Script_0094 -->
        <test-method is-config="true" signature="FinEjecucion()[pri:0, instance:test.Test_NotaCreditoExportacion@1040be71]" started-at="2021-07-01T16:12:54Z" name="FinEjecucion" finished-at="2021-07-01T16:12:54Z" duration-ms="189" status="PASS">
          <reporter-output>
          </reporter-output>
        </test-method> <!-- FinEjecucion -->
      </class> <!-- test.Test_NotaCreditoExportacion -->
      <class name="test.Tests_FacturaAfectaInafecta">
        <test-method is-config="true" signature="setUp()[pri:0, instance:test.Tests_FacturaAfectaInafecta@548a24a]" started-at="2021-07-01T16:12:54Z" name="setUp" finished-at="2021-07-01T16:13:01Z" duration-ms="6452" status="PASS">
          <reporter-output>
          </reporter-output>
        </test-method> <!-- setUp -->
        <test-method signature="Script_0023()[pri:0, instance:test.Tests_FacturaAfectaInafecta@548a24a]" started-at="2021-07-01T16:13:01Z" name="Script_0023" finished-at="2021-07-01T16:15:28Z" duration-ms="147123" status="PASS">
          <reporter-output>
          </reporter-output>
        </test-method> <!-- Script_0023 -->
        <test-method is-config="true" signature="FinEjecucion()[pri:0, instance:test.Tests_FacturaAfectaInafecta@548a24a]" started-at="2021-07-01T16:15:28Z" name="FinEjecucion" finished-at="2021-07-01T16:15:28Z" duration-ms="168" status="PASS">
          <reporter-output>
          </reporter-output>
        </test-method> <!-- FinEjecucion -->
        <test-method is-config="true" signature="setUp()[pri:0, instance:test.Tests_FacturaAfectaInafecta@548a24a]" started-at="2021-07-01T16:15:28Z" name="setUp" finished-at="2021-07-01T16:15:35Z" duration-ms="6778" status="PASS">
          <reporter-output>
          </reporter-output>
        </test-method> <!-- setUp -->
        <test-method signature="Script_0024()[pri:0, instance:test.Tests_FacturaAfectaInafecta@548a24a]" started-at="2021-07-01T16:15:35Z" name="Script_0024" finished-at="2021-07-01T16:18:05Z" duration-ms="150411" status="FAIL">
          <exception class="java.lang.NullPointerException">
            <message>
              <![CDATA[Cannot invoke "org.openqa.selenium.WebElement.getText()" because the return value of "org.openqa.selenium.WebDriver.findElement(org.openqa.selenium.By)" is null]]>
            </message>
            <full-stacktrace>
              <![CDATA[java.lang.NullPointerException: Cannot invoke "org.openqa.selenium.WebElement.getText()" because the return value of "org.openqa.selenium.WebDriver.findElement(org.openqa.selenium.By)" is null
at pages.PageFooter.clickEnviaraSunat(PageFooter.java:61)
at test.Tests_FacturaAfectaInafecta.Script_0024(Tests_FacturaAfectaInafecta.java:106)
at java.base/jdk.internal.reflect.NativeMethodAccessorImpl.invoke0(Native Method)
at java.base/jdk.internal.reflect.NativeMethodAccessorImpl.invoke(NativeMethodAccessorImpl.java:64)
at java.base/jdk.internal.reflect.DelegatingMethodAccessorImpl.invoke(DelegatingMethodAccessorImpl.java:43)
at java.base/java.lang.reflect.Method.invoke(Method.java:564)
at org.testng.internal.MethodInvocationHelper.invokeMethod(MethodInvocationHelper.java:124)
at org.testng.internal.Invoker.invokeMethod(Invoker.java:580)
at org.testng.internal.Invoker.invokeTestMethod(Invoker.java:716)
at org.testng.internal.Invoker.invokeTestMethods(Invoker.java:988)
at org.testng.internal.TestMethodWorker.invokeTestMethods(TestMethodWorker.java:125)
at org.testng.internal.TestMethodWorker.run(TestMethodWorker.java:109)
at org.testng.TestRunner.privateRun(TestRunner.java:648)
at org.testng.TestRunner.run(TestRunner.java:505)
at org.testng.SuiteRunner.runTest(SuiteRunner.java:455)
at org.testng.SuiteRunner.runSequentially(SuiteRunner.java:450)
at org.testng.SuiteRunner.privateRun(SuiteRunner.java:415)
at org.testng.SuiteRunner.run(SuiteRunner.java:364)
at org.testng.SuiteRunnerWorker.runSuite(SuiteRunnerWorker.java:52)
at org.testng.SuiteRunnerWorker.run(SuiteRunnerWorker.java:84)
at org.testng.TestNG.runSuitesSequentially(TestNG.java:1208)
at org.testng.TestNG.runSuitesLocally(TestNG.java:1137)
at org.testng.TestNG.runSuites(TestNG.java:1049)
at org.testng.TestNG.run(TestNG.java:1017)
at org.testng.remote.AbstractRemoteTestNG.run(AbstractRemoteTestNG.java:115)
at org.testng.remote.RemoteTestNG.initAndRun(RemoteTestNG.java:251)
at org.testng.remote.RemoteTestNG.main(RemoteTestNG.java:77)
]]>
            </full-stacktrace>
          </exception> <!-- java.lang.NullPointerException -->
          <reporter-output>
          </reporter-output>
        </test-method> <!-- Script_0024 -->
        <test-method is-config="true" signature="FinEjecucion()[pri:0, instance:test.Tests_FacturaAfectaInafecta@548a24a]" started-at="2021-07-01T16:18:05Z" name="FinEjecucion" finished-at="2021-07-01T16:18:05Z" duration-ms="5" status="FAIL">
          <exception class="org.openqa.selenium.UnhandledAlertException">
            <message>
              <![CDATA[unexpected alert open: {Alert text : Error al llamar al motor}
  (Session info: chrome=91.0.4472.124): Error al llamar al motor
Build info: version: '3.11.0', revision: 'e59cfb3', time: '2018-03-11T20:26:55.152Z'
System info: host: 'LAURAANDRADE', ip: '172.16.8.156', os.name: 'Windows 10', os.arch: 'amd64', os.version: '10.0', java.version: '15.0.2'
Driver info: org.openqa.selenium.chrome.ChromeDriver
Capabilities {acceptInsecureCerts: false, browserName: chrome, browserVersion: 91.0.4472.124, chrome: {chromedriverVersion: 90.0.4430.24 (4c6d850f087da..., userDataDir: C:\Users\LAURAA~1\AppData\L...}, goog:chromeOptions: {debuggerAddress: localhost:59792}, javascriptEnabled: true, networkConnectionEnabled: false, pageLoadStrategy: normal, platform: WINDOWS, platformName: WINDOWS, proxy: Proxy(), setWindowRect: true, strictFileInteractability: false, timeouts: {implicit: 0, pageLoad: 300000, script: 30000}, unhandledPromptBehavior: dismiss and notify, webauthn:extension:largeBlob: true, webauthn:virtualAuthenticators: true}
Session ID: 29ad74a0a944c2d0a6de7b3d934b844e]]>
            </message>
            <full-stacktrace>
              <![CDATA[org.openqa.selenium.UnhandledAlertException: unexpected alert open: {Alert text : Error al llamar al motor}
  (Session info: chrome=91.0.4472.124): Error al llamar al motor
Build info: version: '3.11.0', revision: 'e59cfb3', time: '2018-03-11T20:26:55.152Z'
System info: host: 'LAURAANDRADE', ip: '172.16.8.156', os.name: 'Windows 10', os.arch: 'amd64', os.version: '10.0', java.version: '15.0.2'
Driver info: org.openqa.selenium.chrome.ChromeDriver
Capabilities {acceptInsecureCerts: false, browserName: chrome, browserVersion: 91.0.4472.124, chrome: {chromedriverVersion: 90.0.4430.24 (4c6d850f087da..., userDataDir: C:\Users\LAURAA~1\AppData\L...}, goog:chromeOptions: {debuggerAddress: localhost:59792}, javascriptEnabled: true, networkConnectionEnabled: false, pageLoadStrategy: normal, platform: WINDOWS, platformName: WINDOWS, proxy: Proxy(), setWindowRect: true, strictFileInteractability: false, timeouts: {implicit: 0, pageLoad: 300000, script: 30000}, unhandledPromptBehavior: dismiss and notify, webauthn:extension:largeBlob: true, webauthn:virtualAuthenticators: true}
Session ID: 29ad74a0a944c2d0a6de7b3d934b844e
at org.openqa.selenium.remote.http.W3CHttpResponseCodec.decode(W3CHttpResponseCodec.java:120)
at org.openqa.selenium.remote.http.W3CHttpResponseCodec.decode(W3CHttpResponseCodec.java:49)
at org.openqa.selenium.remote.HttpCommandExecutor.execute(HttpCommandExecutor.java:158)
at org.openqa.selenium.remote.service.DriverCommandExecutor.execute(DriverCommandExecutor.java:83)
at org.openqa.selenium.remote.RemoteWebDriver.execute(RemoteWebDriver.java:545)
at org.openqa.selenium.remote.RemoteWebDriver.execute(RemoteWebDriver.java:602)
at org.openqa.selenium.remote.RemoteWebDriver.close(RemoteWebDriver.java:435)
at test.Tests_FacturaAfectaInafecta.FinEjecucion(Tests_FacturaAfectaInafecta.java:151)
at java.base/jdk.internal.reflect.NativeMethodAccessorImpl.invoke0(Native Method)
at java.base/jdk.internal.reflect.NativeMethodAccessorImpl.invoke(NativeMethodAccessorImpl.java:64)
at java.base/jdk.internal.reflect.DelegatingMethodAccessorImpl.invoke(DelegatingMethodAccessorImpl.java:43)
at java.base/java.lang.reflect.Method.invoke(Method.java:564)
at org.testng.internal.MethodInvocationHelper.invokeMethod(MethodInvocationHelper.java:124)
at org.testng.internal.MethodInvocationHelper.invokeMethodConsideringTimeout(MethodInvocationHelper.java:59)
at org.testng.internal.Invoker.invokeConfigurationMethod(Invoker.java:455)
at org.testng.internal.Invoker.invokeConfigurations(Invoker.java:222)
at org.testng.internal.Invoker.invokeMethod(Invoker.java:643)
at org.testng.internal.Invoker.invokeTestMethod(Invoker.java:716)
at org.testng.internal.Invoker.invokeTestMethods(Invoker.java:988)
at org.testng.internal.TestMethodWorker.invokeTestMethods(TestMethodWorker.java:125)
at org.testng.internal.TestMethodWorker.run(TestMethodWorker.java:109)
at org.testng.TestRunner.privateRun(TestRunner.java:648)
at org.testng.TestRunner.run(TestRunner.java:505)
at org.testng.SuiteRunner.runTest(SuiteRunner.java:455)
at org.testng.SuiteRunner.runSequentially(SuiteRunner.java:450)
at org.testng.SuiteRunner.privateRun(SuiteRunner.java:415)
at org.testng.SuiteRunner.run(SuiteRunner.java:364)
at org.testng.SuiteRunnerWorker.runSuite(SuiteRunnerWorker.java:52)
at org.testng.SuiteRunnerWorker.run(SuiteRunnerWorker.java:84)
at org.testng.TestNG.runSuitesSequentially(TestNG.java:1208)
at org.testng.TestNG.runSuitesLocally(TestNG.java:1137)
at org.testng.TestNG.runSuites(TestNG.java:1049)
at org.testng.TestNG.run(TestNG.java:1017)
at org.testng.remote.AbstractRemoteTestNG.run(AbstractRemoteTestNG.java:115)
at org.testng.remote.RemoteTestNG.initAndRun(RemoteTestNG.java:251)
at org.testng.remote.RemoteTestNG.main(RemoteTestNG.java:77)
]]>
            </full-stacktrace>
          </exception> <!-- org.openqa.selenium.UnhandledAlertException -->
          <reporter-output>
          </reporter-output>
        </test-method> <!-- FinEjecucion -->
        <test-method is-config="true" signature="setUp()[pri:0, instance:test.Tests_FacturaAfectaInafecta@548a24a]" started-at="2021-07-01T16:18:05Z" name="setUp" finished-at="2021-07-01T16:18:05Z" duration-ms="0" status="SKIP">
          <reporter-output>
          </reporter-output>
        </test-method> <!-- setUp -->
        <test-method signature="Script_0025()[pri:0, instance:test.Tests_FacturaAfectaInafecta@548a24a]" started-at="2021-07-01T16:18:05Z" name="Script_0025" finished-at="2021-07-01T16:18:05Z" duration-ms="0" status="SKIP">
          <exception class="org.openqa.selenium.UnhandledAlertException">
            <message>
              <![CDATA[unexpected alert open: {Alert text : Error al llamar al motor}
  (Session info: chrome=91.0.4472.124): Error al llamar al motor
Build info: version: '3.11.0', revision: 'e59cfb3', time: '2018-03-11T20:26:55.152Z'
System info: host: 'LAURAANDRADE', ip: '172.16.8.156', os.name: 'Windows 10', os.arch: 'amd64', os.version: '10.0', java.version: '15.0.2'
Driver info: org.openqa.selenium.chrome.ChromeDriver
Capabilities {acceptInsecureCerts: false, browserName: chrome, browserVersion: 91.0.4472.124, chrome: {chromedriverVersion: 90.0.4430.24 (4c6d850f087da..., userDataDir: C:\Users\LAURAA~1\AppData\L...}, goog:chromeOptions: {debuggerAddress: localhost:59792}, javascriptEnabled: true, networkConnectionEnabled: false, pageLoadStrategy: normal, platform: WINDOWS, platformName: WINDOWS, proxy: Proxy(), setWindowRect: true, strictFileInteractability: false, timeouts: {implicit: 0, pageLoad: 300000, script: 30000}, unhandledPromptBehavior: dismiss and notify, webauthn:extension:largeBlob: true, webauthn:virtualAuthenticators: true}
Session ID: 29ad74a0a944c2d0a6de7b3d934b844e]]>
            </message>
            <full-stacktrace>
              <![CDATA[org.openqa.selenium.UnhandledAlertException: unexpected alert open: {Alert text : Error al llamar al motor}
  (Session info: chrome=91.0.4472.124): Error al llamar al motor
Build info: version: '3.11.0', revision: 'e59cfb3', time: '2018-03-11T20:26:55.152Z'
System info: host: 'LAURAANDRADE', ip: '172.16.8.156', os.name: 'Windows 10', os.arch: 'amd64', os.version: '10.0', java.version: '15.0.2'
Driver info: org.openqa.selenium.chrome.ChromeDriver
Capabilities {acceptInsecureCerts: false, browserName: chrome, browserVersion: 91.0.4472.124, chrome: {chromedriverVersion: 90.0.4430.24 (4c6d850f087da..., userDataDir: C:\Users\LAURAA~1\AppData\L...}, goog:chromeOptions: {debuggerAddress: localhost:59792}, javascriptEnabled: true, networkConnectionEnabled: false, pageLoadStrategy: normal, platform: WINDOWS, platformName: WINDOWS, proxy: Proxy(), setWindowRect: true, strictFileInteractability: false, timeouts: {implicit: 0, pageLoad: 300000, script: 30000}, unhandledPromptBehavior: dismiss and notify, webauthn:extension:largeBlob: true, webauthn:virtualAuthenticators: true}
Session ID: 29ad74a0a944c2d0a6de7b3d934b844e
at org.openqa.selenium.remote.http.W3CHttpResponseCodec.decode(W3CHttpResponseCodec.java:120)
at org.openqa.selenium.remote.http.W3CHttpResponseCodec.decode(W3CHttpResponseCodec.java:49)
at org.openqa.selenium.remote.HttpCommandExecutor.execute(HttpCommandExecutor.java:158)
at org.openqa.selenium.remote.service.DriverCommandExecutor.execute(DriverCommandExecutor.java:83)
at org.openqa.selenium.remote.RemoteWebDriver.execute(RemoteWebDriver.java:545)
at org.openqa.selenium.remote.RemoteWebDriver.execute(RemoteWebDriver.java:602)
at org.openqa.selenium.remote.RemoteWebDriver.close(RemoteWebDriver.java:435)
at test.Tests_FacturaAfectaInafecta.FinEjecucion(Tests_FacturaAfectaInafecta.java:151)
at java.base/jdk.internal.reflect.NativeMethodAccessorImpl.invoke0(Native Method)
at java.base/jdk.internal.reflect.NativeMethodAccessorImpl.invoke(NativeMethodAccessorImpl.java:64)
at java.base/jdk.internal.reflect.DelegatingMethodAccessorImpl.invoke(DelegatingMethodAccessorImpl.java:43)
at java.base/java.lang.reflect.Method.invoke(Method.java:564)
at org.testng.internal.MethodInvocationHelper.invokeMethod(MethodInvocationHelper.java:124)
at org.testng.internal.MethodInvocationHelper.invokeMethodConsideringTimeout(MethodInvocationHelper.java:59)
at org.testng.internal.Invoker.invokeConfigurationMethod(Invoker.java:455)
at org.testng.internal.Invoker.invokeConfigurations(Invoker.java:222)
at org.testng.internal.Invoker.invokeMethod(Invoker.java:643)
at org.testng.internal.Invoker.invokeTestMethod(Invoker.java:716)
at org.testng.internal.Invoker.invokeTestMethods(Invoker.java:988)
at org.testng.internal.TestMethodWorker.invokeTestMethods(TestMethodWorker.java:125)
at org.testng.internal.TestMethodWorker.run(TestMethodWorker.java:109)
at org.testng.TestRunner.privateRun(TestRunner.java:648)
at org.testng.TestRunner.run(TestRunner.java:505)
at org.testng.SuiteRunner.runTest(SuiteRunner.java:455)
at org.testng.SuiteRunner.runSequentially(SuiteRunner.java:450)
at org.testng.SuiteRunner.privateRun(SuiteRunner.java:415)
at org.testng.SuiteRunner.run(SuiteRunner.java:364)
at org.testng.SuiteRunnerWorker.runSuite(SuiteRunnerWorker.java:52)
at org.testng.SuiteRunnerWorker.run(SuiteRunnerWorker.java:84)
at org.testng.TestNG.runSuitesSequentially(TestNG.java:1208)
at org.testng.TestNG.runSuitesLocally(TestNG.java:1137)
at org.testng.TestNG.runSuites(TestNG.java:1049)
at org.testng.TestNG.run(TestNG.java:1017)
at org.testng.remote.AbstractRemoteTestNG.run(AbstractRemoteTestNG.java:115)
at org.testng.remote.RemoteTestNG.initAndRun(RemoteTestNG.java:251)
at org.testng.remote.RemoteTestNG.main(RemoteTestNG.java:77)
]]>
            </full-stacktrace>
          </exception> <!-- org.openqa.selenium.UnhandledAlertException -->
          <reporter-output>
          </reporter-output>
        </test-method> <!-- Script_0025 -->
        <test-method is-config="true" signature="FinEjecucion()[pri:0, instance:test.Tests_FacturaAfectaInafecta@548a24a]" started-at="2021-07-01T16:18:05Z" name="FinEjecucion" finished-at="2021-07-01T16:18:05Z" duration-ms="0" status="SKIP">
          <reporter-output>
          </reporter-output>
        </test-method> <!-- FinEjecucion -->
      </class> <!-- test.Tests_FacturaAfectaInafecta -->
      <class name="test.Tests_NotaDebitoExportacionGratuita">
        <test-method is-config="true" signature="setUp()[pri:0, instance:test.Tests_NotaDebitoExportacionGratuita@433defed]" started-at="2021-07-01T16:18:05Z" name="setUp" finished-at="2021-07-01T16:18:11Z" duration-ms="5407" status="PASS">
          <reporter-output>
          </reporter-output>
        </test-method> <!-- setUp -->
        <test-method signature="Script_0011()[pri:0, instance:test.Tests_NotaDebitoExportacionGratuita@433defed]" started-at="2021-07-01T16:18:11Z" name="Script_0011" finished-at="2021-07-01T16:19:59Z" duration-ms="108604" status="PASS">
          <reporter-output>
          </reporter-output>
        </test-method> <!-- Script_0011 -->
        <test-method is-config="true" signature="FinEjecucion()[pri:0, instance:test.Tests_NotaDebitoExportacionGratuita@433defed]" started-at="2021-07-01T16:19:59Z" name="FinEjecucion" finished-at="2021-07-01T16:19:59Z" duration-ms="171" status="PASS">
          <reporter-output>
          </reporter-output>
        </test-method> <!-- FinEjecucion -->
      </class> <!-- test.Tests_NotaDebitoExportacionGratuita -->
      <class name="test.Test_NotaDebitoExportacion">
        <test-method is-config="true" signature="setUp()[pri:0, instance:test.Test_NotaDebitoExportacion@2a693f59]" started-at="2021-07-01T16:19:59Z" name="setUp" finished-at="2021-07-01T16:20:05Z" duration-ms="5346" status="PASS">
          <reporter-output>
          </reporter-output>
        </test-method> <!-- setUp -->
        <test-method signature="Script_0095()[pri:0, instance:test.Test_NotaDebitoExportacion@2a693f59]" started-at="2021-07-01T16:20:05Z" name="Script_0095" finished-at="2021-07-01T16:21:55Z" duration-ms="109847" status="PASS">
          <reporter-output>
          </reporter-output>
        </test-method> <!-- Script_0095 -->
        <test-method is-config="true" signature="FinEjecucion()[pri:0, instance:test.Test_NotaDebitoExportacion@2a693f59]" started-at="2021-07-01T16:21:55Z" name="FinEjecucion" finished-at="2021-07-01T16:21:55Z" duration-ms="229" status="PASS">
          <reporter-output>
          </reporter-output>
        </test-method> <!-- FinEjecucion -->
      </class> <!-- test.Test_NotaDebitoExportacion -->
      <class name="test.Prueba">
        <test-method is-config="true" signature="setUp()[pri:0, instance:test.Prueba@3f4faf53]" started-at="2021-07-01T16:21:55Z" name="setUp" finished-at="2021-07-01T16:22:00Z" duration-ms="5616" status="PASS">
          <reporter-output>
          </reporter-output>
        </test-method> <!-- setUp -->
        <test-method signature="Script_0023()[pri:0, instance:test.Prueba@3f4faf53]" started-at="2021-07-01T16:22:00Z" name="Script_0023" finished-at="2021-07-01T16:24:59Z" duration-ms="178653" status="PASS">
          <reporter-output>
          </reporter-output>
        </test-method> <!-- Script_0023 -->
      </class> <!-- test.Prueba -->
      <class name="test.Tests_FacturaExportacionGratuita">
        <test-method is-config="true" signature="setUp()[pri:0, instance:test.Tests_FacturaExportacionGratuita@7fd50002]" started-at="2021-07-01T16:24:59Z" name="setUp" finished-at="2021-07-01T16:25:05Z" duration-ms="5809" status="PASS">
          <reporter-output>
          </reporter-output>
        </test-method> <!-- setUp -->
        <test-method signature="Script_0001()[pri:0, instance:test.Tests_FacturaExportacionGratuita@7fd50002]" started-at="2021-07-01T16:25:05Z" name="Script_0001" finished-at="2021-07-01T16:26:55Z" duration-ms="109940" status="PASS">
          <reporter-output>
          </reporter-output>
        </test-method> <!-- Script_0001 -->
        <test-method is-config="true" signature="FinEjecucion()[pri:0, instance:test.Tests_FacturaExportacionGratuita@7fd50002]" started-at="2021-07-01T16:26:55Z" name="FinEjecucion" finished-at="2021-07-01T16:26:55Z" duration-ms="148" status="PASS">
          <reporter-output>
          </reporter-output>
        </test-method> <!-- FinEjecucion -->
        <test-method is-config="true" signature="setUp()[pri:0, instance:test.Tests_FacturaExportacionGratuita@7fd50002]" started-at="2021-07-01T16:26:55Z" name="setUp" finished-at="2021-07-01T16:27:01Z" duration-ms="5754" status="PASS">
          <reporter-output>
          </reporter-output>
        </test-method> <!-- setUp -->
        <test-method signature="Script_0002()[pri:0, instance:test.Tests_FacturaExportacionGratuita@7fd50002]" started-at="2021-07-01T16:27:01Z" name="Script_0002" finished-at="2021-07-01T16:28:56Z" duration-ms="115329" status="PASS">
          <reporter-output>
          </reporter-output>
        </test-method> <!-- Script_0002 -->
        <test-method is-config="true" signature="FinEjecucion()[pri:0, instance:test.Tests_FacturaExportacionGratuita@7fd50002]" started-at="2021-07-01T16:28:56Z" name="FinEjecucion" finished-at="2021-07-01T16:28:56Z" duration-ms="223" status="PASS">
          <reporter-output>
          </reporter-output>
        </test-method> <!-- FinEjecucion -->
        <test-method is-config="true" signature="setUp()[pri:0, instance:test.Tests_FacturaExportacionGratuita@7fd50002]" started-at="2021-07-01T16:28:56Z" name="setUp" finished-at="2021-07-01T16:29:03Z" duration-ms="6699" status="PASS">
          <reporter-output>
          </reporter-output>
        </test-method> <!-- setUp -->
        <test-method signature="Script_0003()[pri:0, instance:test.Tests_FacturaExportacionGratuita@7fd50002]" started-at="2021-07-01T16:29:03Z" name="Script_0003" finished-at="2021-07-01T16:35:30Z" duration-ms="387150" status="FAIL">
          <exception class="org.openqa.selenium.NoSuchElementException">
            <message>
              <![CDATA[no such element: Unable to locate element: {"method":"css selector","selector":"#item"}
  (Session info: chrome=91.0.4472.124)
For documentation on this error, please visit: http://seleniumhq.org/exceptions/no_such_element.html
Build info: version: '3.11.0', revision: 'e59cfb3', time: '2018-03-11T20:26:55.152Z'
System info: host: 'LAURAANDRADE', ip: '172.16.8.156', os.name: 'Windows 10', os.arch: 'amd64', os.version: '10.0', java.version: '15.0.2'
Driver info: org.openqa.selenium.chrome.ChromeDriver
Capabilities {acceptInsecureCerts: false, browserName: chrome, browserVersion: 91.0.4472.124, chrome: {chromedriverVersion: 90.0.4430.24 (4c6d850f087da..., userDataDir: C:\Users\LAURAA~1\AppData\L...}, goog:chromeOptions: {debuggerAddress: localhost:60115}, javascriptEnabled: true, networkConnectionEnabled: false, pageLoadStrategy: normal, platform: WINDOWS, platformName: WINDOWS, proxy: Proxy(), setWindowRect: true, strictFileInteractability: false, timeouts: {implicit: 0, pageLoad: 300000, script: 30000}, unhandledPromptBehavior: dismiss and notify, webauthn:extension:largeBlob: true, webauthn:virtualAuthenticators: true}
Session ID: 6cb635df11957d4a5cb7c179e4ef0408
*** Element info: {Using=id, value=item}]]>
            </message>
            <full-stacktrace>
              <![CDATA[org.openqa.selenium.NoSuchElementException: no such element: Unable to locate element: {"method":"css selector","selector":"#item"}
  (Session info: chrome=91.0.4472.124)
For documentation on this error, please visit: http://seleniumhq.org/exceptions/no_such_element.html
Build info: version: '3.11.0', revision: 'e59cfb3', time: '2018-03-11T20:26:55.152Z'
System info: host: 'LAURAANDRADE', ip: '172.16.8.156', os.name: 'Windows 10', os.arch: 'amd64', os.version: '10.0', java.version: '15.0.2'
Driver info: org.openqa.selenium.chrome.ChromeDriver
Capabilities {acceptInsecureCerts: false, browserName: chrome, browserVersion: 91.0.4472.124, chrome: {chromedriverVersion: 90.0.4430.24 (4c6d850f087da..., userDataDir: C:\Users\LAURAA~1\AppData\L...}, goog:chromeOptions: {debuggerAddress: localhost:60115}, javascriptEnabled: true, networkConnectionEnabled: false, pageLoadStrategy: normal, platform: WINDOWS, platformName: WINDOWS, proxy: Proxy(), setWindowRect: true, strictFileInteractability: false, timeouts: {implicit: 0, pageLoad: 300000, script: 30000}, unhandledPromptBehavior: dismiss and notify, webauthn:extension:largeBlob: true, webauthn:virtualAuthenticators: true}
Session ID: 6cb635df11957d4a5cb7c179e4ef0408
*** Element info: {Using=id, value=item}
at jdk.internal.reflect.GeneratedConstructorAccessor101.newInstance(Unknown Source)
at java.base/jdk.internal.reflect.DelegatingConstructorAccessorImpl.newInstance(DelegatingConstructorAccessorImpl.java:45)
at java.base/java.lang.reflect.Constructor.newInstanceWithCaller(Constructor.java:500)
at java.base/java.lang.reflect.Constructor.newInstance(Constructor.java:481)
at org.openqa.selenium.remote.http.W3CHttpResponseCodec.createException(W3CHttpResponseCodec.java:187)
at org.openqa.selenium.remote.http.W3CHttpResponseCodec.decode(W3CHttpResponseCodec.java:122)
at org.openqa.selenium.remote.http.W3CHttpResponseCodec.decode(W3CHttpResponseCodec.java:49)
at org.openqa.selenium.remote.HttpCommandExecutor.execute(HttpCommandExecutor.java:158)
at org.openqa.selenium.remote.service.DriverCommandExecutor.execute(DriverCommandExecutor.java:83)
at org.openqa.selenium.remote.RemoteWebDriver.execute(RemoteWebDriver.java:545)
at org.openqa.selenium.remote.RemoteWebDriver.findElement(RemoteWebDriver.java:319)
at org.openqa.selenium.remote.RemoteWebDriver.findElementById(RemoteWebDriver.java:365)
at org.openqa.selenium.By$ById.findElement(By.java:218)
at org.openqa.selenium.remote.RemoteWebDriver.findElement(RemoteWebDriver.java:311)
at pages.PageAgregarPropiedadesAdicionales.agregarItem(PageAgregarPropiedadesAdicionales.java:24)
at test.Tests_FacturaExportacionGratuita.Script_0003(Tests_FacturaExportacionGratuita.java:137)
at java.base/jdk.internal.reflect.NativeMethodAccessorImpl.invoke0(Native Method)
at java.base/jdk.internal.reflect.NativeMethodAccessorImpl.invoke(NativeMethodAccessorImpl.java:64)
at java.base/jdk.internal.reflect.DelegatingMethodAccessorImpl.invoke(DelegatingMethodAccessorImpl.java:43)
at java.base/java.lang.reflect.Method.invoke(Method.java:564)
at org.testng.internal.MethodInvocationHelper.invokeMethod(MethodInvocationHelper.java:124)
at org.testng.internal.Invoker.invokeMethod(Invoker.java:580)
at org.testng.internal.Invoker.invokeTestMethod(Invoker.java:716)
at org.testng.internal.Invoker.invokeTestMethods(Invoker.java:988)
at org.testng.internal.TestMethodWorker.invokeTestMethods(TestMethodWorker.java:125)
at org.testng.internal.TestMethodWorker.run(TestMethodWorker.java:109)
at org.testng.TestRunner.privateRun(TestRunner.java:648)
at org.testng.TestRunner.run(TestRunner.java:505)
at org.testng.SuiteRunner.runTest(SuiteRunner.java:455)
at org.testng.SuiteRunner.runSequentially(SuiteRunner.java:450)
at org.testng.SuiteRunner.privateRun(SuiteRunner.java:415)
at org.testng.SuiteRunner.run(SuiteRunner.java:364)
at org.testng.SuiteRunnerWorker.runSuite(SuiteRunnerWorker.java:52)
at org.testng.SuiteRunnerWorker.run(SuiteRunnerWorker.java:84)
at org.testng.TestNG.runSuitesSequentially(TestNG.java:1208)
at org.testng.TestNG.runSuitesLocally(TestNG.java:1137)
at org.testng.TestNG.runSuites(TestNG.java:1049)
at org.testng.TestNG.run(TestNG.java:1017)
at org.testng.remote.AbstractRemoteTestNG.run(AbstractRemoteTestNG.java:115)
at org.testng.remote.RemoteTestNG.initAndRun(RemoteTestNG.java:251)
at org.testng.remote.RemoteTestNG.main(RemoteTestNG.java:77)
]]>
            </full-stacktrace>
          </exception> <!-- org.openqa.selenium.NoSuchElementException -->
          <reporter-output>
          </reporter-output>
        </test-method> <!-- Script_0003 -->
        <test-method is-config="true" signature="FinEjecucion()[pri:0, instance:test.Tests_FacturaExportacionGratuita@7fd50002]" started-at="2021-07-01T16:35:30Z" name="FinEjecucion" finished-at="2021-07-01T16:35:31Z" duration-ms="451" status="PASS">
          <reporter-output>
          </reporter-output>
        </test-method> <!-- FinEjecucion -->
        <test-method is-config="true" signature="setUp()[pri:0, instance:test.Tests_FacturaExportacionGratuita@7fd50002]" started-at="2021-07-01T16:35:31Z" name="setUp" finished-at="2021-07-01T16:35:36Z" duration-ms="5368" status="PASS">
          <reporter-output>
          </reporter-output>
        </test-method> <!-- setUp -->
        <test-method signature="Script_0004()[pri:0, instance:test.Tests_FacturaExportacionGratuita@7fd50002]" started-at="2021-07-01T16:35:36Z" name="Script_0004" finished-at="2021-07-01T16:37:24Z" duration-ms="107739" status="PASS">
          <reporter-output>
          </reporter-output>
        </test-method> <!-- Script_0004 -->
        <test-method is-config="true" signature="FinEjecucion()[pri:0, instance:test.Tests_FacturaExportacionGratuita@7fd50002]" started-at="2021-07-01T16:37:24Z" name="FinEjecucion" finished-at="2021-07-01T16:37:24Z" duration-ms="120" status="PASS">
          <reporter-output>
          </reporter-output>
        </test-method> <!-- FinEjecucion -->
        <test-method is-config="true" signature="setUp()[pri:0, instance:test.Tests_FacturaExportacionGratuita@7fd50002]" started-at="2021-07-01T16:37:24Z" name="setUp" finished-at="2021-07-01T16:37:29Z" duration-ms="5521" status="PASS">
          <reporter-output>
          </reporter-output>
        </test-method> <!-- setUp -->
        <test-method signature="Script_0005()[pri:0, instance:test.Tests_FacturaExportacionGratuita@7fd50002]" started-at="2021-07-01T16:37:29Z" name="Script_0005" finished-at="2021-07-01T16:39:19Z" duration-ms="109147" status="PASS">
          <reporter-output>
          </reporter-output>
        </test-method> <!-- Script_0005 -->
        <test-method is-config="true" signature="FinEjecucion()[pri:0, instance:test.Tests_FacturaExportacionGratuita@7fd50002]" started-at="2021-07-01T16:39:19Z" name="FinEjecucion" finished-at="2021-07-01T16:39:19Z" duration-ms="206" status="PASS">
          <reporter-output>
          </reporter-output>
        </test-method> <!-- FinEjecucion -->
        <test-method is-config="true" signature="setUp()[pri:0, instance:test.Tests_FacturaExportacionGratuita@7fd50002]" started-at="2021-07-01T16:39:19Z" name="setUp" finished-at="2021-07-01T16:39:24Z" duration-ms="5545" status="PASS">
          <reporter-output>
          </reporter-output>
        </test-method> <!-- setUp -->
        <test-method signature="Script_0006()[pri:0, instance:test.Tests_FacturaExportacionGratuita@7fd50002]" started-at="2021-07-01T16:39:24Z" name="Script_0006" finished-at="2021-07-01T16:40:49Z" duration-ms="85136" status="FAIL">
          <exception class="org.openqa.selenium.NoSuchElementException">
            <message>
              <![CDATA[Cannot locate option with value: 52
For documentation on this error, please visit: http://seleniumhq.org/exceptions/no_such_element.html
Build info: version: '3.11.0', revision: 'e59cfb3', time: '2018-03-11T20:26:55.152Z'
System info: host: 'LAURAANDRADE', ip: '172.16.8.156', os.name: 'Windows 10', os.arch: 'amd64', os.version: '10.0', java.version: '15.0.2'
Driver info: driver.version: unknown]]>
            </message>
            <full-stacktrace>
              <![CDATA[org.openqa.selenium.NoSuchElementException: Cannot locate option with value: 52
For documentation on this error, please visit: http://seleniumhq.org/exceptions/no_such_element.html
Build info: version: '3.11.0', revision: 'e59cfb3', time: '2018-03-11T20:26:55.152Z'
System info: host: 'LAURAANDRADE', ip: '172.16.8.156', os.name: 'Windows 10', os.arch: 'amd64', os.version: '10.0', java.version: '15.0.2'
Driver info: driver.version: unknown
at org.openqa.selenium.support.ui.Select.selectByValue(Select.java:209)
at pages.PageAgregarPropiedadesAdicionales.agregarItem(PageAgregarPropiedadesAdicionales.java:28)
at test.Tests_FacturaExportacionGratuita.Script_0006(Tests_FacturaExportacionGratuita.java:242)
at java.base/jdk.internal.reflect.NativeMethodAccessorImpl.invoke0(Native Method)
at java.base/jdk.internal.reflect.NativeMethodAccessorImpl.invoke(NativeMethodAccessorImpl.java:64)
at java.base/jdk.internal.reflect.DelegatingMethodAccessorImpl.invoke(DelegatingMethodAccessorImpl.java:43)
at java.base/java.lang.reflect.Method.invoke(Method.java:564)
at org.testng.internal.MethodInvocationHelper.invokeMethod(MethodInvocationHelper.java:124)
at org.testng.internal.Invoker.invokeMethod(Invoker.java:580)
at org.testng.internal.Invoker.invokeTestMethod(Invoker.java:716)
at org.testng.internal.Invoker.invokeTestMethods(Invoker.java:988)
at org.testng.internal.TestMethodWorker.invokeTestMethods(TestMethodWorker.java:125)
at org.testng.internal.TestMethodWorker.run(TestMethodWorker.java:109)
at org.testng.TestRunner.privateRun(TestRunner.java:648)
at org.testng.TestRunner.run(TestRunner.java:505)
at org.testng.SuiteRunner.runTest(SuiteRunner.java:455)
at org.testng.SuiteRunner.runSequentially(SuiteRunner.java:450)
at org.testng.SuiteRunner.privateRun(SuiteRunner.java:415)
at org.testng.SuiteRunner.run(SuiteRunner.java:364)
at org.testng.SuiteRunnerWorker.runSuite(SuiteRunnerWorker.java:52)
at org.testng.SuiteRunnerWorker.run(SuiteRunnerWorker.java:84)
at org.testng.TestNG.runSuitesSequentially(TestNG.java:1208)
at org.testng.TestNG.runSuitesLocally(TestNG.java:1137)
at org.testng.TestNG.runSuites(TestNG.java:1049)
at org.testng.TestNG.run(TestNG.java:1017)
at org.testng.remote.AbstractRemoteTestNG.run(AbstractRemoteTestNG.java:115)
at org.testng.remote.RemoteTestNG.initAndRun(RemoteTestNG.java:251)
at org.testng.remote.RemoteTestNG.main(RemoteTestNG.java:77)
]]>
            </full-stacktrace>
          </exception> <!-- org.openqa.selenium.NoSuchElementException -->
          <reporter-output>
          </reporter-output>
        </test-method> <!-- Script_0006 -->
        <test-method is-config="true" signature="FinEjecucion()[pri:0, instance:test.Tests_FacturaExportacionGratuita@7fd50002]" started-at="2021-07-01T16:40:49Z" name="FinEjecucion" finished-at="2021-07-01T16:40:50Z" duration-ms="143" status="PASS">
          <reporter-output>
          </reporter-output>
        </test-method> <!-- FinEjecucion -->
        <test-method is-config="true" signature="setUp()[pri:0, instance:test.Tests_FacturaExportacionGratuita@7fd50002]" started-at="2021-07-01T16:40:50Z" name="setUp" finished-at="2021-07-01T16:40:55Z" duration-ms="5870" status="PASS">
          <reporter-output>
          </reporter-output>
        </test-method> <!-- setUp -->
        <test-method signature="Script_0007()[pri:0, instance:test.Tests_FacturaExportacionGratuita@7fd50002]" started-at="2021-07-01T16:40:55Z" name="Script_0007" finished-at="2021-07-01T16:43:01Z" duration-ms="125871" status="PASS">
          <reporter-output>
          </reporter-output>
        </test-method> <!-- Script_0007 -->
        <test-method is-config="true" signature="FinEjecucion()[pri:0, instance:test.Tests_FacturaExportacionGratuita@7fd50002]" started-at="2021-07-01T16:43:01Z" name="FinEjecucion" finished-at="2021-07-01T16:43:01Z" duration-ms="179" status="PASS">
          <reporter-output>
          </reporter-output>
        </test-method> <!-- FinEjecucion -->
        <test-method is-config="true" signature="setUp()[pri:0, instance:test.Tests_FacturaExportacionGratuita@7fd50002]" started-at="2021-07-01T16:43:02Z" name="setUp" finished-at="2021-07-01T16:43:07Z" duration-ms="5673" status="PASS">
          <reporter-output>
          </reporter-output>
        </test-method> <!-- setUp -->
        <test-method signature="Script_0008()[pri:0, instance:test.Tests_FacturaExportacionGratuita@7fd50002]" started-at="2021-07-01T16:43:07Z" name="Script_0008" finished-at="2021-07-01T16:44:56Z" duration-ms="108618" status="PASS">
          <reporter-output>
          </reporter-output>
        </test-method> <!-- Script_0008 -->
        <test-method is-config="true" signature="FinEjecucion()[pri:0, instance:test.Tests_FacturaExportacionGratuita@7fd50002]" started-at="2021-07-01T16:44:56Z" name="FinEjecucion" finished-at="2021-07-01T16:44:56Z" duration-ms="150" status="PASS">
          <reporter-output>
          </reporter-output>
        </test-method> <!-- FinEjecucion -->
        <test-method is-config="true" signature="setUp()[pri:0, instance:test.Tests_FacturaExportacionGratuita@7fd50002]" started-at="2021-07-01T16:44:56Z" name="setUp" finished-at="2021-07-01T16:45:04Z" duration-ms="8034" status="PASS">
          <reporter-output>
          </reporter-output>
        </test-method> <!-- setUp -->
        <test-method signature="Script_0009()[pri:0, instance:test.Tests_FacturaExportacionGratuita@7fd50002]" started-at="2021-07-01T16:45:04Z" name="Script_0009" finished-at="2021-07-01T16:47:00Z" duration-ms="115959" status="PASS">
          <reporter-output>
          </reporter-output>
        </test-method> <!-- Script_0009 -->
        <test-method is-config="true" signature="FinEjecucion()[pri:0, instance:test.Tests_FacturaExportacionGratuita@7fd50002]" started-at="2021-07-01T16:47:00Z" name="FinEjecucion" finished-at="2021-07-01T16:47:00Z" duration-ms="176" status="PASS">
          <reporter-output>
          </reporter-output>
        </test-method> <!-- FinEjecucion -->
      </class> <!-- test.Tests_FacturaExportacionGratuita -->
      <class name="test.Tests_NotaCreditoExonerada">
        <test-method is-config="true" signature="setUp()[pri:0, instance:test.Tests_NotaCreditoExonerada@533bda92]" started-at="2021-07-01T16:47:00Z" name="setUp" finished-at="2021-07-01T16:47:05Z" duration-ms="5062" status="PASS">
          <reporter-output>
          </reporter-output>
        </test-method> <!-- setUp -->
        <test-method signature="Script_0070()[pri:0, instance:test.Tests_NotaCreditoExonerada@533bda92]" started-at="2021-07-01T16:47:05Z" name="Script_0070" finished-at="2021-07-01T16:49:28Z" duration-ms="143014" status="PASS">
          <reporter-output>
          </reporter-output>
        </test-method> <!-- Script_0070 -->
        <test-method is-config="true" signature="FinEjecucion()[pri:0, instance:test.Tests_NotaCreditoExonerada@533bda92]" started-at="2021-07-01T16:49:28Z" name="FinEjecucion" finished-at="2021-07-01T16:49:28Z" duration-ms="164" status="PASS">
          <reporter-output>
          </reporter-output>
        </test-method> <!-- FinEjecucion -->
        <test-method is-config="true" signature="setUp()[pri:0, instance:test.Tests_NotaCreditoExonerada@533bda92]" started-at="2021-07-01T16:49:28Z" name="setUp" finished-at="2021-07-01T16:49:34Z" duration-ms="5457" status="PASS">
          <reporter-output>
          </reporter-output>
        </test-method> <!-- setUp -->
        <test-method signature="Script_0071()[pri:0, instance:test.Tests_NotaCreditoExonerada@533bda92]" started-at="2021-07-01T16:49:34Z" name="Script_0071" finished-at="2021-07-01T16:51:21Z" duration-ms="107453" status="PASS">
          <reporter-output>
          </reporter-output>
        </test-method> <!-- Script_0071 -->
        <test-method is-config="true" signature="FinEjecucion()[pri:0, instance:test.Tests_NotaCreditoExonerada@533bda92]" started-at="2021-07-01T16:51:21Z" name="FinEjecucion" finished-at="2021-07-01T16:51:21Z" duration-ms="123" status="PASS">
          <reporter-output>
          </reporter-output>
        </test-method> <!-- FinEjecucion -->
      </class> <!-- test.Tests_NotaCreditoExonerada -->
      <class name="test.Tests_NotaDebitoAfectaGratuita">
        <test-method is-config="true" signature="setUp()[pri:0, instance:test.Tests_NotaDebitoAfectaGratuita@304bb45b]" started-at="2021-07-01T16:51:21Z" name="setUp" finished-at="2021-07-01T16:51:27Z" duration-ms="5575" status="PASS">
          <reporter-output>
          </reporter-output>
        </test-method> <!-- setUp -->
        <test-method signature="Script_0081()[pri:0, instance:test.Tests_NotaDebitoAfectaGratuita@304bb45b]" started-at="2021-07-01T16:51:27Z" name="Script_0081" finished-at="2021-07-01T16:53:58Z" duration-ms="150870" status="PASS">
          <reporter-output>
          </reporter-output>
        </test-method> <!-- Script_0081 -->
        <test-method is-config="true" signature="FinEjecucion()[pri:0, instance:test.Tests_NotaDebitoAfectaGratuita@304bb45b]" started-at="2021-07-01T16:53:58Z" name="FinEjecucion" finished-at="2021-07-01T16:53:58Z" duration-ms="216" status="PASS">
          <reporter-output>
          </reporter-output>
        </test-method> <!-- FinEjecucion -->
      </class> <!-- test.Tests_NotaDebitoAfectaGratuita -->
      <class name="test.Test_FacturaDescuentosGlobalAfecta">
        <test-method is-config="true" signature="setUp()[pri:0, instance:test.Test_FacturaDescuentosGlobalAfecta@723ca036]" started-at="2021-07-01T16:53:58Z" name="setUp" finished-at="2021-07-01T16:54:03Z" duration-ms="5317" status="PASS">
          <reporter-output>
          </reporter-output>
        </test-method> <!-- setUp -->
        <test-method signature="Script_0096()[pri:0, instance:test.Test_FacturaDescuentosGlobalAfecta@723ca036]" started-at="2021-07-01T16:54:03Z" name="Script_0096" finished-at="2021-07-01T16:56:22Z" duration-ms="139073" status="PASS">
          <reporter-output>
          </reporter-output>
        </test-method> <!-- Script_0096 -->
        <test-method is-config="true" signature="FinEjecucion()[pri:0, instance:test.Test_FacturaDescuentosGlobalAfecta@723ca036]" started-at="2021-07-01T16:56:22Z" name="FinEjecucion" finished-at="2021-07-01T16:56:23Z" duration-ms="207" status="PASS">
          <reporter-output>
          </reporter-output>
        </test-method> <!-- FinEjecucion -->
        <test-method is-config="true" signature="setUp()[pri:0, instance:test.Test_FacturaDescuentosGlobalAfecta@723ca036]" started-at="2021-07-01T16:56:23Z" name="setUp" finished-at="2021-07-01T16:56:29Z" duration-ms="6104" status="PASS">
          <reporter-output>
          </reporter-output>
        </test-method> <!-- setUp -->
        <test-method signature="Script_0097()[pri:0, instance:test.Test_FacturaDescuentosGlobalAfecta@723ca036]" started-at="2021-07-01T16:56:29Z" name="Script_0097" finished-at="2021-07-01T16:58:52Z" duration-ms="143348" status="PASS">
          <reporter-output>
          </reporter-output>
        </test-method> <!-- Script_0097 -->
        <test-method is-config="true" signature="FinEjecucion()[pri:0, instance:test.Test_FacturaDescuentosGlobalAfecta@723ca036]" started-at="2021-07-01T16:58:52Z" name="FinEjecucion" finished-at="2021-07-01T16:58:52Z" duration-ms="165" status="PASS">
          <reporter-output>
          </reporter-output>
        </test-method> <!-- FinEjecucion -->
        <test-method is-config="true" signature="setUp()[pri:0, instance:test.Test_FacturaDescuentosGlobalAfecta@723ca036]" started-at="2021-07-01T16:58:52Z" name="setUp" finished-at="2021-07-01T16:58:59Z" duration-ms="6589" status="PASS">
          <reporter-output>
          </reporter-output>
        </test-method> <!-- setUp -->
        <test-method signature="Script_0098()[pri:0, instance:test.Test_FacturaDescuentosGlobalAfecta@723ca036]" started-at="2021-07-01T16:58:59Z" name="Script_0098" finished-at="2021-07-01T17:01:29Z" duration-ms="149930" status="PASS">
          <reporter-output>
          </reporter-output>
        </test-method> <!-- Script_0098 -->
        <test-method is-config="true" signature="FinEjecucion()[pri:0, instance:test.Test_FacturaDescuentosGlobalAfecta@723ca036]" started-at="2021-07-01T17:01:29Z" name="FinEjecucion" finished-at="2021-07-01T17:01:29Z" duration-ms="166" status="PASS">
          <reporter-output>
          </reporter-output>
        </test-method> <!-- FinEjecucion -->
        <test-method is-config="true" signature="setUp()[pri:0, instance:test.Test_FacturaDescuentosGlobalAfecta@723ca036]" started-at="2021-07-01T17:01:29Z" name="setUp" finished-at="2021-07-01T17:01:35Z" duration-ms="5640" status="PASS">
          <reporter-output>
          </reporter-output>
        </test-method> <!-- setUp -->
        <test-method signature="Script_0099()[pri:0, instance:test.Test_FacturaDescuentosGlobalAfecta@723ca036]" started-at="2021-07-01T17:01:35Z" name="Script_0099" finished-at="2021-07-01T17:03:56Z" duration-ms="141443" status="PASS">
          <reporter-output>
          </reporter-output>
        </test-method> <!-- Script_0099 -->
        <test-method is-config="true" signature="FinEjecucion()[pri:0, instance:test.Test_FacturaDescuentosGlobalAfecta@723ca036]" started-at="2021-07-01T17:03:56Z" name="FinEjecucion" finished-at="2021-07-01T17:03:56Z" duration-ms="161" status="PASS">
          <reporter-output>
          </reporter-output>
        </test-method> <!-- FinEjecucion -->
      </class> <!-- test.Test_FacturaDescuentosGlobalAfecta -->
      <class name="test.Tests_FacturaInafectaGratuita">
        <test-method is-config="true" signature="setUp()[pri:0, instance:test.Tests_FacturaInafectaGratuita@25be7b63]" started-at="2021-07-01T17:03:56Z" name="setUp" finished-at="2021-07-01T17:04:03Z" duration-ms="6537" status="PASS">
          <reporter-output>
          </reporter-output>
        </test-method> <!-- setUp -->
        <test-method signature="Script_0033()[pri:0, instance:test.Tests_FacturaInafectaGratuita@25be7b63]" started-at="2021-07-01T17:04:03Z" name="Script_0033" finished-at="2021-07-01T17:06:28Z" duration-ms="145355" status="PASS">
          <reporter-output>
          </reporter-output>
        </test-method> <!-- Script_0033 -->
        <test-method is-config="true" signature="FinEjecucion()[pri:0, instance:test.Tests_FacturaInafectaGratuita@25be7b63]" started-at="2021-07-01T17:06:28Z" name="FinEjecucion" finished-at="2021-07-01T17:06:28Z" duration-ms="295" status="PASS">
          <reporter-output>
          </reporter-output>
        </test-method> <!-- FinEjecucion -->
        <test-method is-config="true" signature="setUp()[pri:0, instance:test.Tests_FacturaInafectaGratuita@25be7b63]" started-at="2021-07-01T17:06:28Z" name="setUp" finished-at="2021-07-01T17:06:34Z" duration-ms="5859" status="PASS">
          <reporter-output>
          </reporter-output>
        </test-method> <!-- setUp -->
        <test-method signature="Script_0034()[pri:0, instance:test.Tests_FacturaInafectaGratuita@25be7b63]" started-at="2021-07-01T17:06:34Z" name="Script_0034" finished-at="2021-07-01T17:08:51Z" duration-ms="136935" status="PASS">
          <reporter-output>
          </reporter-output>
        </test-method> <!-- Script_0034 -->
        <test-method is-config="true" signature="FinEjecucion()[pri:0, instance:test.Tests_FacturaInafectaGratuita@25be7b63]" started-at="2021-07-01T17:08:51Z" name="FinEjecucion" finished-at="2021-07-01T17:08:51Z" duration-ms="132" status="PASS">
          <reporter-output>
          </reporter-output>
        </test-method> <!-- FinEjecucion -->
        <test-method is-config="true" signature="setUp()[pri:0, instance:test.Tests_FacturaInafectaGratuita@25be7b63]" started-at="2021-07-01T17:08:51Z" name="setUp" finished-at="2021-07-01T17:08:57Z" duration-ms="6073" status="PASS">
          <reporter-output>
          </reporter-output>
        </test-method> <!-- setUp -->
        <test-method signature="Script_0035()[pri:0, instance:test.Tests_FacturaInafectaGratuita@25be7b63]" started-at="2021-07-01T17:08:57Z" name="Script_0035" finished-at="2021-07-01T17:11:24Z" duration-ms="146276" status="PASS">
          <reporter-output>
          </reporter-output>
        </test-method> <!-- Script_0035 -->
        <test-method is-config="true" signature="FinEjecucion()[pri:0, instance:test.Tests_FacturaInafectaGratuita@25be7b63]" started-at="2021-07-01T17:11:24Z" name="FinEjecucion" finished-at="2021-07-01T17:11:24Z" duration-ms="154" status="PASS">
          <reporter-output>
          </reporter-output>
        </test-method> <!-- FinEjecucion -->
        <test-method is-config="true" signature="setUp()[pri:0, instance:test.Tests_FacturaInafectaGratuita@25be7b63]" started-at="2021-07-01T17:11:24Z" name="setUp" finished-at="2021-07-01T17:11:31Z" duration-ms="6944" status="PASS">
          <reporter-output>
          </reporter-output>
        </test-method> <!-- setUp -->
        <test-method signature="Script_0036()[pri:0, instance:test.Tests_FacturaInafectaGratuita@25be7b63]" started-at="2021-07-01T17:11:31Z" name="Script_0036" finished-at="2021-07-01T17:13:56Z" duration-ms="145688" status="PASS">
          <reporter-output>
          </reporter-output>
        </test-method> <!-- Script_0036 -->
        <test-method is-config="true" signature="FinEjecucion()[pri:0, instance:test.Tests_FacturaInafectaGratuita@25be7b63]" started-at="2021-07-01T17:13:56Z" name="FinEjecucion" finished-at="2021-07-01T17:13:57Z" duration-ms="149" status="PASS">
          <reporter-output>
          </reporter-output>
        </test-method> <!-- FinEjecucion -->
        <test-method is-config="true" signature="setUp()[pri:0, instance:test.Tests_FacturaInafectaGratuita@25be7b63]" started-at="2021-07-01T17:13:57Z" name="setUp" finished-at="2021-07-01T17:14:03Z" duration-ms="6006" status="PASS">
          <reporter-output>
          </reporter-output>
        </test-method> <!-- setUp -->
        <test-method signature="Script_0037()[pri:0, instance:test.Tests_FacturaInafectaGratuita@25be7b63]" started-at="2021-07-01T17:14:03Z" name="Script_0037" finished-at="2021-07-01T17:16:25Z" duration-ms="141915" status="PASS">
          <reporter-output>
          </reporter-output>
        </test-method> <!-- Script_0037 -->
        <test-method is-config="true" signature="FinEjecucion()[pri:0, instance:test.Tests_FacturaInafectaGratuita@25be7b63]" started-at="2021-07-01T17:16:25Z" name="FinEjecucion" finished-at="2021-07-01T17:16:25Z" duration-ms="114" status="PASS">
          <reporter-output>
          </reporter-output>
        </test-method> <!-- FinEjecucion -->
        <test-method is-config="true" signature="setUp()[pri:0, instance:test.Tests_FacturaInafectaGratuita@25be7b63]" started-at="2021-07-01T17:16:25Z" name="setUp" finished-at="2021-07-01T17:16:30Z" duration-ms="5513" status="PASS">
          <reporter-output>
          </reporter-output>
        </test-method> <!-- setUp -->
        <test-method signature="Script_0038()[pri:0, instance:test.Tests_FacturaInafectaGratuita@25be7b63]" started-at="2021-07-01T17:16:30Z" name="Script_0038" finished-at="2021-07-01T17:18:58Z" duration-ms="148323" status="PASS">
          <reporter-output>
          </reporter-output>
        </test-method> <!-- Script_0038 -->
        <test-method is-config="true" signature="FinEjecucion()[pri:0, instance:test.Tests_FacturaInafectaGratuita@25be7b63]" started-at="2021-07-01T17:18:58Z" name="FinEjecucion" finished-at="2021-07-01T17:18:59Z" duration-ms="153" status="PASS">
          <reporter-output>
          </reporter-output>
        </test-method> <!-- FinEjecucion -->
        <test-method is-config="true" signature="setUp()[pri:0, instance:test.Tests_FacturaInafectaGratuita@25be7b63]" started-at="2021-07-01T17:18:59Z" name="setUp" finished-at="2021-07-01T17:19:05Z" duration-ms="6396" status="PASS">
          <reporter-output>
          </reporter-output>
        </test-method> <!-- setUp -->
        <test-method signature="Script_0039()[pri:0, instance:test.Tests_FacturaInafectaGratuita@25be7b63]" started-at="2021-07-01T17:19:05Z" name="Script_0039" finished-at="2021-07-01T17:21:58Z" duration-ms="173358" status="PASS">
          <reporter-output>
          </reporter-output>
        </test-method> <!-- Script_0039 -->
        <test-method is-config="true" signature="FinEjecucion()[pri:0, instance:test.Tests_FacturaInafectaGratuita@25be7b63]" started-at="2021-07-01T17:21:58Z" name="FinEjecucion" finished-at="2021-07-01T17:21:59Z" duration-ms="222" status="PASS">
          <reporter-output>
          </reporter-output>
        </test-method> <!-- FinEjecucion -->
      </class> <!-- test.Tests_FacturaInafectaGratuita -->
      <class name="test.Tests_BoletaAfectaGratuita">
        <test-method is-config="true" signature="setUp()[pri:0, instance:test.Tests_BoletaAfectaGratuita@28dcca0c]" started-at="2021-07-01T17:21:59Z" name="setUp" finished-at="2021-07-01T17:22:04Z" duration-ms="5512" status="PASS">
          <reporter-output>
          </reporter-output>
        </test-method> <!-- setUp -->
        <test-method signature="Script_0055()[pri:0, instance:test.Tests_BoletaAfectaGratuita@28dcca0c]" started-at="2021-07-01T17:22:04Z" name="Script_0055" finished-at="2021-07-01T17:24:27Z" duration-ms="143142" status="PASS">
          <reporter-output>
          </reporter-output>
        </test-method> <!-- Script_0055 -->
        <test-method is-config="true" signature="FinEjecucion()[pri:0, instance:test.Tests_BoletaAfectaGratuita@28dcca0c]" started-at="2021-07-01T17:24:27Z" name="FinEjecucion" finished-at="2021-07-01T17:24:27Z" duration-ms="157" status="PASS">
          <reporter-output>
          </reporter-output>
        </test-method> <!-- FinEjecucion -->
      </class> <!-- test.Tests_BoletaAfectaGratuita -->
      <class name="test.Tests_NotaDebitoCargo">
        <test-method is-config="true" signature="setUp()[pri:0, instance:test.Tests_NotaDebitoCargo@45d84a20]" started-at="2021-07-01T17:24:27Z" name="setUp" finished-at="2021-07-01T17:24:33Z" duration-ms="5573" status="PASS">
          <reporter-output>
          </reporter-output>
        </test-method> <!-- setUp -->
        <test-method signature="Script_0072()[pri:0, instance:test.Tests_NotaDebitoCargo@45d84a20]" started-at="2021-07-01T17:24:33Z" name="Script_0072" finished-at="2021-07-01T17:28:20Z" duration-ms="227268" status="FAIL">
          <exception class="org.openqa.selenium.NoSuchElementException">
            <message>
              <![CDATA[no such element: Unable to locate element: {"method":"css selector","selector":"*[name='btn_emitir']"}
  (Session info: chrome=91.0.4472.124)
For documentation on this error, please visit: http://seleniumhq.org/exceptions/no_such_element.html
Build info: version: '3.11.0', revision: 'e59cfb3', time: '2018-03-11T20:26:55.152Z'
System info: host: 'LAURAANDRADE', ip: '172.16.8.156', os.name: 'Windows 10', os.arch: 'amd64', os.version: '10.0', java.version: '15.0.2'
Driver info: org.openqa.selenium.chrome.ChromeDriver
Capabilities {acceptInsecureCerts: false, browserName: chrome, browserVersion: 91.0.4472.124, chrome: {chromedriverVersion: 90.0.4430.24 (4c6d850f087da..., userDataDir: C:\Users\LAURAA~1\AppData\L...}, goog:chromeOptions: {debuggerAddress: localhost:61562}, javascriptEnabled: true, networkConnectionEnabled: false, pageLoadStrategy: normal, platform: WINDOWS, platformName: WINDOWS, proxy: Proxy(), setWindowRect: true, strictFileInteractability: false, timeouts: {implicit: 0, pageLoad: 300000, script: 30000}, unhandledPromptBehavior: dismiss and notify, webauthn:extension:largeBlob: true, webauthn:virtualAuthenticators: true}
Session ID: 8ee581c5152ea4c557d85f48525f25a3
*** Element info: {Using=name, value=btn_emitir}]]>
            </message>
            <full-stacktrace>
              <![CDATA[org.openqa.selenium.NoSuchElementException: no such element: Unable to locate element: {"method":"css selector","selector":"*[name='btn_emitir']"}
  (Session info: chrome=91.0.4472.124)
For documentation on this error, please visit: http://seleniumhq.org/exceptions/no_such_element.html
Build info: version: '3.11.0', revision: 'e59cfb3', time: '2018-03-11T20:26:55.152Z'
System info: host: 'LAURAANDRADE', ip: '172.16.8.156', os.name: 'Windows 10', os.arch: 'amd64', os.version: '10.0', java.version: '15.0.2'
Driver info: org.openqa.selenium.chrome.ChromeDriver
Capabilities {acceptInsecureCerts: false, browserName: chrome, browserVersion: 91.0.4472.124, chrome: {chromedriverVersion: 90.0.4430.24 (4c6d850f087da..., userDataDir: C:\Users\LAURAA~1\AppData\L...}, goog:chromeOptions: {debuggerAddress: localhost:61562}, javascriptEnabled: true, networkConnectionEnabled: false, pageLoadStrategy: normal, platform: WINDOWS, platformName: WINDOWS, proxy: Proxy(), setWindowRect: true, strictFileInteractability: false, timeouts: {implicit: 0, pageLoad: 300000, script: 30000}, unhandledPromptBehavior: dismiss and notify, webauthn:extension:largeBlob: true, webauthn:virtualAuthenticators: true}
Session ID: 8ee581c5152ea4c557d85f48525f25a3
*** Element info: {Using=name, value=btn_emitir}
at jdk.internal.reflect.GeneratedConstructorAccessor101.newInstance(Unknown Source)
at java.base/jdk.internal.reflect.DelegatingConstructorAccessorImpl.newInstance(DelegatingConstructorAccessorImpl.java:45)
at java.base/java.lang.reflect.Constructor.newInstanceWithCaller(Constructor.java:500)
at java.base/java.lang.reflect.Constructor.newInstance(Constructor.java:481)
at org.openqa.selenium.remote.http.W3CHttpResponseCodec.createException(W3CHttpResponseCodec.java:187)
at org.openqa.selenium.remote.http.W3CHttpResponseCodec.decode(W3CHttpResponseCodec.java:122)
at org.openqa.selenium.remote.http.W3CHttpResponseCodec.decode(W3CHttpResponseCodec.java:49)
at org.openqa.selenium.remote.HttpCommandExecutor.execute(HttpCommandExecutor.java:158)
at org.openqa.selenium.remote.service.DriverCommandExecutor.execute(DriverCommandExecutor.java:83)
at org.openqa.selenium.remote.RemoteWebDriver.execute(RemoteWebDriver.java:545)
at org.openqa.selenium.remote.RemoteWebDriver.findElement(RemoteWebDriver.java:319)
at org.openqa.selenium.remote.RemoteWebDriver.findElementByName(RemoteWebDriver.java:397)
at org.openqa.selenium.By$ByName.findElement(By.java:303)
at org.openqa.selenium.remote.RemoteWebDriver.findElement(RemoteWebDriver.java:311)
at pages.PageFooter.clickEnviaraSunat(PageFooter.java:60)
at test.Tests_NotaDebitoCargo.Script_0072(Tests_NotaDebitoCargo.java:72)
at java.base/jdk.internal.reflect.NativeMethodAccessorImpl.invoke0(Native Method)
at java.base/jdk.internal.reflect.NativeMethodAccessorImpl.invoke(NativeMethodAccessorImpl.java:64)
at java.base/jdk.internal.reflect.DelegatingMethodAccessorImpl.invoke(DelegatingMethodAccessorImpl.java:43)
at java.base/java.lang.reflect.Method.invoke(Method.java:564)
at org.testng.internal.MethodInvocationHelper.invokeMethod(MethodInvocationHelper.java:124)
at org.testng.internal.Invoker.invokeMethod(Invoker.java:580)
at org.testng.internal.Invoker.invokeTestMethod(Invoker.java:716)
at org.testng.internal.Invoker.invokeTestMethods(Invoker.java:988)
at org.testng.internal.TestMethodWorker.invokeTestMethods(TestMethodWorker.java:125)
at org.testng.internal.TestMethodWorker.run(TestMethodWorker.java:109)
at org.testng.TestRunner.privateRun(TestRunner.java:648)
at org.testng.TestRunner.run(TestRunner.java:505)
at org.testng.SuiteRunner.runTest(SuiteRunner.java:455)
at org.testng.SuiteRunner.runSequentially(SuiteRunner.java:450)
at org.testng.SuiteRunner.privateRun(SuiteRunner.java:415)
at org.testng.SuiteRunner.run(SuiteRunner.java:364)
at org.testng.SuiteRunnerWorker.runSuite(SuiteRunnerWorker.java:52)
at org.testng.SuiteRunnerWorker.run(SuiteRunnerWorker.java:84)
at org.testng.TestNG.runSuitesSequentially(TestNG.java:1208)
at org.testng.TestNG.runSuitesLocally(TestNG.java:1137)
at org.testng.TestNG.runSuites(TestNG.java:1049)
at org.testng.TestNG.run(TestNG.java:1017)
at org.testng.remote.AbstractRemoteTestNG.run(AbstractRemoteTestNG.java:115)
at org.testng.remote.RemoteTestNG.initAndRun(RemoteTestNG.java:251)
at org.testng.remote.RemoteTestNG.main(RemoteTestNG.java:77)
]]>
            </full-stacktrace>
          </exception> <!-- org.openqa.selenium.NoSuchElementException -->
          <reporter-output>
          </reporter-output>
        </test-method> <!-- Script_0072 -->
        <test-method is-config="true" signature="FinEjecucion()[pri:0, instance:test.Tests_NotaDebitoCargo@45d84a20]" started-at="2021-07-01T17:28:20Z" name="FinEjecucion" finished-at="2021-07-01T17:28:20Z" duration-ms="150" status="PASS">
          <reporter-output>
          </reporter-output>
        </test-method> <!-- FinEjecucion -->
        <test-method is-config="true" signature="setUp()[pri:0, instance:test.Tests_NotaDebitoCargo@45d84a20]" started-at="2021-07-01T17:28:20Z" name="setUp" finished-at="2021-07-01T17:28:26Z" duration-ms="5461" status="PASS">
          <reporter-output>
          </reporter-output>
        </test-method> <!-- setUp -->
        <test-method signature="Script_0073()[pri:0, instance:test.Tests_NotaDebitoCargo@45d84a20]" started-at="2021-07-01T17:28:26Z" name="Script_0073" finished-at="2021-07-01T17:34:26Z" duration-ms="359738" status="FAIL">
          <exception class="org.openqa.selenium.NoSuchElementException">
            <message>
              <![CDATA[no such element: Unable to locate element: {"method":"css selector","selector":"*[name='btn_emitir']"}
  (Session info: chrome=91.0.4472.124)
For documentation on this error, please visit: http://seleniumhq.org/exceptions/no_such_element.html
Build info: version: '3.11.0', revision: 'e59cfb3', time: '2018-03-11T20:26:55.152Z'
System info: host: 'LAURAANDRADE', ip: '172.16.8.156', os.name: 'Windows 10', os.arch: 'amd64', os.version: '10.0', java.version: '15.0.2'
Driver info: org.openqa.selenium.chrome.ChromeDriver
Capabilities {acceptInsecureCerts: false, browserName: chrome, browserVersion: 91.0.4472.124, chrome: {chromedriverVersion: 90.0.4430.24 (4c6d850f087da..., userDataDir: C:\Users\LAURAA~1\AppData\L...}, goog:chromeOptions: {debuggerAddress: localhost:60829}, javascriptEnabled: true, networkConnectionEnabled: false, pageLoadStrategy: normal, platform: WINDOWS, platformName: WINDOWS, proxy: Proxy(), setWindowRect: true, strictFileInteractability: false, timeouts: {implicit: 0, pageLoad: 300000, script: 30000}, unhandledPromptBehavior: dismiss and notify, webauthn:extension:largeBlob: true, webauthn:virtualAuthenticators: true}
Session ID: 7c73cb5c33a02354b27bd4471d5e318e
*** Element info: {Using=name, value=btn_emitir}]]>
            </message>
            <full-stacktrace>
              <![CDATA[org.openqa.selenium.NoSuchElementException: no such element: Unable to locate element: {"method":"css selector","selector":"*[name='btn_emitir']"}
  (Session info: chrome=91.0.4472.124)
For documentation on this error, please visit: http://seleniumhq.org/exceptions/no_such_element.html
Build info: version: '3.11.0', revision: 'e59cfb3', time: '2018-03-11T20:26:55.152Z'
System info: host: 'LAURAANDRADE', ip: '172.16.8.156', os.name: 'Windows 10', os.arch: 'amd64', os.version: '10.0', java.version: '15.0.2'
Driver info: org.openqa.selenium.chrome.ChromeDriver
Capabilities {acceptInsecureCerts: false, browserName: chrome, browserVersion: 91.0.4472.124, chrome: {chromedriverVersion: 90.0.4430.24 (4c6d850f087da..., userDataDir: C:\Users\LAURAA~1\AppData\L...}, goog:chromeOptions: {debuggerAddress: localhost:60829}, javascriptEnabled: true, networkConnectionEnabled: false, pageLoadStrategy: normal, platform: WINDOWS, platformName: WINDOWS, proxy: Proxy(), setWindowRect: true, strictFileInteractability: false, timeouts: {implicit: 0, pageLoad: 300000, script: 30000}, unhandledPromptBehavior: dismiss and notify, webauthn:extension:largeBlob: true, webauthn:virtualAuthenticators: true}
Session ID: 7c73cb5c33a02354b27bd4471d5e318e
*** Element info: {Using=name, value=btn_emitir}
at jdk.internal.reflect.GeneratedConstructorAccessor101.newInstance(Unknown Source)
at java.base/jdk.internal.reflect.DelegatingConstructorAccessorImpl.newInstance(DelegatingConstructorAccessorImpl.java:45)
at java.base/java.lang.reflect.Constructor.newInstanceWithCaller(Constructor.java:500)
at java.base/java.lang.reflect.Constructor.newInstance(Constructor.java:481)
at org.openqa.selenium.remote.http.W3CHttpResponseCodec.createException(W3CHttpResponseCodec.java:187)
at org.openqa.selenium.remote.http.W3CHttpResponseCodec.decode(W3CHttpResponseCodec.java:122)
at org.openqa.selenium.remote.http.W3CHttpResponseCodec.decode(W3CHttpResponseCodec.java:49)
at org.openqa.selenium.remote.HttpCommandExecutor.execute(HttpCommandExecutor.java:158)
at org.openqa.selenium.remote.service.DriverCommandExecutor.execute(DriverCommandExecutor.java:83)
at org.openqa.selenium.remote.RemoteWebDriver.execute(RemoteWebDriver.java:545)
at org.openqa.selenium.remote.RemoteWebDriver.findElement(RemoteWebDriver.java:319)
at org.openqa.selenium.remote.RemoteWebDriver.findElementByName(RemoteWebDriver.java:397)
at org.openqa.selenium.By$ByName.findElement(By.java:303)
at org.openqa.selenium.remote.RemoteWebDriver.findElement(RemoteWebDriver.java:311)
at pages.PageFooter.clickEnviaraSunat(PageFooter.java:60)
at test.Tests_NotaDebitoCargo.Script_0073(Tests_NotaDebitoCargo.java:110)
at java.base/jdk.internal.reflect.NativeMethodAccessorImpl.invoke0(Native Method)
at java.base/jdk.internal.reflect.NativeMethodAccessorImpl.invoke(NativeMethodAccessorImpl.java:64)
at java.base/jdk.internal.reflect.DelegatingMethodAccessorImpl.invoke(DelegatingMethodAccessorImpl.java:43)
at java.base/java.lang.reflect.Method.invoke(Method.java:564)
at org.testng.internal.MethodInvocationHelper.invokeMethod(MethodInvocationHelper.java:124)
at org.testng.internal.Invoker.invokeMethod(Invoker.java:580)
at org.testng.internal.Invoker.invokeTestMethod(Invoker.java:716)
at org.testng.internal.Invoker.invokeTestMethods(Invoker.java:988)
at org.testng.internal.TestMethodWorker.invokeTestMethods(TestMethodWorker.java:125)
at org.testng.internal.TestMethodWorker.run(TestMethodWorker.java:109)
at org.testng.TestRunner.privateRun(TestRunner.java:648)
at org.testng.TestRunner.run(TestRunner.java:505)
at org.testng.SuiteRunner.runTest(SuiteRunner.java:455)
at org.testng.SuiteRunner.runSequentially(SuiteRunner.java:450)
at org.testng.SuiteRunner.privateRun(SuiteRunner.java:415)
at org.testng.SuiteRunner.run(SuiteRunner.java:364)
at org.testng.SuiteRunnerWorker.runSuite(SuiteRunnerWorker.java:52)
at org.testng.SuiteRunnerWorker.run(SuiteRunnerWorker.java:84)
at org.testng.TestNG.runSuitesSequentially(TestNG.java:1208)
at org.testng.TestNG.runSuitesLocally(TestNG.java:1137)
at org.testng.TestNG.runSuites(TestNG.java:1049)
at org.testng.TestNG.run(TestNG.java:1017)
at org.testng.remote.AbstractRemoteTestNG.run(AbstractRemoteTestNG.java:115)
at org.testng.remote.RemoteTestNG.initAndRun(RemoteTestNG.java:251)
at org.testng.remote.RemoteTestNG.main(RemoteTestNG.java:77)
]]>
            </full-stacktrace>
          </exception> <!-- org.openqa.selenium.NoSuchElementException -->
          <reporter-output>
          </reporter-output>
        </test-method> <!-- Script_0073 -->
        <test-method is-config="true" signature="FinEjecucion()[pri:0, instance:test.Tests_NotaDebitoCargo@45d84a20]" started-at="2021-07-01T17:34:26Z" name="FinEjecucion" finished-at="2021-07-01T17:34:26Z" duration-ms="125" status="PASS">
          <reporter-output>
          </reporter-output>
        </test-method> <!-- FinEjecucion -->
        <test-method is-config="true" signature="setUp()[pri:0, instance:test.Tests_NotaDebitoCargo@45d84a20]" started-at="2021-07-01T17:34:26Z" name="setUp" finished-at="2021-07-01T17:34:33Z" duration-ms="7212" status="PASS">
          <reporter-output>
          </reporter-output>
        </test-method> <!-- setUp -->
        <test-method signature="Script_0074()[pri:0, instance:test.Tests_NotaDebitoCargo@45d84a20]" started-at="2021-07-01T17:34:33Z" name="Script_0074" finished-at="2021-07-01T17:37:17Z" duration-ms="164271" status="FAIL">
          <exception class="org.openqa.selenium.NoSuchElementException">
            <message>
              <![CDATA[no such element: Unable to locate element: {"method":"css selector","selector":"*[name='btn_emitir']"}
  (Session info: chrome=91.0.4472.124)
For documentation on this error, please visit: http://seleniumhq.org/exceptions/no_such_element.html
Build info: version: '3.11.0', revision: 'e59cfb3', time: '2018-03-11T20:26:55.152Z'
System info: host: 'LAURAANDRADE', ip: '172.16.8.156', os.name: 'Windows 10', os.arch: 'amd64', os.version: '10.0', java.version: '15.0.2'
Driver info: org.openqa.selenium.chrome.ChromeDriver
Capabilities {acceptInsecureCerts: false, browserName: chrome, browserVersion: 91.0.4472.124, chrome: {chromedriverVersion: 90.0.4430.24 (4c6d850f087da..., userDataDir: C:\Users\LAURAA~1\AppData\L...}, goog:chromeOptions: {debuggerAddress: localhost:49678}, javascriptEnabled: true, networkConnectionEnabled: false, pageLoadStrategy: normal, platform: WINDOWS, platformName: WINDOWS, proxy: Proxy(), setWindowRect: true, strictFileInteractability: false, timeouts: {implicit: 0, pageLoad: 300000, script: 30000}, unhandledPromptBehavior: dismiss and notify, webauthn:extension:largeBlob: true, webauthn:virtualAuthenticators: true}
Session ID: 43d3352b62272caa7054e8b689121e37
*** Element info: {Using=name, value=btn_emitir}]]>
            </message>
            <full-stacktrace>
              <![CDATA[org.openqa.selenium.NoSuchElementException: no such element: Unable to locate element: {"method":"css selector","selector":"*[name='btn_emitir']"}
  (Session info: chrome=91.0.4472.124)
For documentation on this error, please visit: http://seleniumhq.org/exceptions/no_such_element.html
Build info: version: '3.11.0', revision: 'e59cfb3', time: '2018-03-11T20:26:55.152Z'
System info: host: 'LAURAANDRADE', ip: '172.16.8.156', os.name: 'Windows 10', os.arch: 'amd64', os.version: '10.0', java.version: '15.0.2'
Driver info: org.openqa.selenium.chrome.ChromeDriver
Capabilities {acceptInsecureCerts: false, browserName: chrome, browserVersion: 91.0.4472.124, chrome: {chromedriverVersion: 90.0.4430.24 (4c6d850f087da..., userDataDir: C:\Users\LAURAA~1\AppData\L...}, goog:chromeOptions: {debuggerAddress: localhost:49678}, javascriptEnabled: true, networkConnectionEnabled: false, pageLoadStrategy: normal, platform: WINDOWS, platformName: WINDOWS, proxy: Proxy(), setWindowRect: true, strictFileInteractability: false, timeouts: {implicit: 0, pageLoad: 300000, script: 30000}, unhandledPromptBehavior: dismiss and notify, webauthn:extension:largeBlob: true, webauthn:virtualAuthenticators: true}
Session ID: 43d3352b62272caa7054e8b689121e37
*** Element info: {Using=name, value=btn_emitir}
at jdk.internal.reflect.GeneratedConstructorAccessor101.newInstance(Unknown Source)
at java.base/jdk.internal.reflect.DelegatingConstructorAccessorImpl.newInstance(DelegatingConstructorAccessorImpl.java:45)
at java.base/java.lang.reflect.Constructor.newInstanceWithCaller(Constructor.java:500)
at java.base/java.lang.reflect.Constructor.newInstance(Constructor.java:481)
at org.openqa.selenium.remote.http.W3CHttpResponseCodec.createException(W3CHttpResponseCodec.java:187)
at org.openqa.selenium.remote.http.W3CHttpResponseCodec.decode(W3CHttpResponseCodec.java:122)
at org.openqa.selenium.remote.http.W3CHttpResponseCodec.decode(W3CHttpResponseCodec.java:49)
at org.openqa.selenium.remote.HttpCommandExecutor.execute(HttpCommandExecutor.java:158)
at org.openqa.selenium.remote.service.DriverCommandExecutor.execute(DriverCommandExecutor.java:83)
at org.openqa.selenium.remote.RemoteWebDriver.execute(RemoteWebDriver.java:545)
at org.openqa.selenium.remote.RemoteWebDriver.findElement(RemoteWebDriver.java:319)
at org.openqa.selenium.remote.RemoteWebDriver.findElementByName(RemoteWebDriver.java:397)
at org.openqa.selenium.By$ByName.findElement(By.java:303)
at org.openqa.selenium.remote.RemoteWebDriver.findElement(RemoteWebDriver.java:311)
at pages.PageFooter.clickEnviaraSunat(PageFooter.java:60)
at test.Tests_NotaDebitoCargo.Script_0074(Tests_NotaDebitoCargo.java:147)
at java.base/jdk.internal.reflect.NativeMethodAccessorImpl.invoke0(Native Method)
at java.base/jdk.internal.reflect.NativeMethodAccessorImpl.invoke(NativeMethodAccessorImpl.java:64)
at java.base/jdk.internal.reflect.DelegatingMethodAccessorImpl.invoke(DelegatingMethodAccessorImpl.java:43)
at java.base/java.lang.reflect.Method.invoke(Method.java:564)
at org.testng.internal.MethodInvocationHelper.invokeMethod(MethodInvocationHelper.java:124)
at org.testng.internal.Invoker.invokeMethod(Invoker.java:580)
at org.testng.internal.Invoker.invokeTestMethod(Invoker.java:716)
at org.testng.internal.Invoker.invokeTestMethods(Invoker.java:988)
at org.testng.internal.TestMethodWorker.invokeTestMethods(TestMethodWorker.java:125)
at org.testng.internal.TestMethodWorker.run(TestMethodWorker.java:109)
at org.testng.TestRunner.privateRun(TestRunner.java:648)
at org.testng.TestRunner.run(TestRunner.java:505)
at org.testng.SuiteRunner.runTest(SuiteRunner.java:455)
at org.testng.SuiteRunner.runSequentially(SuiteRunner.java:450)
at org.testng.SuiteRunner.privateRun(SuiteRunner.java:415)
at org.testng.SuiteRunner.run(SuiteRunner.java:364)
at org.testng.SuiteRunnerWorker.runSuite(SuiteRunnerWorker.java:52)
at org.testng.SuiteRunnerWorker.run(SuiteRunnerWorker.java:84)
at org.testng.TestNG.runSuitesSequentially(TestNG.java:1208)
at org.testng.TestNG.runSuitesLocally(TestNG.java:1137)
at org.testng.TestNG.runSuites(TestNG.java:1049)
at org.testng.TestNG.run(TestNG.java:1017)
at org.testng.remote.AbstractRemoteTestNG.run(AbstractRemoteTestNG.java:115)
at org.testng.remote.RemoteTestNG.initAndRun(RemoteTestNG.java:251)
at org.testng.remote.RemoteTestNG.main(RemoteTestNG.java:77)
]]>
            </full-stacktrace>
          </exception> <!-- org.openqa.selenium.NoSuchElementException -->
          <reporter-output>
          </reporter-output>
        </test-method> <!-- Script_0074 -->
        <test-method is-config="true" signature="FinEjecucion()[pri:0, instance:test.Tests_NotaDebitoCargo@45d84a20]" started-at="2021-07-01T17:37:17Z" name="FinEjecucion" finished-at="2021-07-01T17:37:17Z" duration-ms="140" status="PASS">
          <reporter-output>
          </reporter-output>
        </test-method> <!-- FinEjecucion -->
        <test-method is-config="true" signature="setUp()[pri:0, instance:test.Tests_NotaDebitoCargo@45d84a20]" started-at="2021-07-01T17:37:17Z" name="setUp" finished-at="2021-07-01T17:37:25Z" duration-ms="7347" status="PASS">
          <reporter-output>
          </reporter-output>
        </test-method> <!-- setUp -->
        <test-method signature="Script_0075()[pri:0, instance:test.Tests_NotaDebitoCargo@45d84a20]" started-at="2021-07-01T17:37:25Z" name="Script_0075" finished-at="2021-07-01T17:39:49Z" duration-ms="144226" status="FAIL">
          <exception class="org.openqa.selenium.NoSuchElementException">
            <message>
              <![CDATA[no such element: Unable to locate element: {"method":"css selector","selector":"*[name='btn_emitir']"}
  (Session info: chrome=91.0.4472.124)
For documentation on this error, please visit: http://seleniumhq.org/exceptions/no_such_element.html
Build info: version: '3.11.0', revision: 'e59cfb3', time: '2018-03-11T20:26:55.152Z'
System info: host: 'LAURAANDRADE', ip: '172.16.8.156', os.name: 'Windows 10', os.arch: 'amd64', os.version: '10.0', java.version: '15.0.2'
Driver info: org.openqa.selenium.chrome.ChromeDriver
Capabilities {acceptInsecureCerts: false, browserName: chrome, browserVersion: 91.0.4472.124, chrome: {chromedriverVersion: 90.0.4430.24 (4c6d850f087da..., userDataDir: C:\Users\LAURAA~1\AppData\L...}, goog:chromeOptions: {debuggerAddress: localhost:64081}, javascriptEnabled: true, networkConnectionEnabled: false, pageLoadStrategy: normal, platform: WINDOWS, platformName: WINDOWS, proxy: Proxy(), setWindowRect: true, strictFileInteractability: false, timeouts: {implicit: 0, pageLoad: 300000, script: 30000}, unhandledPromptBehavior: dismiss and notify, webauthn:extension:largeBlob: true, webauthn:virtualAuthenticators: true}
Session ID: 32033e62fc309143a390c193182c7cac
*** Element info: {Using=name, value=btn_emitir}]]>
            </message>
            <full-stacktrace>
              <![CDATA[org.openqa.selenium.NoSuchElementException: no such element: Unable to locate element: {"method":"css selector","selector":"*[name='btn_emitir']"}
  (Session info: chrome=91.0.4472.124)
For documentation on this error, please visit: http://seleniumhq.org/exceptions/no_such_element.html
Build info: version: '3.11.0', revision: 'e59cfb3', time: '2018-03-11T20:26:55.152Z'
System info: host: 'LAURAANDRADE', ip: '172.16.8.156', os.name: 'Windows 10', os.arch: 'amd64', os.version: '10.0', java.version: '15.0.2'
Driver info: org.openqa.selenium.chrome.ChromeDriver
Capabilities {acceptInsecureCerts: false, browserName: chrome, browserVersion: 91.0.4472.124, chrome: {chromedriverVersion: 90.0.4430.24 (4c6d850f087da..., userDataDir: C:\Users\LAURAA~1\AppData\L...}, goog:chromeOptions: {debuggerAddress: localhost:64081}, javascriptEnabled: true, networkConnectionEnabled: false, pageLoadStrategy: normal, platform: WINDOWS, platformName: WINDOWS, proxy: Proxy(), setWindowRect: true, strictFileInteractability: false, timeouts: {implicit: 0, pageLoad: 300000, script: 30000}, unhandledPromptBehavior: dismiss and notify, webauthn:extension:largeBlob: true, webauthn:virtualAuthenticators: true}
Session ID: 32033e62fc309143a390c193182c7cac
*** Element info: {Using=name, value=btn_emitir}
at jdk.internal.reflect.GeneratedConstructorAccessor101.newInstance(Unknown Source)
at java.base/jdk.internal.reflect.DelegatingConstructorAccessorImpl.newInstance(DelegatingConstructorAccessorImpl.java:45)
at java.base/java.lang.reflect.Constructor.newInstanceWithCaller(Constructor.java:500)
at java.base/java.lang.reflect.Constructor.newInstance(Constructor.java:481)
at org.openqa.selenium.remote.http.W3CHttpResponseCodec.createException(W3CHttpResponseCodec.java:187)
at org.openqa.selenium.remote.http.W3CHttpResponseCodec.decode(W3CHttpResponseCodec.java:122)
at org.openqa.selenium.remote.http.W3CHttpResponseCodec.decode(W3CHttpResponseCodec.java:49)
at org.openqa.selenium.remote.HttpCommandExecutor.execute(HttpCommandExecutor.java:158)
at org.openqa.selenium.remote.service.DriverCommandExecutor.execute(DriverCommandExecutor.java:83)
at org.openqa.selenium.remote.RemoteWebDriver.execute(RemoteWebDriver.java:545)
at org.openqa.selenium.remote.RemoteWebDriver.findElement(RemoteWebDriver.java:319)
at org.openqa.selenium.remote.RemoteWebDriver.findElementByName(RemoteWebDriver.java:397)
at org.openqa.selenium.By$ByName.findElement(By.java:303)
at org.openqa.selenium.remote.RemoteWebDriver.findElement(RemoteWebDriver.java:311)
at pages.PageFooter.clickEnviaraSunat(PageFooter.java:60)
at test.Tests_NotaDebitoCargo.Script_0075(Tests_NotaDebitoCargo.java:184)
at java.base/jdk.internal.reflect.NativeMethodAccessorImpl.invoke0(Native Method)
at java.base/jdk.internal.reflect.NativeMethodAccessorImpl.invoke(NativeMethodAccessorImpl.java:64)
at java.base/jdk.internal.reflect.DelegatingMethodAccessorImpl.invoke(DelegatingMethodAccessorImpl.java:43)
at java.base/java.lang.reflect.Method.invoke(Method.java:564)
at org.testng.internal.MethodInvocationHelper.invokeMethod(MethodInvocationHelper.java:124)
at org.testng.internal.Invoker.invokeMethod(Invoker.java:580)
at org.testng.internal.Invoker.invokeTestMethod(Invoker.java:716)
at org.testng.internal.Invoker.invokeTestMethods(Invoker.java:988)
at org.testng.internal.TestMethodWorker.invokeTestMethods(TestMethodWorker.java:125)
at org.testng.internal.TestMethodWorker.run(TestMethodWorker.java:109)
at org.testng.TestRunner.privateRun(TestRunner.java:648)
at org.testng.TestRunner.run(TestRunner.java:505)
at org.testng.SuiteRunner.runTest(SuiteRunner.java:455)
at org.testng.SuiteRunner.runSequentially(SuiteRunner.java:450)
at org.testng.SuiteRunner.privateRun(SuiteRunner.java:415)
at org.testng.SuiteRunner.run(SuiteRunner.java:364)
at org.testng.SuiteRunnerWorker.runSuite(SuiteRunnerWorker.java:52)
at org.testng.SuiteRunnerWorker.run(SuiteRunnerWorker.java:84)
at org.testng.TestNG.runSuitesSequentially(TestNG.java:1208)
at org.testng.TestNG.runSuitesLocally(TestNG.java:1137)
at org.testng.TestNG.runSuites(TestNG.java:1049)
at org.testng.TestNG.run(TestNG.java:1017)
at org.testng.remote.AbstractRemoteTestNG.run(AbstractRemoteTestNG.java:115)
at org.testng.remote.RemoteTestNG.initAndRun(RemoteTestNG.java:251)
at org.testng.remote.RemoteTestNG.main(RemoteTestNG.java:77)
]]>
            </full-stacktrace>
          </exception> <!-- org.openqa.selenium.NoSuchElementException -->
          <reporter-output>
          </reporter-output>
        </test-method> <!-- Script_0075 -->
        <test-method is-config="true" signature="FinEjecucion()[pri:0, instance:test.Tests_NotaDebitoCargo@45d84a20]" started-at="2021-07-01T17:39:49Z" name="FinEjecucion" finished-at="2021-07-01T17:39:49Z" duration-ms="145" status="PASS">
          <reporter-output>
          </reporter-output>
        </test-method> <!-- FinEjecucion -->
        <test-method is-config="true" signature="setUp()[pri:0, instance:test.Tests_NotaDebitoCargo@45d84a20]" started-at="2021-07-01T17:39:49Z" name="setUp" finished-at="2021-07-01T17:39:55Z" duration-ms="6361" status="PASS">
          <reporter-output>
          </reporter-output>
        </test-method> <!-- setUp -->
        <test-method signature="Script_0076()[pri:0, instance:test.Tests_NotaDebitoCargo@45d84a20]" started-at="2021-07-01T17:39:55Z" name="Script_0076" finished-at="2021-07-01T17:42:55Z" duration-ms="179489" status="FAIL">
          <exception class="org.openqa.selenium.NoSuchElementException">
            <message>
              <![CDATA[no such element: Unable to locate element: {"method":"css selector","selector":"*[name='btn_emitir']"}
  (Session info: chrome=91.0.4472.124)
For documentation on this error, please visit: http://seleniumhq.org/exceptions/no_such_element.html
Build info: version: '3.11.0', revision: 'e59cfb3', time: '2018-03-11T20:26:55.152Z'
System info: host: 'LAURAANDRADE', ip: '172.16.8.156', os.name: 'Windows 10', os.arch: 'amd64', os.version: '10.0', java.version: '15.0.2'
Driver info: org.openqa.selenium.chrome.ChromeDriver
Capabilities {acceptInsecureCerts: false, browserName: chrome, browserVersion: 91.0.4472.124, chrome: {chromedriverVersion: 90.0.4430.24 (4c6d850f087da..., userDataDir: C:\Users\LAURAA~1\AppData\L...}, goog:chromeOptions: {debuggerAddress: localhost:61652}, javascriptEnabled: true, networkConnectionEnabled: false, pageLoadStrategy: normal, platform: WINDOWS, platformName: WINDOWS, proxy: Proxy(), setWindowRect: true, strictFileInteractability: false, timeouts: {implicit: 0, pageLoad: 300000, script: 30000}, unhandledPromptBehavior: dismiss and notify, webauthn:extension:largeBlob: true, webauthn:virtualAuthenticators: true}
Session ID: 44e7bc6acd6c9063dc526ab8f058e40f
*** Element info: {Using=name, value=btn_emitir}]]>
            </message>
            <full-stacktrace>
              <![CDATA[org.openqa.selenium.NoSuchElementException: no such element: Unable to locate element: {"method":"css selector","selector":"*[name='btn_emitir']"}
  (Session info: chrome=91.0.4472.124)
For documentation on this error, please visit: http://seleniumhq.org/exceptions/no_such_element.html
Build info: version: '3.11.0', revision: 'e59cfb3', time: '2018-03-11T20:26:55.152Z'
System info: host: 'LAURAANDRADE', ip: '172.16.8.156', os.name: 'Windows 10', os.arch: 'amd64', os.version: '10.0', java.version: '15.0.2'
Driver info: org.openqa.selenium.chrome.ChromeDriver
Capabilities {acceptInsecureCerts: false, browserName: chrome, browserVersion: 91.0.4472.124, chrome: {chromedriverVersion: 90.0.4430.24 (4c6d850f087da..., userDataDir: C:\Users\LAURAA~1\AppData\L...}, goog:chromeOptions: {debuggerAddress: localhost:61652}, javascriptEnabled: true, networkConnectionEnabled: false, pageLoadStrategy: normal, platform: WINDOWS, platformName: WINDOWS, proxy: Proxy(), setWindowRect: true, strictFileInteractability: false, timeouts: {implicit: 0, pageLoad: 300000, script: 30000}, unhandledPromptBehavior: dismiss and notify, webauthn:extension:largeBlob: true, webauthn:virtualAuthenticators: true}
Session ID: 44e7bc6acd6c9063dc526ab8f058e40f
*** Element info: {Using=name, value=btn_emitir}
at jdk.internal.reflect.GeneratedConstructorAccessor101.newInstance(Unknown Source)
at java.base/jdk.internal.reflect.DelegatingConstructorAccessorImpl.newInstance(DelegatingConstructorAccessorImpl.java:45)
at java.base/java.lang.reflect.Constructor.newInstanceWithCaller(Constructor.java:500)
at java.base/java.lang.reflect.Constructor.newInstance(Constructor.java:481)
at org.openqa.selenium.remote.http.W3CHttpResponseCodec.createException(W3CHttpResponseCodec.java:187)
at org.openqa.selenium.remote.http.W3CHttpResponseCodec.decode(W3CHttpResponseCodec.java:122)
at org.openqa.selenium.remote.http.W3CHttpResponseCodec.decode(W3CHttpResponseCodec.java:49)
at org.openqa.selenium.remote.HttpCommandExecutor.execute(HttpCommandExecutor.java:158)
at org.openqa.selenium.remote.service.DriverCommandExecutor.execute(DriverCommandExecutor.java:83)
at org.openqa.selenium.remote.RemoteWebDriver.execute(RemoteWebDriver.java:545)
at org.openqa.selenium.remote.RemoteWebDriver.findElement(RemoteWebDriver.java:319)
at org.openqa.selenium.remote.RemoteWebDriver.findElementByName(RemoteWebDriver.java:397)
at org.openqa.selenium.By$ByName.findElement(By.java:303)
at org.openqa.selenium.remote.RemoteWebDriver.findElement(RemoteWebDriver.java:311)
at pages.PageFooter.clickEnviaraSunat(PageFooter.java:60)
at test.Tests_NotaDebitoCargo.Script_0076(Tests_NotaDebitoCargo.java:221)
at java.base/jdk.internal.reflect.NativeMethodAccessorImpl.invoke0(Native Method)
at java.base/jdk.internal.reflect.NativeMethodAccessorImpl.invoke(NativeMethodAccessorImpl.java:64)
at java.base/jdk.internal.reflect.DelegatingMethodAccessorImpl.invoke(DelegatingMethodAccessorImpl.java:43)
at java.base/java.lang.reflect.Method.invoke(Method.java:564)
at org.testng.internal.MethodInvocationHelper.invokeMethod(MethodInvocationHelper.java:124)
at org.testng.internal.Invoker.invokeMethod(Invoker.java:580)
at org.testng.internal.Invoker.invokeTestMethod(Invoker.java:716)
at org.testng.internal.Invoker.invokeTestMethods(Invoker.java:988)
at org.testng.internal.TestMethodWorker.invokeTestMethods(TestMethodWorker.java:125)
at org.testng.internal.TestMethodWorker.run(TestMethodWorker.java:109)
at org.testng.TestRunner.privateRun(TestRunner.java:648)
at org.testng.TestRunner.run(TestRunner.java:505)
at org.testng.SuiteRunner.runTest(SuiteRunner.java:455)
at org.testng.SuiteRunner.runSequentially(SuiteRunner.java:450)
at org.testng.SuiteRunner.privateRun(SuiteRunner.java:415)
at org.testng.SuiteRunner.run(SuiteRunner.java:364)
at org.testng.SuiteRunnerWorker.runSuite(SuiteRunnerWorker.java:52)
at org.testng.SuiteRunnerWorker.run(SuiteRunnerWorker.java:84)
at org.testng.TestNG.runSuitesSequentially(TestNG.java:1208)
at org.testng.TestNG.runSuitesLocally(TestNG.java:1137)
at org.testng.TestNG.runSuites(TestNG.java:1049)
at org.testng.TestNG.run(TestNG.java:1017)
at org.testng.remote.AbstractRemoteTestNG.run(AbstractRemoteTestNG.java:115)
at org.testng.remote.RemoteTestNG.initAndRun(RemoteTestNG.java:251)
at org.testng.remote.RemoteTestNG.main(RemoteTestNG.java:77)
]]>
            </full-stacktrace>
          </exception> <!-- org.openqa.selenium.NoSuchElementException -->
          <reporter-output>
          </reporter-output>
        </test-method> <!-- Script_0076 -->
        <test-method is-config="true" signature="FinEjecucion()[pri:0, instance:test.Tests_NotaDebitoCargo@45d84a20]" started-at="2021-07-01T17:42:55Z" name="FinEjecucion" finished-at="2021-07-01T17:42:55Z" duration-ms="148" status="PASS">
          <reporter-output>
          </reporter-output>
        </test-method> <!-- FinEjecucion -->
        <test-method is-config="true" signature="setUp()[pri:0, instance:test.Tests_NotaDebitoCargo@45d84a20]" started-at="2021-07-01T17:42:55Z" name="setUp" finished-at="2021-07-01T17:43:01Z" duration-ms="5533" status="PASS">
          <reporter-output>
          </reporter-output>
        </test-method> <!-- setUp -->
        <test-method signature="Script_0077()[pri:0, instance:test.Tests_NotaDebitoCargo@45d84a20]" started-at="2021-07-01T17:43:01Z" name="Script_0077" finished-at="2021-07-01T17:44:45Z" duration-ms="103916" status="FAIL">
          <exception class="org.openqa.selenium.NoSuchElementException">
            <message>
              <![CDATA[no such element: Unable to locate element: {"method":"css selector","selector":"*[name='btn_emitir']"}
  (Session info: chrome=91.0.4472.124)
For documentation on this error, please visit: http://seleniumhq.org/exceptions/no_such_element.html
Build info: version: '3.11.0', revision: 'e59cfb3', time: '2018-03-11T20:26:55.152Z'
System info: host: 'LAURAANDRADE', ip: '172.16.8.156', os.name: 'Windows 10', os.arch: 'amd64', os.version: '10.0', java.version: '15.0.2'
Driver info: org.openqa.selenium.chrome.ChromeDriver
Capabilities {acceptInsecureCerts: false, browserName: chrome, browserVersion: 91.0.4472.124, chrome: {chromedriverVersion: 90.0.4430.24 (4c6d850f087da..., userDataDir: C:\Users\LAURAA~1\AppData\L...}, goog:chromeOptions: {debuggerAddress: localhost:60629}, javascriptEnabled: true, networkConnectionEnabled: false, pageLoadStrategy: normal, platform: WINDOWS, platformName: WINDOWS, proxy: Proxy(), setWindowRect: true, strictFileInteractability: false, timeouts: {implicit: 0, pageLoad: 300000, script: 30000}, unhandledPromptBehavior: dismiss and notify, webauthn:extension:largeBlob: true, webauthn:virtualAuthenticators: true}
Session ID: 7515fb1920cada555bc82db4f10537fa
*** Element info: {Using=name, value=btn_emitir}]]>
            </message>
            <full-stacktrace>
              <![CDATA[org.openqa.selenium.NoSuchElementException: no such element: Unable to locate element: {"method":"css selector","selector":"*[name='btn_emitir']"}
  (Session info: chrome=91.0.4472.124)
For documentation on this error, please visit: http://seleniumhq.org/exceptions/no_such_element.html
Build info: version: '3.11.0', revision: 'e59cfb3', time: '2018-03-11T20:26:55.152Z'
System info: host: 'LAURAANDRADE', ip: '172.16.8.156', os.name: 'Windows 10', os.arch: 'amd64', os.version: '10.0', java.version: '15.0.2'
Driver info: org.openqa.selenium.chrome.ChromeDriver
Capabilities {acceptInsecureCerts: false, browserName: chrome, browserVersion: 91.0.4472.124, chrome: {chromedriverVersion: 90.0.4430.24 (4c6d850f087da..., userDataDir: C:\Users\LAURAA~1\AppData\L...}, goog:chromeOptions: {debuggerAddress: localhost:60629}, javascriptEnabled: true, networkConnectionEnabled: false, pageLoadStrategy: normal, platform: WINDOWS, platformName: WINDOWS, proxy: Proxy(), setWindowRect: true, strictFileInteractability: false, timeouts: {implicit: 0, pageLoad: 300000, script: 30000}, unhandledPromptBehavior: dismiss and notify, webauthn:extension:largeBlob: true, webauthn:virtualAuthenticators: true}
Session ID: 7515fb1920cada555bc82db4f10537fa
*** Element info: {Using=name, value=btn_emitir}
at jdk.internal.reflect.GeneratedConstructorAccessor101.newInstance(Unknown Source)
at java.base/jdk.internal.reflect.DelegatingConstructorAccessorImpl.newInstance(DelegatingConstructorAccessorImpl.java:45)
at java.base/java.lang.reflect.Constructor.newInstanceWithCaller(Constructor.java:500)
at java.base/java.lang.reflect.Constructor.newInstance(Constructor.java:481)
at org.openqa.selenium.remote.http.W3CHttpResponseCodec.createException(W3CHttpResponseCodec.java:187)
at org.openqa.selenium.remote.http.W3CHttpResponseCodec.decode(W3CHttpResponseCodec.java:122)
at org.openqa.selenium.remote.http.W3CHttpResponseCodec.decode(W3CHttpResponseCodec.java:49)
at org.openqa.selenium.remote.HttpCommandExecutor.execute(HttpCommandExecutor.java:158)
at org.openqa.selenium.remote.service.DriverCommandExecutor.execute(DriverCommandExecutor.java:83)
at org.openqa.selenium.remote.RemoteWebDriver.execute(RemoteWebDriver.java:545)
at org.openqa.selenium.remote.RemoteWebDriver.findElement(RemoteWebDriver.java:319)
at org.openqa.selenium.remote.RemoteWebDriver.findElementByName(RemoteWebDriver.java:397)
at org.openqa.selenium.By$ByName.findElement(By.java:303)
at org.openqa.selenium.remote.RemoteWebDriver.findElement(RemoteWebDriver.java:311)
at pages.PageFooter.clickEnviaraSunat(PageFooter.java:60)
at test.Tests_NotaDebitoCargo.Script_0077(Tests_NotaDebitoCargo.java:257)
at java.base/jdk.internal.reflect.NativeMethodAccessorImpl.invoke0(Native Method)
at java.base/jdk.internal.reflect.NativeMethodAccessorImpl.invoke(NativeMethodAccessorImpl.java:64)
at java.base/jdk.internal.reflect.DelegatingMethodAccessorImpl.invoke(DelegatingMethodAccessorImpl.java:43)
at java.base/java.lang.reflect.Method.invoke(Method.java:564)
at org.testng.internal.MethodInvocationHelper.invokeMethod(MethodInvocationHelper.java:124)
at org.testng.internal.Invoker.invokeMethod(Invoker.java:580)
at org.testng.internal.Invoker.invokeTestMethod(Invoker.java:716)
at org.testng.internal.Invoker.invokeTestMethods(Invoker.java:988)
at org.testng.internal.TestMethodWorker.invokeTestMethods(TestMethodWorker.java:125)
at org.testng.internal.TestMethodWorker.run(TestMethodWorker.java:109)
at org.testng.TestRunner.privateRun(TestRunner.java:648)
at org.testng.TestRunner.run(TestRunner.java:505)
at org.testng.SuiteRunner.runTest(SuiteRunner.java:455)
at org.testng.SuiteRunner.runSequentially(SuiteRunner.java:450)
at org.testng.SuiteRunner.privateRun(SuiteRunner.java:415)
at org.testng.SuiteRunner.run(SuiteRunner.java:364)
at org.testng.SuiteRunnerWorker.runSuite(SuiteRunnerWorker.java:52)
at org.testng.SuiteRunnerWorker.run(SuiteRunnerWorker.java:84)
at org.testng.TestNG.runSuitesSequentially(TestNG.java:1208)
at org.testng.TestNG.runSuitesLocally(TestNG.java:1137)
at org.testng.TestNG.runSuites(TestNG.java:1049)
at org.testng.TestNG.run(TestNG.java:1017)
at org.testng.remote.AbstractRemoteTestNG.run(AbstractRemoteTestNG.java:115)
at org.testng.remote.RemoteTestNG.initAndRun(RemoteTestNG.java:251)
at org.testng.remote.RemoteTestNG.main(RemoteTestNG.java:77)
]]>
            </full-stacktrace>
          </exception> <!-- org.openqa.selenium.NoSuchElementException -->
          <reporter-output>
          </reporter-output>
        </test-method> <!-- Script_0077 -->
        <test-method is-config="true" signature="FinEjecucion()[pri:0, instance:test.Tests_NotaDebitoCargo@45d84a20]" started-at="2021-07-01T17:44:45Z" name="FinEjecucion" finished-at="2021-07-01T17:44:45Z" duration-ms="165" status="PASS">
          <reporter-output>
          </reporter-output>
        </test-method> <!-- FinEjecucion -->
      </class> <!-- test.Tests_NotaDebitoCargo -->
      <class name="test.Tests_BoletaCargo">
        <test-method is-config="true" signature="setUp()[pri:0, instance:test.Tests_BoletaCargo@52f27fbd]" started-at="2021-07-01T17:44:45Z" name="setUp" finished-at="2021-07-01T17:44:50Z" duration-ms="5297" status="PASS">
          <reporter-output>
          </reporter-output>
        </test-method> <!-- setUp -->
        <test-method signature="Script_0042()[pri:0, instance:test.Tests_BoletaCargo@52f27fbd]" started-at="2021-07-01T17:44:50Z" name="Script_0042" finished-at="2021-07-01T17:47:29Z" duration-ms="159250" status="PASS">
          <reporter-output>
          </reporter-output>
        </test-method> <!-- Script_0042 -->
        <test-method is-config="true" signature="FinEjecucion()[pri:0, instance:test.Tests_BoletaCargo@52f27fbd]" started-at="2021-07-01T17:47:29Z" name="FinEjecucion" finished-at="2021-07-01T17:47:29Z" duration-ms="160" status="PASS">
          <reporter-output>
          </reporter-output>
        </test-method> <!-- FinEjecucion -->
        <test-method is-config="true" signature="setUp()[pri:0, instance:test.Tests_BoletaCargo@52f27fbd]" started-at="2021-07-01T17:47:29Z" name="setUp" finished-at="2021-07-01T17:47:37Z" duration-ms="7758" status="PASS">
          <reporter-output>
          </reporter-output>
        </test-method> <!-- setUp -->
        <test-method signature="Script_0043()[pri:0, instance:test.Tests_BoletaCargo@52f27fbd]" started-at="2021-07-01T17:47:37Z" name="Script_0043" finished-at="2021-07-01T17:49:57Z" duration-ms="140060" status="PASS">
          <reporter-output>
          </reporter-output>
        </test-method> <!-- Script_0043 -->
        <test-method is-config="true" signature="FinEjecucion()[pri:0, instance:test.Tests_BoletaCargo@52f27fbd]" started-at="2021-07-01T17:49:57Z" name="FinEjecucion" finished-at="2021-07-01T17:49:57Z" duration-ms="184" status="PASS">
          <reporter-output>
          </reporter-output>
        </test-method> <!-- FinEjecucion -->
        <test-method is-config="true" signature="setUp()[pri:0, instance:test.Tests_BoletaCargo@52f27fbd]" started-at="2021-07-01T17:49:57Z" name="setUp" finished-at="2021-07-01T17:50:03Z" duration-ms="5999" status="PASS">
          <reporter-output>
          </reporter-output>
        </test-method> <!-- setUp -->
        <test-method signature="Script_0044()[pri:0, instance:test.Tests_BoletaCargo@52f27fbd]" started-at="2021-07-01T17:50:03Z" name="Script_0044" finished-at="2021-07-01T17:52:24Z" duration-ms="140521" status="PASS">
          <reporter-output>
          </reporter-output>
        </test-method> <!-- Script_0044 -->
        <test-method is-config="true" signature="FinEjecucion()[pri:0, instance:test.Tests_BoletaCargo@52f27fbd]" started-at="2021-07-01T17:52:24Z" name="FinEjecucion" finished-at="2021-07-01T17:52:24Z" duration-ms="174" status="PASS">
          <reporter-output>
          </reporter-output>
        </test-method> <!-- FinEjecucion -->
        <test-method is-config="true" signature="setUp()[pri:0, instance:test.Tests_BoletaCargo@52f27fbd]" started-at="2021-07-01T17:52:24Z" name="setUp" finished-at="2021-07-01T17:52:30Z" duration-ms="6037" status="PASS">
          <reporter-output>
          </reporter-output>
        </test-method> <!-- setUp -->
        <test-method signature="Script_0045()[pri:0, instance:test.Tests_BoletaCargo@52f27fbd]" started-at="2021-07-01T17:52:30Z" name="Script_0045" finished-at="2021-07-01T17:56:22Z" duration-ms="232337" status="FAIL">
          <exception class="org.openqa.selenium.NoSuchElementException">
            <message>
              <![CDATA[no such element: Unable to locate element: {"method":"css selector","selector":"*[name='btn_emitir']"}
  (Session info: chrome=91.0.4472.124)
For documentation on this error, please visit: http://seleniumhq.org/exceptions/no_such_element.html
Build info: version: '3.11.0', revision: 'e59cfb3', time: '2018-03-11T20:26:55.152Z'
System info: host: 'LAURAANDRADE', ip: '172.16.8.156', os.name: 'Windows 10', os.arch: 'amd64', os.version: '10.0', java.version: '15.0.2'
Driver info: org.openqa.selenium.chrome.ChromeDriver
Capabilities {acceptInsecureCerts: false, browserName: chrome, browserVersion: 91.0.4472.124, chrome: {chromedriverVersion: 90.0.4430.24 (4c6d850f087da..., userDataDir: C:\Users\LAURAA~1\AppData\L...}, goog:chromeOptions: {debuggerAddress: localhost:63478}, javascriptEnabled: true, networkConnectionEnabled: false, pageLoadStrategy: normal, platform: WINDOWS, platformName: WINDOWS, proxy: Proxy(), setWindowRect: true, strictFileInteractability: false, timeouts: {implicit: 0, pageLoad: 300000, script: 30000}, unhandledPromptBehavior: dismiss and notify, webauthn:extension:largeBlob: true, webauthn:virtualAuthenticators: true}
Session ID: c6d0b33daea9328cc6abed8f026ae464
*** Element info: {Using=name, value=btn_emitir}]]>
            </message>
            <full-stacktrace>
              <![CDATA[org.openqa.selenium.NoSuchElementException: no such element: Unable to locate element: {"method":"css selector","selector":"*[name='btn_emitir']"}
  (Session info: chrome=91.0.4472.124)
For documentation on this error, please visit: http://seleniumhq.org/exceptions/no_such_element.html
Build info: version: '3.11.0', revision: 'e59cfb3', time: '2018-03-11T20:26:55.152Z'
System info: host: 'LAURAANDRADE', ip: '172.16.8.156', os.name: 'Windows 10', os.arch: 'amd64', os.version: '10.0', java.version: '15.0.2'
Driver info: org.openqa.selenium.chrome.ChromeDriver
Capabilities {acceptInsecureCerts: false, browserName: chrome, browserVersion: 91.0.4472.124, chrome: {chromedriverVersion: 90.0.4430.24 (4c6d850f087da..., userDataDir: C:\Users\LAURAA~1\AppData\L...}, goog:chromeOptions: {debuggerAddress: localhost:63478}, javascriptEnabled: true, networkConnectionEnabled: false, pageLoadStrategy: normal, platform: WINDOWS, platformName: WINDOWS, proxy: Proxy(), setWindowRect: true, strictFileInteractability: false, timeouts: {implicit: 0, pageLoad: 300000, script: 30000}, unhandledPromptBehavior: dismiss and notify, webauthn:extension:largeBlob: true, webauthn:virtualAuthenticators: true}
Session ID: c6d0b33daea9328cc6abed8f026ae464
*** Element info: {Using=name, value=btn_emitir}
at jdk.internal.reflect.GeneratedConstructorAccessor101.newInstance(Unknown Source)
at java.base/jdk.internal.reflect.DelegatingConstructorAccessorImpl.newInstance(DelegatingConstructorAccessorImpl.java:45)
at java.base/java.lang.reflect.Constructor.newInstanceWithCaller(Constructor.java:500)
at java.base/java.lang.reflect.Constructor.newInstance(Constructor.java:481)
at org.openqa.selenium.remote.http.W3CHttpResponseCodec.createException(W3CHttpResponseCodec.java:187)
at org.openqa.selenium.remote.http.W3CHttpResponseCodec.decode(W3CHttpResponseCodec.java:122)
at org.openqa.selenium.remote.http.W3CHttpResponseCodec.decode(W3CHttpResponseCodec.java:49)
at org.openqa.selenium.remote.HttpCommandExecutor.execute(HttpCommandExecutor.java:158)
at org.openqa.selenium.remote.service.DriverCommandExecutor.execute(DriverCommandExecutor.java:83)
at org.openqa.selenium.remote.RemoteWebDriver.execute(RemoteWebDriver.java:545)
at org.openqa.selenium.remote.RemoteWebDriver.findElement(RemoteWebDriver.java:319)
at org.openqa.selenium.remote.RemoteWebDriver.findElementByName(RemoteWebDriver.java:397)
at org.openqa.selenium.By$ByName.findElement(By.java:303)
at org.openqa.selenium.remote.RemoteWebDriver.findElement(RemoteWebDriver.java:311)
at pages.PageFooter.clickEnviaraSunat(PageFooter.java:60)
at test.Tests_BoletaCargo.Script_0045(Tests_BoletaCargo.java:186)
at java.base/jdk.internal.reflect.NativeMethodAccessorImpl.invoke0(Native Method)
at java.base/jdk.internal.reflect.NativeMethodAccessorImpl.invoke(NativeMethodAccessorImpl.java:64)
at java.base/jdk.internal.reflect.DelegatingMethodAccessorImpl.invoke(DelegatingMethodAccessorImpl.java:43)
at java.base/java.lang.reflect.Method.invoke(Method.java:564)
at org.testng.internal.MethodInvocationHelper.invokeMethod(MethodInvocationHelper.java:124)
at org.testng.internal.Invoker.invokeMethod(Invoker.java:580)
at org.testng.internal.Invoker.invokeTestMethod(Invoker.java:716)
at org.testng.internal.Invoker.invokeTestMethods(Invoker.java:988)
at org.testng.internal.TestMethodWorker.invokeTestMethods(TestMethodWorker.java:125)
at org.testng.internal.TestMethodWorker.run(TestMethodWorker.java:109)
at org.testng.TestRunner.privateRun(TestRunner.java:648)
at org.testng.TestRunner.run(TestRunner.java:505)
at org.testng.SuiteRunner.runTest(SuiteRunner.java:455)
at org.testng.SuiteRunner.runSequentially(SuiteRunner.java:450)
at org.testng.SuiteRunner.privateRun(SuiteRunner.java:415)
at org.testng.SuiteRunner.run(SuiteRunner.java:364)
at org.testng.SuiteRunnerWorker.runSuite(SuiteRunnerWorker.java:52)
at org.testng.SuiteRunnerWorker.run(SuiteRunnerWorker.java:84)
at org.testng.TestNG.runSuitesSequentially(TestNG.java:1208)
at org.testng.TestNG.runSuitesLocally(TestNG.java:1137)
at org.testng.TestNG.runSuites(TestNG.java:1049)
at org.testng.TestNG.run(TestNG.java:1017)
at org.testng.remote.AbstractRemoteTestNG.run(AbstractRemoteTestNG.java:115)
at org.testng.remote.RemoteTestNG.initAndRun(RemoteTestNG.java:251)
at org.testng.remote.RemoteTestNG.main(RemoteTestNG.java:77)
]]>
            </full-stacktrace>
          </exception> <!-- org.openqa.selenium.NoSuchElementException -->
          <reporter-output>
          </reporter-output>
        </test-method> <!-- Script_0045 -->
        <test-method is-config="true" signature="FinEjecucion()[pri:0, instance:test.Tests_BoletaCargo@52f27fbd]" started-at="2021-07-01T17:56:22Z" name="FinEjecucion" finished-at="2021-07-01T17:56:23Z" duration-ms="148" status="PASS">
          <reporter-output>
          </reporter-output>
        </test-method> <!-- FinEjecucion -->
        <test-method is-config="true" signature="setUp()[pri:0, instance:test.Tests_BoletaCargo@52f27fbd]" started-at="2021-07-01T17:56:23Z" name="setUp" finished-at="2021-07-01T17:56:29Z" duration-ms="6613" status="PASS">
          <reporter-output>
          </reporter-output>
        </test-method> <!-- setUp -->
        <test-method signature="Script_0046()[pri:0, instance:test.Tests_BoletaCargo@52f27fbd]" started-at="2021-07-01T17:56:29Z" name="Script_0046" finished-at="2021-07-01T17:59:00Z" duration-ms="150912" status="PASS">
          <reporter-output>
          </reporter-output>
        </test-method> <!-- Script_0046 -->
        <test-method is-config="true" signature="FinEjecucion()[pri:0, instance:test.Tests_BoletaCargo@52f27fbd]" started-at="2021-07-01T17:59:00Z" name="FinEjecucion" finished-at="2021-07-01T17:59:00Z" duration-ms="182" status="PASS">
          <reporter-output>
          </reporter-output>
        </test-method> <!-- FinEjecucion -->
        <test-method is-config="true" signature="setUp()[pri:0, instance:test.Tests_BoletaCargo@52f27fbd]" started-at="2021-07-01T17:59:00Z" name="setUp" finished-at="2021-07-01T17:59:06Z" duration-ms="5866" status="PASS">
          <reporter-output>
          </reporter-output>
        </test-method> <!-- setUp -->
        <test-method signature="Script_0047()[pri:0, instance:test.Tests_BoletaCargo@52f27fbd]" started-at="2021-07-01T17:59:06Z" name="Script_0047" finished-at="2021-07-01T18:01:25Z" duration-ms="138674" status="PASS">
          <reporter-output>
          </reporter-output>
        </test-method> <!-- Script_0047 -->
        <test-method is-config="true" signature="FinEjecucion()[pri:0, instance:test.Tests_BoletaCargo@52f27fbd]" started-at="2021-07-01T18:01:25Z" name="FinEjecucion" finished-at="2021-07-01T18:01:25Z" duration-ms="166" status="PASS">
          <reporter-output>
          </reporter-output>
        </test-method> <!-- FinEjecucion -->
        <test-method is-config="true" signature="setUp()[pri:0, instance:test.Tests_BoletaCargo@52f27fbd]" started-at="2021-07-01T18:01:25Z" name="setUp" finished-at="2021-07-01T18:01:32Z" duration-ms="6733" status="PASS">
          <reporter-output>
          </reporter-output>
        </test-method> <!-- setUp -->
        <test-method signature="Script_0048()[pri:0, instance:test.Tests_BoletaCargo@52f27fbd]" started-at="2021-07-01T18:01:32Z" name="Script_0048" finished-at="2021-07-01T18:04:26Z" duration-ms="173995" status="FAIL">
          <exception class="org.openqa.selenium.NoSuchElementException">
            <message>
              <![CDATA[no such element: Unable to locate element: {"method":"css selector","selector":"*[name='btn_emitir']"}
  (Session info: chrome=91.0.4472.124)
For documentation on this error, please visit: http://seleniumhq.org/exceptions/no_such_element.html
Build info: version: '3.11.0', revision: 'e59cfb3', time: '2018-03-11T20:26:55.152Z'
System info: host: 'LAURAANDRADE', ip: '172.16.8.156', os.name: 'Windows 10', os.arch: 'amd64', os.version: '10.0', java.version: '15.0.2'
Driver info: org.openqa.selenium.chrome.ChromeDriver
Capabilities {acceptInsecureCerts: false, browserName: chrome, browserVersion: 91.0.4472.124, chrome: {chromedriverVersion: 90.0.4430.24 (4c6d850f087da..., userDataDir: C:\Users\LAURAA~1\AppData\L...}, goog:chromeOptions: {debuggerAddress: localhost:57853}, javascriptEnabled: true, networkConnectionEnabled: false, pageLoadStrategy: normal, platform: WINDOWS, platformName: WINDOWS, proxy: Proxy(), setWindowRect: true, strictFileInteractability: false, timeouts: {implicit: 0, pageLoad: 300000, script: 30000}, unhandledPromptBehavior: dismiss and notify, webauthn:extension:largeBlob: true, webauthn:virtualAuthenticators: true}
Session ID: adc26c5cdab99eee72785b2affda1a8d
*** Element info: {Using=name, value=btn_emitir}]]>
            </message>
            <full-stacktrace>
              <![CDATA[org.openqa.selenium.NoSuchElementException: no such element: Unable to locate element: {"method":"css selector","selector":"*[name='btn_emitir']"}
  (Session info: chrome=91.0.4472.124)
For documentation on this error, please visit: http://seleniumhq.org/exceptions/no_such_element.html
Build info: version: '3.11.0', revision: 'e59cfb3', time: '2018-03-11T20:26:55.152Z'
System info: host: 'LAURAANDRADE', ip: '172.16.8.156', os.name: 'Windows 10', os.arch: 'amd64', os.version: '10.0', java.version: '15.0.2'
Driver info: org.openqa.selenium.chrome.ChromeDriver
Capabilities {acceptInsecureCerts: false, browserName: chrome, browserVersion: 91.0.4472.124, chrome: {chromedriverVersion: 90.0.4430.24 (4c6d850f087da..., userDataDir: C:\Users\LAURAA~1\AppData\L...}, goog:chromeOptions: {debuggerAddress: localhost:57853}, javascriptEnabled: true, networkConnectionEnabled: false, pageLoadStrategy: normal, platform: WINDOWS, platformName: WINDOWS, proxy: Proxy(), setWindowRect: true, strictFileInteractability: false, timeouts: {implicit: 0, pageLoad: 300000, script: 30000}, unhandledPromptBehavior: dismiss and notify, webauthn:extension:largeBlob: true, webauthn:virtualAuthenticators: true}
Session ID: adc26c5cdab99eee72785b2affda1a8d
*** Element info: {Using=name, value=btn_emitir}
at jdk.internal.reflect.GeneratedConstructorAccessor101.newInstance(Unknown Source)
at java.base/jdk.internal.reflect.DelegatingConstructorAccessorImpl.newInstance(DelegatingConstructorAccessorImpl.java:45)
at java.base/java.lang.reflect.Constructor.newInstanceWithCaller(Constructor.java:500)
at java.base/java.lang.reflect.Constructor.newInstance(Constructor.java:481)
at org.openqa.selenium.remote.http.W3CHttpResponseCodec.createException(W3CHttpResponseCodec.java:187)
at org.openqa.selenium.remote.http.W3CHttpResponseCodec.decode(W3CHttpResponseCodec.java:122)
at org.openqa.selenium.remote.http.W3CHttpResponseCodec.decode(W3CHttpResponseCodec.java:49)
at org.openqa.selenium.remote.HttpCommandExecutor.execute(HttpCommandExecutor.java:158)
at org.openqa.selenium.remote.service.DriverCommandExecutor.execute(DriverCommandExecutor.java:83)
at org.openqa.selenium.remote.RemoteWebDriver.execute(RemoteWebDriver.java:545)
at org.openqa.selenium.remote.RemoteWebDriver.findElement(RemoteWebDriver.java:319)
at org.openqa.selenium.remote.RemoteWebDriver.findElementByName(RemoteWebDriver.java:397)
at org.openqa.selenium.By$ByName.findElement(By.java:303)
at org.openqa.selenium.remote.RemoteWebDriver.findElement(RemoteWebDriver.java:311)
at pages.PageFooter.clickEnviaraSunat(PageFooter.java:60)
at test.Tests_BoletaCargo.Script_0048(Tests_BoletaCargo.java:302)
at java.base/jdk.internal.reflect.NativeMethodAccessorImpl.invoke0(Native Method)
at java.base/jdk.internal.reflect.NativeMethodAccessorImpl.invoke(NativeMethodAccessorImpl.java:64)
at java.base/jdk.internal.reflect.DelegatingMethodAccessorImpl.invoke(DelegatingMethodAccessorImpl.java:43)
at java.base/java.lang.reflect.Method.invoke(Method.java:564)
at org.testng.internal.MethodInvocationHelper.invokeMethod(MethodInvocationHelper.java:124)
at org.testng.internal.Invoker.invokeMethod(Invoker.java:580)
at org.testng.internal.Invoker.invokeTestMethod(Invoker.java:716)
at org.testng.internal.Invoker.invokeTestMethods(Invoker.java:988)
at org.testng.internal.TestMethodWorker.invokeTestMethods(TestMethodWorker.java:125)
at org.testng.internal.TestMethodWorker.run(TestMethodWorker.java:109)
at org.testng.TestRunner.privateRun(TestRunner.java:648)
at org.testng.TestRunner.run(TestRunner.java:505)
at org.testng.SuiteRunner.runTest(SuiteRunner.java:455)
at org.testng.SuiteRunner.runSequentially(SuiteRunner.java:450)
at org.testng.SuiteRunner.privateRun(SuiteRunner.java:415)
at org.testng.SuiteRunner.run(SuiteRunner.java:364)
at org.testng.SuiteRunnerWorker.runSuite(SuiteRunnerWorker.java:52)
at org.testng.SuiteRunnerWorker.run(SuiteRunnerWorker.java:84)
at org.testng.TestNG.runSuitesSequentially(TestNG.java:1208)
at org.testng.TestNG.runSuitesLocally(TestNG.java:1137)
at org.testng.TestNG.runSuites(TestNG.java:1049)
at org.testng.TestNG.run(TestNG.java:1017)
at org.testng.remote.AbstractRemoteTestNG.run(AbstractRemoteTestNG.java:115)
at org.testng.remote.RemoteTestNG.initAndRun(RemoteTestNG.java:251)
at org.testng.remote.RemoteTestNG.main(RemoteTestNG.java:77)
]]>
            </full-stacktrace>
          </exception> <!-- org.openqa.selenium.NoSuchElementException -->
          <reporter-output>
          </reporter-output>
        </test-method> <!-- Script_0048 -->
        <test-method is-config="true" signature="FinEjecucion()[pri:0, instance:test.Tests_BoletaCargo@52f27fbd]" started-at="2021-07-01T18:04:26Z" name="FinEjecucion" finished-at="2021-07-01T18:04:26Z" duration-ms="152" status="PASS">
          <reporter-output>
          </reporter-output>
        </test-method> <!-- FinEjecucion -->
        <test-method is-config="true" signature="setUp()[pri:0, instance:test.Tests_BoletaCargo@52f27fbd]" started-at="2021-07-01T18:04:26Z" name="setUp" finished-at="2021-07-01T18:04:33Z" duration-ms="6632" status="PASS">
          <reporter-output>
          </reporter-output>
        </test-method> <!-- setUp -->
        <test-method signature="Script_0049()[pri:0, instance:test.Tests_BoletaCargo@52f27fbd]" started-at="2021-07-01T18:04:33Z" name="Script_0049" finished-at="2021-07-01T18:06:59Z" duration-ms="146434" status="PASS">
          <reporter-output>
          </reporter-output>
        </test-method> <!-- Script_0049 -->
        <test-method is-config="true" signature="FinEjecucion()[pri:0, instance:test.Tests_BoletaCargo@52f27fbd]" started-at="2021-07-01T18:06:59Z" name="FinEjecucion" finished-at="2021-07-01T18:06:59Z" duration-ms="169" status="PASS">
          <reporter-output>
          </reporter-output>
        </test-method> <!-- FinEjecucion -->
        <test-method is-config="true" signature="setUp()[pri:0, instance:test.Tests_BoletaCargo@52f27fbd]" started-at="2021-07-01T18:06:59Z" name="setUp" finished-at="2021-07-01T18:07:07Z" duration-ms="7333" status="PASS">
          <reporter-output>
          </reporter-output>
        </test-method> <!-- setUp -->
        <test-method signature="Script_0050()[pri:0, instance:test.Tests_BoletaCargo@52f27fbd]" started-at="2021-07-01T18:07:07Z" name="Script_0050" finished-at="2021-07-01T18:09:33Z" duration-ms="146783" status="PASS">
          <reporter-output>
          </reporter-output>
        </test-method> <!-- Script_0050 -->
        <test-method is-config="true" signature="FinEjecucion()[pri:0, instance:test.Tests_BoletaCargo@52f27fbd]" started-at="2021-07-01T18:09:33Z" name="FinEjecucion" finished-at="2021-07-01T18:09:33Z" duration-ms="169" status="PASS">
          <reporter-output>
          </reporter-output>
        </test-method> <!-- FinEjecucion -->
        <test-method is-config="true" signature="setUp()[pri:0, instance:test.Tests_BoletaCargo@52f27fbd]" started-at="2021-07-01T18:09:33Z" name="setUp" finished-at="2021-07-01T18:09:39Z" duration-ms="5212" status="PASS">
          <reporter-output>
          </reporter-output>
        </test-method> <!-- setUp -->
        <test-method signature="Script_0051()[pri:0, instance:test.Tests_BoletaCargo@52f27fbd]" started-at="2021-07-01T18:09:39Z" name="Script_0051" finished-at="2021-07-01T18:12:03Z" duration-ms="143995" status="PASS">
          <reporter-output>
          </reporter-output>
        </test-method> <!-- Script_0051 -->
        <test-method is-config="true" signature="FinEjecucion()[pri:0, instance:test.Tests_BoletaCargo@52f27fbd]" started-at="2021-07-01T18:12:03Z" name="FinEjecucion" finished-at="2021-07-01T18:12:03Z" duration-ms="230" status="PASS">
          <reporter-output>
          </reporter-output>
        </test-method> <!-- FinEjecucion -->
      </class> <!-- test.Tests_BoletaCargo -->
      <class name="test.Tests_BoletaExonerada">
        <test-method is-config="true" signature="setUp()[pri:0, instance:test.Tests_BoletaExonerada@4c163e3]" started-at="2021-07-01T18:12:03Z" name="setUp" finished-at="2021-07-01T18:12:09Z" duration-ms="6510" status="PASS">
          <reporter-output>
          </reporter-output>
        </test-method> <!-- setUp -->
        <test-method signature="Script_0057()[pri:0, instance:test.Tests_BoletaExonerada@4c163e3]" started-at="2021-07-01T18:12:09Z" name="Script_0057" finished-at="2021-07-01T18:14:28Z" duration-ms="138597" status="PASS">
          <reporter-output>
          </reporter-output>
        </test-method> <!-- Script_0057 -->
        <test-method is-config="true" signature="FinEjecucion()[pri:0, instance:test.Tests_BoletaExonerada@4c163e3]" started-at="2021-07-01T18:14:28Z" name="FinEjecucion" finished-at="2021-07-01T18:14:28Z" duration-ms="172" status="PASS">
          <reporter-output>
          </reporter-output>
        </test-method> <!-- FinEjecucion -->
        <test-method is-config="true" signature="setUp()[pri:0, instance:test.Tests_BoletaExonerada@4c163e3]" started-at="2021-07-01T18:14:28Z" name="setUp" finished-at="2021-07-01T18:14:34Z" duration-ms="5497" status="PASS">
          <reporter-output>
          </reporter-output>
        </test-method> <!-- setUp -->
        <test-method signature="Script_0058()[pri:0, instance:test.Tests_BoletaExonerada@4c163e3]" started-at="2021-07-01T18:14:34Z" name="Script_0058" finished-at="2021-07-01T18:16:55Z" duration-ms="141467" status="PASS">
          <reporter-output>
          </reporter-output>
        </test-method> <!-- Script_0058 -->
        <test-method is-config="true" signature="FinEjecucion()[pri:0, instance:test.Tests_BoletaExonerada@4c163e3]" started-at="2021-07-01T18:16:55Z" name="FinEjecucion" finished-at="2021-07-01T18:16:55Z" duration-ms="160" status="PASS">
          <reporter-output>
          </reporter-output>
        </test-method> <!-- FinEjecucion -->
      </class> <!-- test.Tests_BoletaExonerada -->
      <class name="test.Tests_FacturaAfectaGratuita">
        <test-method is-config="true" signature="setUp()[pri:0, instance:test.Tests_FacturaAfectaGratuita@4a8355dd]" started-at="2021-07-01T18:16:55Z" name="setUp" finished-at="2021-07-01T18:17:01Z" duration-ms="5727" status="PASS">
          <reporter-output>
          </reporter-output>
        </test-method> <!-- setUp -->
        <test-method signature="Script_0026()[pri:0, instance:test.Tests_FacturaAfectaGratuita@4a8355dd]" started-at="2021-07-01T18:17:01Z" name="Script_0026" finished-at="2021-07-01T18:20:00Z" duration-ms="179221" status="PASS">
          <reporter-output>
          </reporter-output>
        </test-method> <!-- Script_0026 -->
        <test-method is-config="true" signature="FinEjecucion()[pri:0, instance:test.Tests_FacturaAfectaGratuita@4a8355dd]" started-at="2021-07-01T18:20:00Z" name="FinEjecucion" finished-at="2021-07-01T18:20:00Z" duration-ms="174" status="PASS">
          <reporter-output>
          </reporter-output>
        </test-method> <!-- FinEjecucion -->
        <test-method is-config="true" signature="setUp()[pri:0, instance:test.Tests_FacturaAfectaGratuita@4a8355dd]" started-at="2021-07-01T18:20:00Z" name="setUp" finished-at="2021-07-01T18:20:07Z" duration-ms="6398" status="PASS">
          <reporter-output>
          </reporter-output>
        </test-method> <!-- setUp -->
        <test-method signature="Script_0027()[pri:0, instance:test.Tests_FacturaAfectaGratuita@4a8355dd]" started-at="2021-07-01T18:20:07Z" name="Script_0027" finished-at="2021-07-01T18:23:29Z" duration-ms="202608" status="PASS">
          <reporter-output>
          </reporter-output>
        </test-method> <!-- Script_0027 -->
        <test-method is-config="true" signature="FinEjecucion()[pri:0, instance:test.Tests_FacturaAfectaGratuita@4a8355dd]" started-at="2021-07-01T18:23:29Z" name="FinEjecucion" finished-at="2021-07-01T18:23:30Z" duration-ms="218" status="PASS">
          <reporter-output>
          </reporter-output>
        </test-method> <!-- FinEjecucion -->
        <test-method is-config="true" signature="setUp()[pri:0, instance:test.Tests_FacturaAfectaGratuita@4a8355dd]" started-at="2021-07-01T18:23:30Z" name="setUp" finished-at="2021-07-01T18:23:36Z" duration-ms="6043" status="PASS">
          <reporter-output>
          </reporter-output>
        </test-method> <!-- setUp -->
        <test-method signature="Script_0028()[pri:0, instance:test.Tests_FacturaAfectaGratuita@4a8355dd]" started-at="2021-07-01T18:23:36Z" name="Script_0028" finished-at="2021-07-01T18:26:34Z" duration-ms="177802" status="PASS">
          <reporter-output>
          </reporter-output>
        </test-method> <!-- Script_0028 -->
        <test-method is-config="true" signature="FinEjecucion()[pri:0, instance:test.Tests_FacturaAfectaGratuita@4a8355dd]" started-at="2021-07-01T18:26:34Z" name="FinEjecucion" finished-at="2021-07-01T18:26:34Z" duration-ms="142" status="PASS">
          <reporter-output>
          </reporter-output>
        </test-method> <!-- FinEjecucion -->
        <test-method is-config="true" signature="setUp()[pri:0, instance:test.Tests_FacturaAfectaGratuita@4a8355dd]" started-at="2021-07-01T18:26:34Z" name="setUp" finished-at="2021-07-01T18:26:40Z" duration-ms="6716" status="PASS">
          <reporter-output>
          </reporter-output>
        </test-method> <!-- setUp -->
        <test-method signature="Script_0029()[pri:0, instance:test.Tests_FacturaAfectaGratuita@4a8355dd]" started-at="2021-07-01T18:26:40Z" name="Script_0029" finished-at="2021-07-01T18:29:25Z" duration-ms="165098" status="PASS">
          <reporter-output>
          </reporter-output>
        </test-method> <!-- Script_0029 -->
        <test-method is-config="true" signature="FinEjecucion()[pri:0, instance:test.Tests_FacturaAfectaGratuita@4a8355dd]" started-at="2021-07-01T18:29:25Z" name="FinEjecucion" finished-at="2021-07-01T18:29:26Z" duration-ms="143" status="PASS">
          <reporter-output>
          </reporter-output>
        </test-method> <!-- FinEjecucion -->
        <test-method is-config="true" signature="setUp()[pri:0, instance:test.Tests_FacturaAfectaGratuita@4a8355dd]" started-at="2021-07-01T18:29:26Z" name="setUp" finished-at="2021-07-01T18:29:31Z" duration-ms="5808" status="PASS">
          <reporter-output>
          </reporter-output>
        </test-method> <!-- setUp -->
        <test-method signature="Script_0030()[pri:0, instance:test.Tests_FacturaAfectaGratuita@4a8355dd]" started-at="2021-07-01T18:29:31Z" name="Script_0030" finished-at="2021-07-01T18:32:10Z" duration-ms="158749" status="FAIL">
          <exception class="org.openqa.selenium.NoSuchElementException">
            <message>
              <![CDATA[no such element: Unable to locate element: {"method":"css selector","selector":"#emision_express_peru_modal_v2_modal > div > div > div.modal-body.container-fluid > h4 > a"}
  (Session info: chrome=91.0.4472.124)
For documentation on this error, please visit: http://seleniumhq.org/exceptions/no_such_element.html
Build info: version: '3.11.0', revision: 'e59cfb3', time: '2018-03-11T20:26:55.152Z'
System info: host: 'LAURAANDRADE', ip: '172.16.8.156', os.name: 'Windows 10', os.arch: 'amd64', os.version: '10.0', java.version: '15.0.2'
Driver info: org.openqa.selenium.chrome.ChromeDriver
Capabilities {acceptInsecureCerts: false, browserName: chrome, browserVersion: 91.0.4472.124, chrome: {chromedriverVersion: 90.0.4430.24 (4c6d850f087da..., userDataDir: C:\Users\LAURAA~1\AppData\L...}, goog:chromeOptions: {debuggerAddress: localhost:62616}, javascriptEnabled: true, networkConnectionEnabled: false, pageLoadStrategy: normal, platform: WINDOWS, platformName: WINDOWS, proxy: Proxy(), setWindowRect: true, strictFileInteractability: false, timeouts: {implicit: 0, pageLoad: 300000, script: 30000}, unhandledPromptBehavior: dismiss and notify, webauthn:extension:largeBlob: true, webauthn:virtualAuthenticators: true}
Session ID: 818cf282aa3521cc90ec0c27676f6e13
*** Element info: {Using=css selector, value=#emision_express_peru_modal_v2_modal > div > div > div.modal-body.container-fluid > h4 > a}]]>
            </message>
            <full-stacktrace>
              <![CDATA[org.openqa.selenium.NoSuchElementException: no such element: Unable to locate element: {"method":"css selector","selector":"#emision_express_peru_modal_v2_modal > div > div > div.modal-body.container-fluid > h4 > a"}
  (Session info: chrome=91.0.4472.124)
For documentation on this error, please visit: http://seleniumhq.org/exceptions/no_such_element.html
Build info: version: '3.11.0', revision: 'e59cfb3', time: '2018-03-11T20:26:55.152Z'
System info: host: 'LAURAANDRADE', ip: '172.16.8.156', os.name: 'Windows 10', os.arch: 'amd64', os.version: '10.0', java.version: '15.0.2'
Driver info: org.openqa.selenium.chrome.ChromeDriver
Capabilities {acceptInsecureCerts: false, browserName: chrome, browserVersion: 91.0.4472.124, chrome: {chromedriverVersion: 90.0.4430.24 (4c6d850f087da..., userDataDir: C:\Users\LAURAA~1\AppData\L...}, goog:chromeOptions: {debuggerAddress: localhost:62616}, javascriptEnabled: true, networkConnectionEnabled: false, pageLoadStrategy: normal, platform: WINDOWS, platformName: WINDOWS, proxy: Proxy(), setWindowRect: true, strictFileInteractability: false, timeouts: {implicit: 0, pageLoad: 300000, script: 30000}, unhandledPromptBehavior: dismiss and notify, webauthn:extension:largeBlob: true, webauthn:virtualAuthenticators: true}
Session ID: 818cf282aa3521cc90ec0c27676f6e13
*** Element info: {Using=css selector, value=#emision_express_peru_modal_v2_modal > div > div > div.modal-body.container-fluid > h4 > a}
at jdk.internal.reflect.GeneratedConstructorAccessor101.newInstance(Unknown Source)
at java.base/jdk.internal.reflect.DelegatingConstructorAccessorImpl.newInstance(DelegatingConstructorAccessorImpl.java:45)
at java.base/java.lang.reflect.Constructor.newInstanceWithCaller(Constructor.java:500)
at java.base/java.lang.reflect.Constructor.newInstance(Constructor.java:481)
at org.openqa.selenium.remote.http.W3CHttpResponseCodec.createException(W3CHttpResponseCodec.java:187)
at org.openqa.selenium.remote.http.W3CHttpResponseCodec.decode(W3CHttpResponseCodec.java:122)
at org.openqa.selenium.remote.http.W3CHttpResponseCodec.decode(W3CHttpResponseCodec.java:49)
at org.openqa.selenium.remote.HttpCommandExecutor.execute(HttpCommandExecutor.java:158)
at org.openqa.selenium.remote.service.DriverCommandExecutor.execute(DriverCommandExecutor.java:83)
at org.openqa.selenium.remote.RemoteWebDriver.execute(RemoteWebDriver.java:545)
at org.openqa.selenium.remote.RemoteWebDriver.findElement(RemoteWebDriver.java:319)
at org.openqa.selenium.remote.RemoteWebDriver.findElementByCssSelector(RemoteWebDriver.java:413)
at org.openqa.selenium.By$ByCssSelector.findElement(By.java:430)
at org.openqa.selenium.remote.RemoteWebDriver.findElement(RemoteWebDriver.java:311)
at pages.PageFooter.clickEnviaraSunat(PageFooter.java:61)
at test.Tests_FacturaAfectaGratuita.Script_0030(Tests_FacturaAfectaGratuita.java:217)
at java.base/jdk.internal.reflect.NativeMethodAccessorImpl.invoke0(Native Method)
at java.base/jdk.internal.reflect.NativeMethodAccessorImpl.invoke(NativeMethodAccessorImpl.java:64)
at java.base/jdk.internal.reflect.DelegatingMethodAccessorImpl.invoke(DelegatingMethodAccessorImpl.java:43)
at java.base/java.lang.reflect.Method.invoke(Method.java:564)
at org.testng.internal.MethodInvocationHelper.invokeMethod(MethodInvocationHelper.java:124)
at org.testng.internal.Invoker.invokeMethod(Invoker.java:580)
at org.testng.internal.Invoker.invokeTestMethod(Invoker.java:716)
at org.testng.internal.Invoker.invokeTestMethods(Invoker.java:988)
at org.testng.internal.TestMethodWorker.invokeTestMethods(TestMethodWorker.java:125)
at org.testng.internal.TestMethodWorker.run(TestMethodWorker.java:109)
at org.testng.TestRunner.privateRun(TestRunner.java:648)
at org.testng.TestRunner.run(TestRunner.java:505)
at org.testng.SuiteRunner.runTest(SuiteRunner.java:455)
at org.testng.SuiteRunner.runSequentially(SuiteRunner.java:450)
at org.testng.SuiteRunner.privateRun(SuiteRunner.java:415)
at org.testng.SuiteRunner.run(SuiteRunner.java:364)
at org.testng.SuiteRunnerWorker.runSuite(SuiteRunnerWorker.java:52)
at org.testng.SuiteRunnerWorker.run(SuiteRunnerWorker.java:84)
at org.testng.TestNG.runSuitesSequentially(TestNG.java:1208)
at org.testng.TestNG.runSuitesLocally(TestNG.java:1137)
at org.testng.TestNG.runSuites(TestNG.java:1049)
at org.testng.TestNG.run(TestNG.java:1017)
at org.testng.remote.AbstractRemoteTestNG.run(AbstractRemoteTestNG.java:115)
at org.testng.remote.RemoteTestNG.initAndRun(RemoteTestNG.java:251)
at org.testng.remote.RemoteTestNG.main(RemoteTestNG.java:77)
]]>
            </full-stacktrace>
          </exception> <!-- org.openqa.selenium.NoSuchElementException -->
          <reporter-output>
          </reporter-output>
        </test-method> <!-- Script_0030 -->
        <test-method is-config="true" signature="FinEjecucion()[pri:0, instance:test.Tests_FacturaAfectaGratuita@4a8355dd]" started-at="2021-07-01T18:32:10Z" name="FinEjecucion" finished-at="2021-07-01T18:32:10Z" duration-ms="78" status="PASS">
          <reporter-output>
          </reporter-output>
        </test-method> <!-- FinEjecucion -->
        <test-method is-config="true" signature="setUp()[pri:0, instance:test.Tests_FacturaAfectaGratuita@4a8355dd]" started-at="2021-07-01T18:32:10Z" name="setUp" finished-at="2021-07-01T18:32:16Z" duration-ms="5520" status="PASS">
          <reporter-output>
          </reporter-output>
        </test-method> <!-- setUp -->
        <test-method signature="Script_0031()[pri:0, instance:test.Tests_FacturaAfectaGratuita@4a8355dd]" started-at="2021-07-01T18:32:16Z" name="Script_0031" finished-at="2021-07-01T18:35:01Z" duration-ms="165108" status="PASS">
          <reporter-output>
          </reporter-output>
        </test-method> <!-- Script_0031 -->
        <test-method is-config="true" signature="FinEjecucion()[pri:0, instance:test.Tests_FacturaAfectaGratuita@4a8355dd]" started-at="2021-07-01T18:35:01Z" name="FinEjecucion" finished-at="2021-07-01T18:35:01Z" duration-ms="130" status="PASS">
          <reporter-output>
          </reporter-output>
        </test-method> <!-- FinEjecucion -->
        <test-method is-config="true" signature="setUp()[pri:0, instance:test.Tests_FacturaAfectaGratuita@4a8355dd]" started-at="2021-07-01T18:35:01Z" name="setUp" finished-at="2021-07-01T18:35:06Z" duration-ms="5448" status="PASS">
          <reporter-output>
          </reporter-output>
        </test-method> <!-- setUp -->
        <test-method signature="Script_0032()[pri:0, instance:test.Tests_FacturaAfectaGratuita@4a8355dd]" started-at="2021-07-01T18:35:06Z" name="Script_0032" finished-at="2021-07-01T18:38:08Z" duration-ms="181832" status="FAIL">
          <exception class="org.openqa.selenium.NoSuchElementException">
            <message>
              <![CDATA[no such element: Unable to locate element: {"method":"css selector","selector":"*[name='btn_emitir']"}
  (Session info: chrome=91.0.4472.124)
For documentation on this error, please visit: http://seleniumhq.org/exceptions/no_such_element.html
Build info: version: '3.11.0', revision: 'e59cfb3', time: '2018-03-11T20:26:55.152Z'
System info: host: 'LAURAANDRADE', ip: '172.16.8.156', os.name: 'Windows 10', os.arch: 'amd64', os.version: '10.0', java.version: '15.0.2'
Driver info: org.openqa.selenium.chrome.ChromeDriver
Capabilities {acceptInsecureCerts: false, browserName: chrome, browserVersion: 91.0.4472.124, chrome: {chromedriverVersion: 90.0.4430.24 (4c6d850f087da..., userDataDir: C:\Users\LAURAA~1\AppData\L...}, goog:chromeOptions: {debuggerAddress: localhost:56584}, javascriptEnabled: true, networkConnectionEnabled: false, pageLoadStrategy: normal, platform: WINDOWS, platformName: WINDOWS, proxy: Proxy(), setWindowRect: true, strictFileInteractability: false, timeouts: {implicit: 0, pageLoad: 300000, script: 30000}, unhandledPromptBehavior: dismiss and notify, webauthn:extension:largeBlob: true, webauthn:virtualAuthenticators: true}
Session ID: 7dab73c65235700aa84a0bef47f0f8d8
*** Element info: {Using=name, value=btn_emitir}]]>
            </message>
            <full-stacktrace>
              <![CDATA[org.openqa.selenium.NoSuchElementException: no such element: Unable to locate element: {"method":"css selector","selector":"*[name='btn_emitir']"}
  (Session info: chrome=91.0.4472.124)
For documentation on this error, please visit: http://seleniumhq.org/exceptions/no_such_element.html
Build info: version: '3.11.0', revision: 'e59cfb3', time: '2018-03-11T20:26:55.152Z'
System info: host: 'LAURAANDRADE', ip: '172.16.8.156', os.name: 'Windows 10', os.arch: 'amd64', os.version: '10.0', java.version: '15.0.2'
Driver info: org.openqa.selenium.chrome.ChromeDriver
Capabilities {acceptInsecureCerts: false, browserName: chrome, browserVersion: 91.0.4472.124, chrome: {chromedriverVersion: 90.0.4430.24 (4c6d850f087da..., userDataDir: C:\Users\LAURAA~1\AppData\L...}, goog:chromeOptions: {debuggerAddress: localhost:56584}, javascriptEnabled: true, networkConnectionEnabled: false, pageLoadStrategy: normal, platform: WINDOWS, platformName: WINDOWS, proxy: Proxy(), setWindowRect: true, strictFileInteractability: false, timeouts: {implicit: 0, pageLoad: 300000, script: 30000}, unhandledPromptBehavior: dismiss and notify, webauthn:extension:largeBlob: true, webauthn:virtualAuthenticators: true}
Session ID: 7dab73c65235700aa84a0bef47f0f8d8
*** Element info: {Using=name, value=btn_emitir}
at jdk.internal.reflect.GeneratedConstructorAccessor101.newInstance(Unknown Source)
at java.base/jdk.internal.reflect.DelegatingConstructorAccessorImpl.newInstance(DelegatingConstructorAccessorImpl.java:45)
at java.base/java.lang.reflect.Constructor.newInstanceWithCaller(Constructor.java:500)
at java.base/java.lang.reflect.Constructor.newInstance(Constructor.java:481)
at org.openqa.selenium.remote.http.W3CHttpResponseCodec.createException(W3CHttpResponseCodec.java:187)
at org.openqa.selenium.remote.http.W3CHttpResponseCodec.decode(W3CHttpResponseCodec.java:122)
at org.openqa.selenium.remote.http.W3CHttpResponseCodec.decode(W3CHttpResponseCodec.java:49)
at org.openqa.selenium.remote.HttpCommandExecutor.execute(HttpCommandExecutor.java:158)
at org.openqa.selenium.remote.service.DriverCommandExecutor.execute(DriverCommandExecutor.java:83)
at org.openqa.selenium.remote.RemoteWebDriver.execute(RemoteWebDriver.java:545)
at org.openqa.selenium.remote.RemoteWebDriver.findElement(RemoteWebDriver.java:319)
at org.openqa.selenium.remote.RemoteWebDriver.findElementByName(RemoteWebDriver.java:397)
at org.openqa.selenium.By$ByName.findElement(By.java:303)
at org.openqa.selenium.remote.RemoteWebDriver.findElement(RemoteWebDriver.java:311)
at pages.PageFooter.clickEnviaraSunat(PageFooter.java:60)
at test.Tests_FacturaAfectaGratuita.Script_0032(Tests_FacturaAfectaGratuita.java:291)
at java.base/jdk.internal.reflect.NativeMethodAccessorImpl.invoke0(Native Method)
at java.base/jdk.internal.reflect.NativeMethodAccessorImpl.invoke(NativeMethodAccessorImpl.java:64)
at java.base/jdk.internal.reflect.DelegatingMethodAccessorImpl.invoke(DelegatingMethodAccessorImpl.java:43)
at java.base/java.lang.reflect.Method.invoke(Method.java:564)
at org.testng.internal.MethodInvocationHelper.invokeMethod(MethodInvocationHelper.java:124)
at org.testng.internal.Invoker.invokeMethod(Invoker.java:580)
at org.testng.internal.Invoker.invokeTestMethod(Invoker.java:716)
at org.testng.internal.Invoker.invokeTestMethods(Invoker.java:988)
at org.testng.internal.TestMethodWorker.invokeTestMethods(TestMethodWorker.java:125)
at org.testng.internal.TestMethodWorker.run(TestMethodWorker.java:109)
at org.testng.TestRunner.privateRun(TestRunner.java:648)
at org.testng.TestRunner.run(TestRunner.java:505)
at org.testng.SuiteRunner.runTest(SuiteRunner.java:455)
at org.testng.SuiteRunner.runSequentially(SuiteRunner.java:450)
at org.testng.SuiteRunner.privateRun(SuiteRunner.java:415)
at org.testng.SuiteRunner.run(SuiteRunner.java:364)
at org.testng.SuiteRunnerWorker.runSuite(SuiteRunnerWorker.java:52)
at org.testng.SuiteRunnerWorker.run(SuiteRunnerWorker.java:84)
at org.testng.TestNG.runSuitesSequentially(TestNG.java:1208)
at org.testng.TestNG.runSuitesLocally(TestNG.java:1137)
at org.testng.TestNG.runSuites(TestNG.java:1049)
at org.testng.TestNG.run(TestNG.java:1017)
at org.testng.remote.AbstractRemoteTestNG.run(AbstractRemoteTestNG.java:115)
at org.testng.remote.RemoteTestNG.initAndRun(RemoteTestNG.java:251)
at org.testng.remote.RemoteTestNG.main(RemoteTestNG.java:77)
]]>
            </full-stacktrace>
          </exception> <!-- org.openqa.selenium.NoSuchElementException -->
          <reporter-output>
          </reporter-output>
        </test-method> <!-- Script_0032 -->
        <test-method is-config="true" signature="FinEjecucion()[pri:0, instance:test.Tests_FacturaAfectaGratuita@4a8355dd]" started-at="2021-07-01T18:38:08Z" name="FinEjecucion" finished-at="2021-07-01T18:38:08Z" duration-ms="144" status="PASS">
          <reporter-output>
          </reporter-output>
        </test-method> <!-- FinEjecucion -->
      </class> <!-- test.Tests_FacturaAfectaGratuita -->
      <class name="test.Tests_NotaCreditoInafectaGratuita">
        <test-method is-config="true" signature="setUp()[pri:0, instance:test.Tests_NotaCreditoInafectaGratuita@4d0d9fe7]" started-at="2021-07-01T18:38:08Z" name="setUp" finished-at="2021-07-01T18:38:13Z" duration-ms="5058" status="PASS">
          <reporter-output>
          </reporter-output>
        </test-method> <!-- setUp -->
        <test-method signature="Script_0069()[pri:0, instance:test.Tests_NotaCreditoInafectaGratuita@4d0d9fe7]" started-at="2021-07-01T18:38:13Z" name="Script_0069" finished-at="2021-07-01T18:40:15Z" duration-ms="121511" status="PASS">
          <reporter-output>
          </reporter-output>
        </test-method> <!-- Script_0069 -->
        <test-method is-config="true" signature="FinEjecucion()[pri:0, instance:test.Tests_NotaCreditoInafectaGratuita@4d0d9fe7]" started-at="2021-07-01T18:40:15Z" name="FinEjecucion" finished-at="2021-07-01T18:40:15Z" duration-ms="197" status="PASS">
          <reporter-output>
          </reporter-output>
        </test-method> <!-- FinEjecucion -->
      </class> <!-- test.Tests_NotaCreditoInafectaGratuita -->
      <class name="test.Tests_NotaCreditoAfectaInafecta">
        <test-method is-config="true" signature="setUp()[pri:0, instance:test.Tests_NotaCreditoAfectaInafecta@c430e6c]" started-at="2021-07-01T18:40:15Z" name="setUp" finished-at="2021-07-01T18:40:22Z" duration-ms="6390" status="PASS">
          <reporter-output>
          </reporter-output>
        </test-method> <!-- setUp -->
        <test-method signature="Script_0065()[pri:0, instance:test.Tests_NotaCreditoAfectaInafecta@c430e6c]" started-at="2021-07-01T18:40:22Z" name="Script_0065" finished-at="2021-07-01T18:42:01Z" duration-ms="99486" status="PASS">
          <reporter-output>
          </reporter-output>
        </test-method> <!-- Script_0065 -->
        <test-method is-config="true" signature="FinEjecucion()[pri:0, instance:test.Tests_NotaCreditoAfectaInafecta@c430e6c]" started-at="2021-07-01T18:42:01Z" name="FinEjecucion" finished-at="2021-07-01T18:42:01Z" duration-ms="134" status="PASS">
          <reporter-output>
          </reporter-output>
        </test-method> <!-- FinEjecucion -->
        <test-method is-config="true" signature="setUp()[pri:0, instance:test.Tests_NotaCreditoAfectaInafecta@c430e6c]" started-at="2021-07-01T18:42:01Z" name="setUp" finished-at="2021-07-01T18:42:08Z" duration-ms="6598" status="PASS">
          <reporter-output>
          </reporter-output>
        </test-method> <!-- setUp -->
        <test-method signature="Script_0066()[pri:0, instance:test.Tests_NotaCreditoAfectaInafecta@c430e6c]" started-at="2021-07-01T18:42:08Z" name="Script_0066" finished-at="2021-07-01T18:44:30Z" duration-ms="142077" status="PASS">
          <reporter-output>
          </reporter-output>
        </test-method> <!-- Script_0066 -->
        <test-method is-config="true" signature="FinEjecucion()[pri:0, instance:test.Tests_NotaCreditoAfectaInafecta@c430e6c]" started-at="2021-07-01T18:44:30Z" name="FinEjecucion" finished-at="2021-07-01T18:44:30Z" duration-ms="167" status="PASS">
          <reporter-output>
          </reporter-output>
        </test-method> <!-- FinEjecucion -->
        <test-method is-config="true" signature="setUp()[pri:0, instance:test.Tests_NotaCreditoAfectaInafecta@c430e6c]" started-at="2021-07-01T18:44:30Z" name="setUp" finished-at="2021-07-01T18:44:36Z" duration-ms="6288" status="PASS">
          <reporter-output>
          </reporter-output>
        </test-method> <!-- setUp -->
        <test-method signature="Script_0067()[pri:0, instance:test.Tests_NotaCreditoAfectaInafecta@c430e6c]" started-at="2021-07-01T18:44:36Z" name="Script_0067" finished-at="2021-07-01T18:46:27Z" duration-ms="110379" status="PASS">
          <reporter-output>
          </reporter-output>
        </test-method> <!-- Script_0067 -->
        <test-method is-config="true" signature="FinEjecucion()[pri:0, instance:test.Tests_NotaCreditoAfectaInafecta@c430e6c]" started-at="2021-07-01T18:46:27Z" name="FinEjecucion" finished-at="2021-07-01T18:46:27Z" duration-ms="166" status="PASS">
          <reporter-output>
          </reporter-output>
        </test-method> <!-- FinEjecucion -->
      </class> <!-- test.Tests_NotaCreditoAfectaInafecta -->
      <class name="test.Tests_FacturaCargo">
        <test-method is-config="true" signature="setUp()[pri:0, instance:test.Tests_FacturaCargo@312aa7c]" started-at="2021-07-01T18:46:27Z" name="setUp" finished-at="2021-07-01T18:46:32Z" duration-ms="5466" status="PASS">
          <reporter-output>
          </reporter-output>
        </test-method> <!-- setUp -->
        <test-method signature="Script_0012()[pri:0, instance:test.Tests_FacturaCargo@312aa7c]" started-at="2021-07-01T18:46:32Z" name="Script_0012" finished-at="2021-07-01T18:49:02Z" duration-ms="149826" status="PASS">
          <reporter-output>
          </reporter-output>
        </test-method> <!-- Script_0012 -->
        <test-method is-config="true" signature="FinEjecucion()[pri:0, instance:test.Tests_FacturaCargo@312aa7c]" started-at="2021-07-01T18:49:02Z" name="FinEjecucion" finished-at="2021-07-01T18:49:02Z" duration-ms="170" status="PASS">
          <reporter-output>
          </reporter-output>
        </test-method> <!-- FinEjecucion -->
        <test-method is-config="true" signature="setUp()[pri:0, instance:test.Tests_FacturaCargo@312aa7c]" started-at="2021-07-01T18:49:02Z" name="setUp" finished-at="2021-07-01T18:49:09Z" duration-ms="6468" status="PASS">
          <reporter-output>
          </reporter-output>
        </test-method> <!-- setUp -->
        <test-method signature="Script_0013()[pri:0, instance:test.Tests_FacturaCargo@312aa7c]" started-at="2021-07-01T18:49:09Z" name="Script_0013" finished-at="2021-07-01T18:54:03Z" duration-ms="293912" status="FAIL">
          <exception class="org.openqa.selenium.NoSuchElementException">
            <message>
              <![CDATA[no such element: Unable to locate element: {"method":"css selector","selector":"*[name='razon_social']"}
  (Session info: chrome=91.0.4472.124)
For documentation on this error, please visit: http://seleniumhq.org/exceptions/no_such_element.html
Build info: version: '3.11.0', revision: 'e59cfb3', time: '2018-03-11T20:26:55.152Z'
System info: host: 'LAURAANDRADE', ip: '172.16.8.156', os.name: 'Windows 10', os.arch: 'amd64', os.version: '10.0', java.version: '15.0.2'
Driver info: org.openqa.selenium.chrome.ChromeDriver
Capabilities {acceptInsecureCerts: false, browserName: chrome, browserVersion: 91.0.4472.124, chrome: {chromedriverVersion: 90.0.4430.24 (4c6d850f087da..., userDataDir: C:\Users\LAURAA~1\AppData\L...}, goog:chromeOptions: {debuggerAddress: localhost:59099}, javascriptEnabled: true, networkConnectionEnabled: false, pageLoadStrategy: normal, platform: WINDOWS, platformName: WINDOWS, proxy: Proxy(), setWindowRect: true, strictFileInteractability: false, timeouts: {implicit: 0, pageLoad: 300000, script: 30000}, unhandledPromptBehavior: dismiss and notify, webauthn:extension:largeBlob: true, webauthn:virtualAuthenticators: true}
Session ID: 983a87d0b004390f67c8b177c835cb51
*** Element info: {Using=name, value=razon_social}]]>
            </message>
            <full-stacktrace>
              <![CDATA[org.openqa.selenium.NoSuchElementException: no such element: Unable to locate element: {"method":"css selector","selector":"*[name='razon_social']"}
  (Session info: chrome=91.0.4472.124)
For documentation on this error, please visit: http://seleniumhq.org/exceptions/no_such_element.html
Build info: version: '3.11.0', revision: 'e59cfb3', time: '2018-03-11T20:26:55.152Z'
System info: host: 'LAURAANDRADE', ip: '172.16.8.156', os.name: 'Windows 10', os.arch: 'amd64', os.version: '10.0', java.version: '15.0.2'
Driver info: org.openqa.selenium.chrome.ChromeDriver
Capabilities {acceptInsecureCerts: false, browserName: chrome, browserVersion: 91.0.4472.124, chrome: {chromedriverVersion: 90.0.4430.24 (4c6d850f087da..., userDataDir: C:\Users\LAURAA~1\AppData\L...}, goog:chromeOptions: {debuggerAddress: localhost:59099}, javascriptEnabled: true, networkConnectionEnabled: false, pageLoadStrategy: normal, platform: WINDOWS, platformName: WINDOWS, proxy: Proxy(), setWindowRect: true, strictFileInteractability: false, timeouts: {implicit: 0, pageLoad: 300000, script: 30000}, unhandledPromptBehavior: dismiss and notify, webauthn:extension:largeBlob: true, webauthn:virtualAuthenticators: true}
Session ID: 983a87d0b004390f67c8b177c835cb51
*** Element info: {Using=name, value=razon_social}
at jdk.internal.reflect.GeneratedConstructorAccessor101.newInstance(Unknown Source)
at java.base/jdk.internal.reflect.DelegatingConstructorAccessorImpl.newInstance(DelegatingConstructorAccessorImpl.java:45)
at java.base/java.lang.reflect.Constructor.newInstanceWithCaller(Constructor.java:500)
at java.base/java.lang.reflect.Constructor.newInstance(Constructor.java:481)
at org.openqa.selenium.remote.http.W3CHttpResponseCodec.createException(W3CHttpResponseCodec.java:187)
at org.openqa.selenium.remote.http.W3CHttpResponseCodec.decode(W3CHttpResponseCodec.java:122)
at org.openqa.selenium.remote.http.W3CHttpResponseCodec.decode(W3CHttpResponseCodec.java:49)
at org.openqa.selenium.remote.HttpCommandExecutor.execute(HttpCommandExecutor.java:158)
at org.openqa.selenium.remote.service.DriverCommandExecutor.execute(DriverCommandExecutor.java:83)
at org.openqa.selenium.remote.RemoteWebDriver.execute(RemoteWebDriver.java:545)
at org.openqa.selenium.remote.RemoteWebDriver.findElement(RemoteWebDriver.java:319)
at org.openqa.selenium.remote.RemoteWebDriver.findElementByName(RemoteWebDriver.java:397)
at org.openqa.selenium.By$ByName.findElement(By.java:303)
at org.openqa.selenium.remote.RemoteWebDriver.findElement(RemoteWebDriver.java:311)
at pages.PageReceptor.datosReceptor(PageReceptor.java:59)
at test.Tests_FacturaCargo.Script_0013(Tests_FacturaCargo.java:97)
at java.base/jdk.internal.reflect.NativeMethodAccessorImpl.invoke0(Native Method)
at java.base/jdk.internal.reflect.NativeMethodAccessorImpl.invoke(NativeMethodAccessorImpl.java:64)
at java.base/jdk.internal.reflect.DelegatingMethodAccessorImpl.invoke(DelegatingMethodAccessorImpl.java:43)
at java.base/java.lang.reflect.Method.invoke(Method.java:564)
at org.testng.internal.MethodInvocationHelper.invokeMethod(MethodInvocationHelper.java:124)
at org.testng.internal.Invoker.invokeMethod(Invoker.java:580)
at org.testng.internal.Invoker.invokeTestMethod(Invoker.java:716)
at org.testng.internal.Invoker.invokeTestMethods(Invoker.java:988)
at org.testng.internal.TestMethodWorker.invokeTestMethods(TestMethodWorker.java:125)
at org.testng.internal.TestMethodWorker.run(TestMethodWorker.java:109)
at org.testng.TestRunner.privateRun(TestRunner.java:648)
at org.testng.TestRunner.run(TestRunner.java:505)
at org.testng.SuiteRunner.runTest(SuiteRunner.java:455)
at org.testng.SuiteRunner.runSequentially(SuiteRunner.java:450)
at org.testng.SuiteRunner.privateRun(SuiteRunner.java:415)
at org.testng.SuiteRunner.run(SuiteRunner.java:364)
at org.testng.SuiteRunnerWorker.runSuite(SuiteRunnerWorker.java:52)
at org.testng.SuiteRunnerWorker.run(SuiteRunnerWorker.java:84)
at org.testng.TestNG.runSuitesSequentially(TestNG.java:1208)
at org.testng.TestNG.runSuitesLocally(TestNG.java:1137)
at org.testng.TestNG.runSuites(TestNG.java:1049)
at org.testng.TestNG.run(TestNG.java:1017)
at org.testng.remote.AbstractRemoteTestNG.run(AbstractRemoteTestNG.java:115)
at org.testng.remote.RemoteTestNG.initAndRun(RemoteTestNG.java:251)
at org.testng.remote.RemoteTestNG.main(RemoteTestNG.java:77)
]]>
            </full-stacktrace>
          </exception> <!-- org.openqa.selenium.NoSuchElementException -->
          <reporter-output>
          </reporter-output>
        </test-method> <!-- Script_0013 -->
        <test-method is-config="true" signature="FinEjecucion()[pri:0, instance:test.Tests_FacturaCargo@312aa7c]" started-at="2021-07-01T18:54:03Z" name="FinEjecucion" finished-at="2021-07-01T18:54:03Z" duration-ms="132" status="PASS">
          <reporter-output>
          </reporter-output>
        </test-method> <!-- FinEjecucion -->
        <test-method is-config="true" signature="setUp()[pri:0, instance:test.Tests_FacturaCargo@312aa7c]" started-at="2021-07-01T18:54:03Z" name="setUp" finished-at="2021-07-01T18:54:09Z" duration-ms="6236" status="PASS">
          <reporter-output>
          </reporter-output>
        </test-method> <!-- setUp -->
        <test-method signature="Script_0014()[pri:0, instance:test.Tests_FacturaCargo@312aa7c]" started-at="2021-07-01T18:54:09Z" name="Script_0014" finished-at="2021-07-01T18:56:34Z" duration-ms="144768" status="PASS">
          <reporter-output>
          </reporter-output>
        </test-method> <!-- Script_0014 -->
        <test-method is-config="true" signature="FinEjecucion()[pri:0, instance:test.Tests_FacturaCargo@312aa7c]" started-at="2021-07-01T18:56:34Z" name="FinEjecucion" finished-at="2021-07-01T18:56:34Z" duration-ms="169" status="PASS">
          <reporter-output>
          </reporter-output>
        </test-method> <!-- FinEjecucion -->
        <test-method is-config="true" signature="setUp()[pri:0, instance:test.Tests_FacturaCargo@312aa7c]" started-at="2021-07-01T18:56:34Z" name="setUp" finished-at="2021-07-01T18:56:41Z" duration-ms="7136" status="PASS">
          <reporter-output>
          </reporter-output>
        </test-method> <!-- setUp -->
        <test-method signature="Script_0015()[pri:0, instance:test.Tests_FacturaCargo@312aa7c]" started-at="2021-07-01T18:56:41Z" name="Script_0015" finished-at="2021-07-01T18:59:06Z" duration-ms="144622" status="PASS">
          <reporter-output>
          </reporter-output>
        </test-method> <!-- Script_0015 -->
        <test-method is-config="true" signature="FinEjecucion()[pri:0, instance:test.Tests_FacturaCargo@312aa7c]" started-at="2021-07-01T18:59:06Z" name="FinEjecucion" finished-at="2021-07-01T18:59:06Z" duration-ms="153" status="PASS">
          <reporter-output>
          </reporter-output>
        </test-method> <!-- FinEjecucion -->
        <test-method is-config="true" signature="setUp()[pri:0, instance:test.Tests_FacturaCargo@312aa7c]" started-at="2021-07-01T18:59:06Z" name="setUp" finished-at="2021-07-01T18:59:12Z" duration-ms="6071" status="PASS">
          <reporter-output>
          </reporter-output>
        </test-method> <!-- setUp -->
        <test-method signature="Script_0016()[pri:0, instance:test.Tests_FacturaCargo@312aa7c]" started-at="2021-07-01T18:59:12Z" name="Script_0016" finished-at="2021-07-01T19:01:37Z" duration-ms="144568" status="PASS">
          <reporter-output>
          </reporter-output>
        </test-method> <!-- Script_0016 -->
        <test-method is-config="true" signature="FinEjecucion()[pri:0, instance:test.Tests_FacturaCargo@312aa7c]" started-at="2021-07-01T19:01:37Z" name="FinEjecucion" finished-at="2021-07-01T19:01:37Z" duration-ms="150" status="PASS">
          <reporter-output>
          </reporter-output>
        </test-method> <!-- FinEjecucion -->
        <test-method is-config="true" signature="setUp()[pri:0, instance:test.Tests_FacturaCargo@312aa7c]" started-at="2021-07-01T19:01:37Z" name="setUp" finished-at="2021-07-01T19:01:45Z" duration-ms="7848" status="PASS">
          <reporter-output>
          </reporter-output>
        </test-method> <!-- setUp -->
        <test-method signature="Script_0017()[pri:0, instance:test.Tests_FacturaCargo@312aa7c]" started-at="2021-07-01T19:01:45Z" name="Script_0017" finished-at="2021-07-01T19:04:04Z" duration-ms="139385" status="PASS">
          <reporter-output>
          </reporter-output>
        </test-method> <!-- Script_0017 -->
        <test-method is-config="true" signature="FinEjecucion()[pri:0, instance:test.Tests_FacturaCargo@312aa7c]" started-at="2021-07-01T19:04:04Z" name="FinEjecucion" finished-at="2021-07-01T19:04:04Z" duration-ms="164" status="PASS">
          <reporter-output>
          </reporter-output>
        </test-method> <!-- FinEjecucion -->
        <test-method is-config="true" signature="setUp()[pri:0, instance:test.Tests_FacturaCargo@312aa7c]" started-at="2021-07-01T19:04:04Z" name="setUp" finished-at="2021-07-01T19:04:10Z" duration-ms="5839" status="PASS">
          <reporter-output>
          </reporter-output>
        </test-method> <!-- setUp -->
        <test-method signature="Script_0018()[pri:0, instance:test.Tests_FacturaCargo@312aa7c]" started-at="2021-07-01T19:04:10Z" name="Script_0018" finished-at="2021-07-01T19:06:29Z" duration-ms="138659" status="PASS">
          <reporter-output>
          </reporter-output>
        </test-method> <!-- Script_0018 -->
        <test-method is-config="true" signature="FinEjecucion()[pri:0, instance:test.Tests_FacturaCargo@312aa7c]" started-at="2021-07-01T19:06:29Z" name="FinEjecucion" finished-at="2021-07-01T19:06:33Z" duration-ms="4175" status="PASS">
          <reporter-output>
          </reporter-output>
        </test-method> <!-- FinEjecucion -->
        <test-method is-config="true" signature="setUp()[pri:0, instance:test.Tests_FacturaCargo@312aa7c]" started-at="2021-07-01T19:06:33Z" name="setUp" finished-at="2021-07-01T19:06:38Z" duration-ms="5397" status="PASS">
          <reporter-output>
          </reporter-output>
        </test-method> <!-- setUp -->
        <test-method signature="Script_0019()[pri:0, instance:test.Tests_FacturaCargo@312aa7c]" started-at="2021-07-01T19:06:38Z" name="Script_0019" finished-at="2021-07-01T19:09:02Z" duration-ms="144080" status="PASS">
          <reporter-output>
          </reporter-output>
        </test-method> <!-- Script_0019 -->
        <test-method is-config="true" signature="FinEjecucion()[pri:0, instance:test.Tests_FacturaCargo@312aa7c]" started-at="2021-07-01T19:09:02Z" name="FinEjecucion" finished-at="2021-07-01T19:09:02Z" duration-ms="202" status="PASS">
          <reporter-output>
          </reporter-output>
        </test-method> <!-- FinEjecucion -->
        <test-method is-config="true" signature="setUp()[pri:0, instance:test.Tests_FacturaCargo@312aa7c]" started-at="2021-07-01T19:09:02Z" name="setUp" finished-at="2021-07-01T19:09:08Z" duration-ms="5538" status="PASS">
          <reporter-output>
          </reporter-output>
        </test-method> <!-- setUp -->
        <test-method signature="Script_0020()[pri:0, instance:test.Tests_FacturaCargo@312aa7c]" started-at="2021-07-01T19:09:08Z" name="Script_0020" finished-at="2021-07-01T19:11:30Z" duration-ms="141863" status="PASS">
          <reporter-output>
          </reporter-output>
        </test-method> <!-- Script_0020 -->
        <test-method is-config="true" signature="FinEjecucion()[pri:0, instance:test.Tests_FacturaCargo@312aa7c]" started-at="2021-07-01T19:11:30Z" name="FinEjecucion" finished-at="2021-07-01T19:11:30Z" duration-ms="164" status="PASS">
          <reporter-output>
          </reporter-output>
        </test-method> <!-- FinEjecucion -->
        <test-method is-config="true" signature="setUp()[pri:0, instance:test.Tests_FacturaCargo@312aa7c]" started-at="2021-07-01T19:11:30Z" name="setUp" finished-at="2021-07-01T19:11:36Z" duration-ms="6052" status="PASS">
          <reporter-output>
          </reporter-output>
        </test-method> <!-- setUp -->
        <test-method signature="Script_0021()[pri:0, instance:test.Tests_FacturaCargo@312aa7c]" started-at="2021-07-01T19:11:36Z" name="Script_0021" finished-at="2021-07-01T19:16:30Z" duration-ms="294074" status="FAIL">
          <exception class="org.openqa.selenium.NoSuchElementException">
            <message>
              <![CDATA[no such element: Unable to locate element: {"method":"css selector","selector":"*[name='razon_social']"}
  (Session info: chrome=91.0.4472.124)
For documentation on this error, please visit: http://seleniumhq.org/exceptions/no_such_element.html
Build info: version: '3.11.0', revision: 'e59cfb3', time: '2018-03-11T20:26:55.152Z'
System info: host: 'LAURAANDRADE', ip: '172.16.8.156', os.name: 'Windows 10', os.arch: 'amd64', os.version: '10.0', java.version: '15.0.2'
Driver info: org.openqa.selenium.chrome.ChromeDriver
Capabilities {acceptInsecureCerts: false, browserName: chrome, browserVersion: 91.0.4472.124, chrome: {chromedriverVersion: 90.0.4430.24 (4c6d850f087da..., userDataDir: C:\Users\LAURAA~1\AppData\L...}, goog:chromeOptions: {debuggerAddress: localhost:61124}, javascriptEnabled: true, networkConnectionEnabled: false, pageLoadStrategy: normal, platform: WINDOWS, platformName: WINDOWS, proxy: Proxy(), setWindowRect: true, strictFileInteractability: false, timeouts: {implicit: 0, pageLoad: 300000, script: 30000}, unhandledPromptBehavior: dismiss and notify, webauthn:extension:largeBlob: true, webauthn:virtualAuthenticators: true}
Session ID: e20d8372e43dc5ce7b641dcd5c59d0c1
*** Element info: {Using=name, value=razon_social}]]>
            </message>
            <full-stacktrace>
              <![CDATA[org.openqa.selenium.NoSuchElementException: no such element: Unable to locate element: {"method":"css selector","selector":"*[name='razon_social']"}
  (Session info: chrome=91.0.4472.124)
For documentation on this error, please visit: http://seleniumhq.org/exceptions/no_such_element.html
Build info: version: '3.11.0', revision: 'e59cfb3', time: '2018-03-11T20:26:55.152Z'
System info: host: 'LAURAANDRADE', ip: '172.16.8.156', os.name: 'Windows 10', os.arch: 'amd64', os.version: '10.0', java.version: '15.0.2'
Driver info: org.openqa.selenium.chrome.ChromeDriver
Capabilities {acceptInsecureCerts: false, browserName: chrome, browserVersion: 91.0.4472.124, chrome: {chromedriverVersion: 90.0.4430.24 (4c6d850f087da..., userDataDir: C:\Users\LAURAA~1\AppData\L...}, goog:chromeOptions: {debuggerAddress: localhost:61124}, javascriptEnabled: true, networkConnectionEnabled: false, pageLoadStrategy: normal, platform: WINDOWS, platformName: WINDOWS, proxy: Proxy(), setWindowRect: true, strictFileInteractability: false, timeouts: {implicit: 0, pageLoad: 300000, script: 30000}, unhandledPromptBehavior: dismiss and notify, webauthn:extension:largeBlob: true, webauthn:virtualAuthenticators: true}
Session ID: e20d8372e43dc5ce7b641dcd5c59d0c1
*** Element info: {Using=name, value=razon_social}
at jdk.internal.reflect.GeneratedConstructorAccessor101.newInstance(Unknown Source)
at java.base/jdk.internal.reflect.DelegatingConstructorAccessorImpl.newInstance(DelegatingConstructorAccessorImpl.java:45)
at java.base/java.lang.reflect.Constructor.newInstanceWithCaller(Constructor.java:500)
at java.base/java.lang.reflect.Constructor.newInstance(Constructor.java:481)
at org.openqa.selenium.remote.http.W3CHttpResponseCodec.createException(W3CHttpResponseCodec.java:187)
at org.openqa.selenium.remote.http.W3CHttpResponseCodec.decode(W3CHttpResponseCodec.java:122)
at org.openqa.selenium.remote.http.W3CHttpResponseCodec.decode(W3CHttpResponseCodec.java:49)
at org.openqa.selenium.remote.HttpCommandExecutor.execute(HttpCommandExecutor.java:158)
at org.openqa.selenium.remote.service.DriverCommandExecutor.execute(DriverCommandExecutor.java:83)
at org.openqa.selenium.remote.RemoteWebDriver.execute(RemoteWebDriver.java:545)
at org.openqa.selenium.remote.RemoteWebDriver.findElement(RemoteWebDriver.java:319)
at org.openqa.selenium.remote.RemoteWebDriver.findElementByName(RemoteWebDriver.java:397)
at org.openqa.selenium.By$ByName.findElement(By.java:303)
at org.openqa.selenium.remote.RemoteWebDriver.findElement(RemoteWebDriver.java:311)
at pages.PageReceptor.datosReceptor(PageReceptor.java:59)
at test.Tests_FacturaCargo.Script_0021(Tests_FacturaCargo.java:406)
at java.base/jdk.internal.reflect.NativeMethodAccessorImpl.invoke0(Native Method)
at java.base/jdk.internal.reflect.NativeMethodAccessorImpl.invoke(NativeMethodAccessorImpl.java:64)
at java.base/jdk.internal.reflect.DelegatingMethodAccessorImpl.invoke(DelegatingMethodAccessorImpl.java:43)
at java.base/java.lang.reflect.Method.invoke(Method.java:564)
at org.testng.internal.MethodInvocationHelper.invokeMethod(MethodInvocationHelper.java:124)
at org.testng.internal.Invoker.invokeMethod(Invoker.java:580)
at org.testng.internal.Invoker.invokeTestMethod(Invoker.java:716)
at org.testng.internal.Invoker.invokeTestMethods(Invoker.java:988)
at org.testng.internal.TestMethodWorker.invokeTestMethods(TestMethodWorker.java:125)
at org.testng.internal.TestMethodWorker.run(TestMethodWorker.java:109)
at org.testng.TestRunner.privateRun(TestRunner.java:648)
at org.testng.TestRunner.run(TestRunner.java:505)
at org.testng.SuiteRunner.runTest(SuiteRunner.java:455)
at org.testng.SuiteRunner.runSequentially(SuiteRunner.java:450)
at org.testng.SuiteRunner.privateRun(SuiteRunner.java:415)
at org.testng.SuiteRunner.run(SuiteRunner.java:364)
at org.testng.SuiteRunnerWorker.runSuite(SuiteRunnerWorker.java:52)
at org.testng.SuiteRunnerWorker.run(SuiteRunnerWorker.java:84)
at org.testng.TestNG.runSuitesSequentially(TestNG.java:1208)
at org.testng.TestNG.runSuitesLocally(TestNG.java:1137)
at org.testng.TestNG.runSuites(TestNG.java:1049)
at org.testng.TestNG.run(TestNG.java:1017)
at org.testng.remote.AbstractRemoteTestNG.run(AbstractRemoteTestNG.java:115)
at org.testng.remote.RemoteTestNG.initAndRun(RemoteTestNG.java:251)
at org.testng.remote.RemoteTestNG.main(RemoteTestNG.java:77)
]]>
            </full-stacktrace>
          </exception> <!-- org.openqa.selenium.NoSuchElementException -->
          <reporter-output>
          </reporter-output>
        </test-method> <!-- Script_0021 -->
        <test-method is-config="true" signature="FinEjecucion()[pri:0, instance:test.Tests_FacturaCargo@312aa7c]" started-at="2021-07-01T19:16:30Z" name="FinEjecucion" finished-at="2021-07-01T19:16:30Z" duration-ms="143" status="PASS">
          <reporter-output>
          </reporter-output>
        </test-method> <!-- FinEjecucion -->
        <test-method is-config="true" signature="setUp()[pri:0, instance:test.Tests_FacturaCargo@312aa7c]" started-at="2021-07-01T19:16:30Z" name="setUp" finished-at="2021-07-01T19:16:37Z" duration-ms="6182" status="PASS">
          <reporter-output>
          </reporter-output>
        </test-method> <!-- setUp -->
        <test-method signature="Script_0022()[pri:0, instance:test.Tests_FacturaCargo@312aa7c]" started-at="2021-07-01T19:16:37Z" name="Script_0022" finished-at="2021-07-01T19:18:59Z" duration-ms="142745" status="PASS">
          <reporter-output>
          </reporter-output>
        </test-method> <!-- Script_0022 -->
        <test-method is-config="true" signature="FinEjecucion()[pri:0, instance:test.Tests_FacturaCargo@312aa7c]" started-at="2021-07-01T19:18:59Z" name="FinEjecucion" finished-at="2021-07-01T19:18:59Z" duration-ms="154" status="PASS">
          <reporter-output>
          </reporter-output>
        </test-method> <!-- FinEjecucion -->
      </class> <!-- test.Tests_FacturaCargo -->
      <class name="test.Tests_FacturaExonerada">
        <test-method is-config="true" signature="setUp()[pri:0, instance:test.Tests_FacturaExonerada@536f2a7e]" started-at="2021-07-01T19:18:59Z" name="setUp" finished-at="2021-07-01T19:19:05Z" duration-ms="5715" status="PASS">
          <reporter-output>
          </reporter-output>
        </test-method> <!-- setUp -->
        <test-method signature="Script_0040()[pri:0, instance:test.Tests_FacturaExonerada@536f2a7e]" started-at="2021-07-01T19:19:05Z" name="Script_0040" finished-at="2021-07-01T19:21:28Z" duration-ms="142749" status="PASS">
          <reporter-output>
          </reporter-output>
        </test-method> <!-- Script_0040 -->
        <test-method is-config="true" signature="FinEjecucion()[pri:0, instance:test.Tests_FacturaExonerada@536f2a7e]" started-at="2021-07-01T19:21:28Z" name="FinEjecucion" finished-at="2021-07-01T19:21:28Z" duration-ms="170" status="PASS">
          <reporter-output>
          </reporter-output>
        </test-method> <!-- FinEjecucion -->
        <test-method is-config="true" signature="setUp()[pri:0, instance:test.Tests_FacturaExonerada@536f2a7e]" started-at="2021-07-01T19:21:28Z" name="setUp" finished-at="2021-07-01T19:21:35Z" duration-ms="6924" status="PASS">
          <reporter-output>
          </reporter-output>
        </test-method> <!-- setUp -->
        <test-method signature="Script_0041()[pri:0, instance:test.Tests_FacturaExonerada@536f2a7e]" started-at="2021-07-01T19:21:35Z" name="Script_0041" finished-at="2021-07-01T19:26:29Z" duration-ms="293952" status="FAIL">
          <exception class="org.openqa.selenium.NoSuchElementException">
            <message>
              <![CDATA[no such element: Unable to locate element: {"method":"css selector","selector":"*[name='razon_social']"}
  (Session info: chrome=91.0.4472.124)
For documentation on this error, please visit: http://seleniumhq.org/exceptions/no_such_element.html
Build info: version: '3.11.0', revision: 'e59cfb3', time: '2018-03-11T20:26:55.152Z'
System info: host: 'LAURAANDRADE', ip: '172.16.8.156', os.name: 'Windows 10', os.arch: 'amd64', os.version: '10.0', java.version: '15.0.2'
Driver info: org.openqa.selenium.chrome.ChromeDriver
Capabilities {acceptInsecureCerts: false, browserName: chrome, browserVersion: 91.0.4472.124, chrome: {chromedriverVersion: 90.0.4430.24 (4c6d850f087da..., userDataDir: C:\Users\LAURAA~1\AppData\L...}, goog:chromeOptions: {debuggerAddress: localhost:54205}, javascriptEnabled: true, networkConnectionEnabled: false, pageLoadStrategy: normal, platform: WINDOWS, platformName: WINDOWS, proxy: Proxy(), setWindowRect: true, strictFileInteractability: false, timeouts: {implicit: 0, pageLoad: 300000, script: 30000}, unhandledPromptBehavior: dismiss and notify, webauthn:extension:largeBlob: true, webauthn:virtualAuthenticators: true}
Session ID: 64e44f5339391d8c894213ebda73a108
*** Element info: {Using=name, value=razon_social}]]>
            </message>
            <full-stacktrace>
              <![CDATA[org.openqa.selenium.NoSuchElementException: no such element: Unable to locate element: {"method":"css selector","selector":"*[name='razon_social']"}
  (Session info: chrome=91.0.4472.124)
For documentation on this error, please visit: http://seleniumhq.org/exceptions/no_such_element.html
Build info: version: '3.11.0', revision: 'e59cfb3', time: '2018-03-11T20:26:55.152Z'
System info: host: 'LAURAANDRADE', ip: '172.16.8.156', os.name: 'Windows 10', os.arch: 'amd64', os.version: '10.0', java.version: '15.0.2'
Driver info: org.openqa.selenium.chrome.ChromeDriver
Capabilities {acceptInsecureCerts: false, browserName: chrome, browserVersion: 91.0.4472.124, chrome: {chromedriverVersion: 90.0.4430.24 (4c6d850f087da..., userDataDir: C:\Users\LAURAA~1\AppData\L...}, goog:chromeOptions: {debuggerAddress: localhost:54205}, javascriptEnabled: true, networkConnectionEnabled: false, pageLoadStrategy: normal, platform: WINDOWS, platformName: WINDOWS, proxy: Proxy(), setWindowRect: true, strictFileInteractability: false, timeouts: {implicit: 0, pageLoad: 300000, script: 30000}, unhandledPromptBehavior: dismiss and notify, webauthn:extension:largeBlob: true, webauthn:virtualAuthenticators: true}
Session ID: 64e44f5339391d8c894213ebda73a108
*** Element info: {Using=name, value=razon_social}
at jdk.internal.reflect.GeneratedConstructorAccessor101.newInstance(Unknown Source)
at java.base/jdk.internal.reflect.DelegatingConstructorAccessorImpl.newInstance(DelegatingConstructorAccessorImpl.java:45)
at java.base/java.lang.reflect.Constructor.newInstanceWithCaller(Constructor.java:500)
at java.base/java.lang.reflect.Constructor.newInstance(Constructor.java:481)
at org.openqa.selenium.remote.http.W3CHttpResponseCodec.createException(W3CHttpResponseCodec.java:187)
at org.openqa.selenium.remote.http.W3CHttpResponseCodec.decode(W3CHttpResponseCodec.java:122)
at org.openqa.selenium.remote.http.W3CHttpResponseCodec.decode(W3CHttpResponseCodec.java:49)
at org.openqa.selenium.remote.HttpCommandExecutor.execute(HttpCommandExecutor.java:158)
at org.openqa.selenium.remote.service.DriverCommandExecutor.execute(DriverCommandExecutor.java:83)
at org.openqa.selenium.remote.RemoteWebDriver.execute(RemoteWebDriver.java:545)
at org.openqa.selenium.remote.RemoteWebDriver.findElement(RemoteWebDriver.java:319)
at org.openqa.selenium.remote.RemoteWebDriver.findElementByName(RemoteWebDriver.java:397)
at org.openqa.selenium.By$ByName.findElement(By.java:303)
at org.openqa.selenium.remote.RemoteWebDriver.findElement(RemoteWebDriver.java:311)
at pages.PageReceptor.datosReceptor(PageReceptor.java:59)
at test.Tests_FacturaExonerada.Script_0041(Tests_FacturaExonerada.java:94)
at java.base/jdk.internal.reflect.NativeMethodAccessorImpl.invoke0(Native Method)
at java.base/jdk.internal.reflect.NativeMethodAccessorImpl.invoke(NativeMethodAccessorImpl.java:64)
at java.base/jdk.internal.reflect.DelegatingMethodAccessorImpl.invoke(DelegatingMethodAccessorImpl.java:43)
at java.base/java.lang.reflect.Method.invoke(Method.java:564)
at org.testng.internal.MethodInvocationHelper.invokeMethod(MethodInvocationHelper.java:124)
at org.testng.internal.Invoker.invokeMethod(Invoker.java:580)
at org.testng.internal.Invoker.invokeTestMethod(Invoker.java:716)
at org.testng.internal.Invoker.invokeTestMethods(Invoker.java:988)
at org.testng.internal.TestMethodWorker.invokeTestMethods(TestMethodWorker.java:125)
at org.testng.internal.TestMethodWorker.run(TestMethodWorker.java:109)
at org.testng.TestRunner.privateRun(TestRunner.java:648)
at org.testng.TestRunner.run(TestRunner.java:505)
at org.testng.SuiteRunner.runTest(SuiteRunner.java:455)
at org.testng.SuiteRunner.runSequentially(SuiteRunner.java:450)
at org.testng.SuiteRunner.privateRun(SuiteRunner.java:415)
at org.testng.SuiteRunner.run(SuiteRunner.java:364)
at org.testng.SuiteRunnerWorker.runSuite(SuiteRunnerWorker.java:52)
at org.testng.SuiteRunnerWorker.run(SuiteRunnerWorker.java:84)
at org.testng.TestNG.runSuitesSequentially(TestNG.java:1208)
at org.testng.TestNG.runSuitesLocally(TestNG.java:1137)
at org.testng.TestNG.runSuites(TestNG.java:1049)
at org.testng.TestNG.run(TestNG.java:1017)
at org.testng.remote.AbstractRemoteTestNG.run(AbstractRemoteTestNG.java:115)
at org.testng.remote.RemoteTestNG.initAndRun(RemoteTestNG.java:251)
at org.testng.remote.RemoteTestNG.main(RemoteTestNG.java:77)
]]>
            </full-stacktrace>
          </exception> <!-- org.openqa.selenium.NoSuchElementException -->
          <reporter-output>
          </reporter-output>
        </test-method> <!-- Script_0041 -->
        <test-method is-config="true" signature="FinEjecucion()[pri:0, instance:test.Tests_FacturaExonerada@536f2a7e]" started-at="2021-07-01T19:26:29Z" name="FinEjecucion" finished-at="2021-07-01T19:26:29Z" duration-ms="174" status="PASS">
          <reporter-output>
          </reporter-output>
        </test-method> <!-- FinEjecucion -->
      </class> <!-- test.Tests_FacturaExonerada -->
      <class name="test.Tests_BoletaAfectaInafecta">
        <test-method is-config="true" signature="setUp()[pri:0, instance:test.Tests_BoletaAfectaInafecta@72bc6553]" started-at="2021-07-01T19:26:29Z" name="setUp" finished-at="2021-07-01T19:26:36Z" duration-ms="7252" status="PASS">
          <reporter-output>
          </reporter-output>
        </test-method> <!-- setUp -->
        <test-method signature="Script_0052()[pri:0, instance:test.Tests_BoletaAfectaInafecta@72bc6553]" started-at="2021-07-01T19:26:36Z" name="Script_0052" finished-at="2021-07-01T19:28:59Z" duration-ms="142659" status="PASS">
          <reporter-output>
          </reporter-output>
        </test-method> <!-- Script_0052 -->
        <test-method is-config="true" signature="FinEjecucion()[pri:0, instance:test.Tests_BoletaAfectaInafecta@72bc6553]" started-at="2021-07-01T19:28:59Z" name="FinEjecucion" finished-at="2021-07-01T19:28:59Z" duration-ms="235" status="PASS">
          <reporter-output>
          </reporter-output>
        </test-method> <!-- FinEjecucion -->
        <test-method is-config="true" signature="setUp()[pri:0, instance:test.Tests_BoletaAfectaInafecta@72bc6553]" started-at="2021-07-01T19:28:59Z" name="setUp" finished-at="2021-07-01T19:29:07Z" duration-ms="7378" status="PASS">
          <reporter-output>
          </reporter-output>
        </test-method> <!-- setUp -->
        <test-method signature="Script_0053()[pri:0, instance:test.Tests_BoletaAfectaInafecta@72bc6553]" started-at="2021-07-01T19:29:07Z" name="Script_0053" finished-at="2021-07-01T19:32:03Z" duration-ms="176186" status="PASS">
          <reporter-output>
          </reporter-output>
        </test-method> <!-- Script_0053 -->
        <test-method is-config="true" signature="FinEjecucion()[pri:0, instance:test.Tests_BoletaAfectaInafecta@72bc6553]" started-at="2021-07-01T19:32:03Z" name="FinEjecucion" finished-at="2021-07-01T19:32:03Z" duration-ms="146" status="PASS">
          <reporter-output>
          </reporter-output>
        </test-method> <!-- FinEjecucion -->
        <test-method is-config="true" signature="setUp()[pri:0, instance:test.Tests_BoletaAfectaInafecta@72bc6553]" started-at="2021-07-01T19:32:03Z" name="setUp" finished-at="2021-07-01T19:32:11Z" duration-ms="7835" status="PASS">
          <reporter-output>
          </reporter-output>
        </test-method> <!-- setUp -->
        <test-method signature="Script_0054()[pri:0, instance:test.Tests_BoletaAfectaInafecta@72bc6553]" started-at="2021-07-01T19:32:11Z" name="Script_0054" finished-at="2021-07-01T19:34:37Z" duration-ms="146455" status="PASS">
          <reporter-output>
          </reporter-output>
        </test-method> <!-- Script_0054 -->
        <test-method is-config="true" signature="FinEjecucion()[pri:0, instance:test.Tests_BoletaAfectaInafecta@72bc6553]" started-at="2021-07-01T19:34:37Z" name="FinEjecucion" finished-at="2021-07-01T19:34:38Z" duration-ms="294" status="PASS">
          <reporter-output>
          </reporter-output>
        </test-method> <!-- FinEjecucion -->
      </class> <!-- test.Tests_BoletaAfectaInafecta -->
      <class name="test.Tests_NotaCreditoExportacionGratuita">
        <test-method is-config="true" signature="setUp()[pri:0, instance:test.Tests_NotaCreditoExportacionGratuita@66982506]" started-at="2021-07-01T19:34:38Z" name="setUp" finished-at="2021-07-01T19:34:43Z" duration-ms="5954" status="PASS">
          <reporter-output>
          </reporter-output>
        </test-method> <!-- setUp -->
        <test-method signature="Script_0010()[pri:0, instance:test.Tests_NotaCreditoExportacionGratuita@66982506]" started-at="2021-07-01T19:34:43Z" name="Script_0010" finished-at="2021-07-01T19:36:30Z" duration-ms="106159" status="PASS">
          <reporter-output>
          </reporter-output>
        </test-method> <!-- Script_0010 -->
        <test-method is-config="true" signature="FinEjecucion()[pri:0, instance:test.Tests_NotaCreditoExportacionGratuita@66982506]" started-at="2021-07-01T19:36:30Z" name="FinEjecucion" finished-at="2021-07-01T19:36:30Z" duration-ms="151" status="PASS">
          <reporter-output>
          </reporter-output>
        </test-method> <!-- FinEjecucion -->
      </class> <!-- test.Tests_NotaCreditoExportacionGratuita -->
      <class name="test.Tests_NotaCreditoCargo">
        <test-method is-config="true" signature="setUp()[pri:0, instance:test.Tests_NotaCreditoCargo@70cf32e3]" started-at="2021-07-01T19:36:30Z" name="setUp" finished-at="2021-07-01T19:36:36Z" duration-ms="5988" status="PASS">
          <reporter-output>
          </reporter-output>
        </test-method> <!-- setUp -->
        <test-method signature="Script_0059()[pri:0, instance:test.Tests_NotaCreditoCargo@70cf32e3]" started-at="2021-07-01T19:36:36Z" name="Script_0059" finished-at="2021-07-01T19:38:34Z" duration-ms="118407" status="PASS">
          <reporter-output>
          </reporter-output>
        </test-method> <!-- Script_0059 -->
        <test-method is-config="true" signature="FinEjecucion()[pri:0, instance:test.Tests_NotaCreditoCargo@70cf32e3]" started-at="2021-07-01T19:38:34Z" name="FinEjecucion" finished-at="2021-07-01T19:38:34Z" duration-ms="211" status="PASS">
          <reporter-output>
          </reporter-output>
        </test-method> <!-- FinEjecucion -->
        <test-method is-config="true" signature="setUp()[pri:0, instance:test.Tests_NotaCreditoCargo@70cf32e3]" started-at="2021-07-01T19:38:34Z" name="setUp" finished-at="2021-07-01T19:38:42Z" duration-ms="7292" status="PASS">
          <reporter-output>
          </reporter-output>
        </test-method> <!-- setUp -->
        <test-method signature="Script_0060()[pri:0, instance:test.Tests_NotaCreditoCargo@70cf32e3]" started-at="2021-07-01T19:38:42Z" name="Script_0060" finished-at="2021-07-01T19:40:36Z" duration-ms="114110" status="PASS">
          <reporter-output>
          </reporter-output>
        </test-method> <!-- Script_0060 -->
        <test-method is-config="true" signature="FinEjecucion()[pri:0, instance:test.Tests_NotaCreditoCargo@70cf32e3]" started-at="2021-07-01T19:40:36Z" name="FinEjecucion" finished-at="2021-07-01T19:40:36Z" duration-ms="160" status="PASS">
          <reporter-output>
          </reporter-output>
        </test-method> <!-- FinEjecucion -->
        <test-method is-config="true" signature="setUp()[pri:0, instance:test.Tests_NotaCreditoCargo@70cf32e3]" started-at="2021-07-01T19:40:36Z" name="setUp" finished-at="2021-07-01T19:40:41Z" duration-ms="5423" status="PASS">
          <reporter-output>
          </reporter-output>
        </test-method> <!-- setUp -->
        <test-method signature="Script_0061()[pri:0, instance:test.Tests_NotaCreditoCargo@70cf32e3]" started-at="2021-07-01T19:40:41Z" name="Script_0061" finished-at="2021-07-01T19:42:36Z" duration-ms="114340" status="PASS">
          <reporter-output>
          </reporter-output>
        </test-method> <!-- Script_0061 -->
        <test-method is-config="true" signature="FinEjecucion()[pri:0, instance:test.Tests_NotaCreditoCargo@70cf32e3]" started-at="2021-07-01T19:42:36Z" name="FinEjecucion" finished-at="2021-07-01T19:42:36Z" duration-ms="153" status="PASS">
          <reporter-output>
          </reporter-output>
        </test-method> <!-- FinEjecucion -->
        <test-method is-config="true" signature="setUp()[pri:0, instance:test.Tests_NotaCreditoCargo@70cf32e3]" started-at="2021-07-01T19:42:36Z" name="setUp" finished-at="2021-07-01T19:42:41Z" duration-ms="5537" status="PASS">
          <reporter-output>
          </reporter-output>
        </test-method> <!-- setUp -->
        <test-method signature="Script_0062()[pri:0, instance:test.Tests_NotaCreditoCargo@70cf32e3]" started-at="2021-07-01T19:42:41Z" name="Script_0062" finished-at="2021-07-01T19:44:34Z" duration-ms="112137" status="PASS">
          <reporter-output>
          </reporter-output>
        </test-method> <!-- Script_0062 -->
        <test-method is-config="true" signature="FinEjecucion()[pri:0, instance:test.Tests_NotaCreditoCargo@70cf32e3]" started-at="2021-07-01T19:44:34Z" name="FinEjecucion" finished-at="2021-07-01T19:44:34Z" duration-ms="117" status="PASS">
          <reporter-output>
          </reporter-output>
        </test-method> <!-- FinEjecucion -->
        <test-method is-config="true" signature="setUp()[pri:0, instance:test.Tests_NotaCreditoCargo@70cf32e3]" started-at="2021-07-01T19:44:34Z" name="setUp" finished-at="2021-07-01T19:44:40Z" duration-ms="5997" status="PASS">
          <reporter-output>
          </reporter-output>
        </test-method> <!-- setUp -->
        <test-method signature="Script_0063()[pri:0, instance:test.Tests_NotaCreditoCargo@70cf32e3]" started-at="2021-07-01T19:44:40Z" name="Script_0063" finished-at="2021-07-01T19:46:36Z" duration-ms="115833" status="PASS">
          <reporter-output>
          </reporter-output>
        </test-method> <!-- Script_0063 -->
        <test-method is-config="true" signature="FinEjecucion()[pri:0, instance:test.Tests_NotaCreditoCargo@70cf32e3]" started-at="2021-07-01T19:46:36Z" name="FinEjecucion" finished-at="2021-07-01T19:46:36Z" duration-ms="191" status="PASS">
          <reporter-output>
          </reporter-output>
        </test-method> <!-- FinEjecucion -->
        <test-method is-config="true" signature="setUp()[pri:0, instance:test.Tests_NotaCreditoCargo@70cf32e3]" started-at="2021-07-01T19:46:36Z" name="setUp" finished-at="2021-07-01T19:46:42Z" duration-ms="5921" status="PASS">
          <reporter-output>
          </reporter-output>
        </test-method> <!-- setUp -->
        <test-method signature="Script_0064()[pri:0, instance:test.Tests_NotaCreditoCargo@70cf32e3]" started-at="2021-07-01T19:46:42Z" name="Script_0064" finished-at="2021-07-01T19:48:33Z" duration-ms="111332" status="PASS">
          <reporter-output>
          </reporter-output>
        </test-method> <!-- Script_0064 -->
        <test-method is-config="true" signature="FinEjecucion()[pri:0, instance:test.Tests_NotaCreditoCargo@70cf32e3]" started-at="2021-07-01T19:48:33Z" name="FinEjecucion" finished-at="2021-07-01T19:48:33Z" duration-ms="161" status="PASS">
          <reporter-output>
          </reporter-output>
        </test-method> <!-- FinEjecucion -->
      </class> <!-- test.Tests_NotaCreditoCargo -->
      <class name="test.Tests_NotaDebitoAfectaInafecta">
        <test-method is-config="true" signature="setUp()[pri:0, instance:test.Tests_NotaDebitoAfectaInafecta@5a59ca5e]" started-at="2021-07-01T19:48:33Z" name="setUp" finished-at="2021-07-01T19:48:40Z" duration-ms="7153" status="PASS">
          <reporter-output>
          </reporter-output>
        </test-method> <!-- setUp -->
        <test-method signature="Script_0078()[pri:0, instance:test.Tests_NotaDebitoAfectaInafecta@5a59ca5e]" started-at="2021-07-01T19:48:40Z" name="Script_0078" finished-at="2021-07-01T19:50:36Z" duration-ms="116171" status="PASS">
          <reporter-output>
          </reporter-output>
        </test-method> <!-- Script_0078 -->
        <test-method is-config="true" signature="FinEjecucion()[pri:0, instance:test.Tests_NotaDebitoAfectaInafecta@5a59ca5e]" started-at="2021-07-01T19:50:36Z" name="FinEjecucion" finished-at="2021-07-01T19:50:37Z" duration-ms="270" status="PASS">
          <reporter-output>
          </reporter-output>
        </test-method> <!-- FinEjecucion -->
        <test-method is-config="true" signature="setUp()[pri:0, instance:test.Tests_NotaDebitoAfectaInafecta@5a59ca5e]" started-at="2021-07-01T19:50:37Z" name="setUp" finished-at="2021-07-01T19:50:43Z" duration-ms="6722" status="PASS">
          <reporter-output>
          </reporter-output>
        </test-method> <!-- setUp -->
        <test-method signature="Script_0079()[pri:0, instance:test.Tests_NotaDebitoAfectaInafecta@5a59ca5e]" started-at="2021-07-01T19:50:43Z" name="Script_0079" finished-at="2021-07-01T19:53:36Z" duration-ms="172085" status="PASS">
          <reporter-output>
          </reporter-output>
        </test-method> <!-- Script_0079 -->
        <test-method is-config="true" signature="FinEjecucion()[pri:0, instance:test.Tests_NotaDebitoAfectaInafecta@5a59ca5e]" started-at="2021-07-01T19:53:36Z" name="FinEjecucion" finished-at="2021-07-01T19:53:36Z" duration-ms="221" status="PASS">
          <reporter-output>
          </reporter-output>
        </test-method> <!-- FinEjecucion -->
        <test-method is-config="true" signature="setUp()[pri:0, instance:test.Tests_NotaDebitoAfectaInafecta@5a59ca5e]" started-at="2021-07-01T19:53:36Z" name="setUp" finished-at="2021-07-01T19:53:42Z" duration-ms="5890" status="PASS">
          <reporter-output>
          </reporter-output>
        </test-method> <!-- setUp -->
        <test-method signature="Script_0080()[pri:0, instance:test.Tests_NotaDebitoAfectaInafecta@5a59ca5e]" started-at="2021-07-01T19:53:42Z" name="Script_0080" finished-at="2021-07-01T19:55:33Z" duration-ms="111422" status="PASS">
          <reporter-output>
          </reporter-output>
        </test-method> <!-- Script_0080 -->
        <test-method is-config="true" signature="FinEjecucion()[pri:0, instance:test.Tests_NotaDebitoAfectaInafecta@5a59ca5e]" started-at="2021-07-01T19:55:33Z" name="FinEjecucion" finished-at="2021-07-01T19:55:33Z" duration-ms="140" status="PASS">
          <reporter-output>
          </reporter-output>
        </test-method> <!-- FinEjecucion -->
      </class> <!-- test.Tests_NotaDebitoAfectaInafecta -->
      <class name="test.Tests_NotaDebitoExonerada">
        <test-method is-config="true" signature="setUp()[pri:0, instance:test.Tests_NotaDebitoExonerada@4bdeaabb]" started-at="2021-07-01T19:55:33Z" name="setUp" finished-at="2021-07-01T19:55:39Z" duration-ms="5512" status="PASS">
          <reporter-output>
          </reporter-output>
        </test-method> <!-- setUp -->
        <test-method signature="Script_0083()[pri:0, instance:test.Tests_NotaDebitoExonerada@4bdeaabb]" started-at="2021-07-01T19:55:39Z" name="Script_0083" finished-at="2021-07-01T19:58:00Z" duration-ms="141081" status="PASS">
          <reporter-output>
          </reporter-output>
        </test-method> <!-- Script_0083 -->
        <test-method is-config="true" signature="FinEjecucion()[pri:0, instance:test.Tests_NotaDebitoExonerada@4bdeaabb]" started-at="2021-07-01T19:58:00Z" name="FinEjecucion" finished-at="2021-07-01T19:58:00Z" duration-ms="277" status="PASS">
          <reporter-output>
          </reporter-output>
        </test-method> <!-- FinEjecucion -->
        <test-method is-config="true" signature="setUp()[pri:0, instance:test.Tests_NotaDebitoExonerada@4bdeaabb]" started-at="2021-07-01T19:58:00Z" name="setUp" finished-at="2021-07-01T19:58:05Z" duration-ms="4938" status="PASS">
          <reporter-output>
          </reporter-output>
        </test-method> <!-- setUp -->
        <test-method signature="Script_0084()[pri:0, instance:test.Tests_NotaDebitoExonerada@4bdeaabb]" started-at="2021-07-01T19:58:05Z" name="Script_0084" finished-at="2021-07-01T20:00:01Z" duration-ms="116430" status="PASS">
          <reporter-output>
          </reporter-output>
        </test-method> <!-- Script_0084 -->
        <test-method is-config="true" signature="FinEjecucion()[pri:0, instance:test.Tests_NotaDebitoExonerada@4bdeaabb]" started-at="2021-07-01T20:00:01Z" name="FinEjecucion" finished-at="2021-07-01T20:00:02Z" duration-ms="192" status="PASS">
          <reporter-output>
          </reporter-output>
        </test-method> <!-- FinEjecucion -->
      </class> <!-- test.Tests_NotaDebitoExonerada -->
      <class name="test.Tests_BoletaInafectaGratuita">
        <test-method is-config="true" signature="setUp()[pri:0, instance:test.Tests_BoletaInafectaGratuita@65987993]" started-at="2021-07-01T20:02:10Z" name="setUp" finished-at="2021-07-01T20:02:16Z" duration-ms="5529" status="PASS">
          <reporter-output>
          </reporter-output>
        </test-method> <!-- setUp -->
        <test-method signature="Script_0056()[pri:0, instance:test.Tests_BoletaInafectaGratuita@65987993]" started-at="2021-07-01T20:02:16Z" name="Script_0056" finished-at="2021-07-01T20:04:06Z" duration-ms="109638" status="PASS">
          <reporter-output>
          </reporter-output>
        </test-method> <!-- Script_0056 -->
        <test-method is-config="true" signature="FinEjecucion()[pri:0, instance:test.Tests_BoletaInafectaGratuita@65987993]" started-at="2021-07-01T20:04:06Z" name="FinEjecucion" finished-at="2021-07-01T20:04:06Z" duration-ms="164" status="PASS">
          <reporter-output>
          </reporter-output>
        </test-method> <!-- FinEjecucion -->
      </class> <!-- test.Tests_BoletaInafectaGratuita -->
      <class name="test.Tests_NotaDebitoInafectaGratuita">
        <test-method is-config="true" signature="setUp()[pri:0, instance:test.Tests_NotaDebitoInafectaGratuita@6c4906d3]" started-at="2021-07-01T20:00:02Z" name="setUp" finished-at="2021-07-01T20:00:09Z" duration-ms="7255" status="PASS">
          <reporter-output>
          </reporter-output>
        </test-method> <!-- setUp -->
        <test-method signature="Script_0082()[pri:0, instance:test.Tests_NotaDebitoInafectaGratuita@6c4906d3]" started-at="2021-07-01T20:00:09Z" name="Script_0082" finished-at="2021-07-01T20:02:10Z" duration-ms="121339" status="PASS">
          <reporter-output>
          </reporter-output>
        </test-method> <!-- Script_0082 -->
        <test-method is-config="true" signature="FinEjecucion()[pri:0, instance:test.Tests_NotaDebitoInafectaGratuita@6c4906d3]" started-at="2021-07-01T20:02:10Z" name="FinEjecucion" finished-at="2021-07-01T20:02:10Z" duration-ms="182" status="PASS">
          <reporter-output>
          </reporter-output>
        </test-method> <!-- FinEjecucion -->
      </class> <!-- test.Tests_NotaDebitoInafectaGratuita -->
      <class name="test.Tests_NotaCreditoAfectaGratuita">
        <test-method is-config="true" signature="setUp()[pri:0, instance:test.Tests_NotaCreditoAfectaGratuita@71075444]" started-at="2021-07-01T20:04:06Z" name="setUp" finished-at="2021-07-01T20:04:12Z" duration-ms="5997" status="PASS">
          <reporter-output>
          </reporter-output>
        </test-method> <!-- setUp -->
        <test-method signature="Script_0068()[pri:0, instance:test.Tests_NotaCreditoAfectaGratuita@71075444]" started-at="2021-07-01T20:04:12Z" name="Script_0068" finished-at="2021-07-01T20:06:31Z" duration-ms="139202" status="PASS">
          <reporter-output>
          </reporter-output>
        </test-method> <!-- Script_0068 -->
        <test-method is-config="true" signature="FinEjecucion()[pri:0, instance:test.Tests_NotaCreditoAfectaGratuita@71075444]" started-at="2021-07-01T20:06:31Z" name="FinEjecucion" finished-at="2021-07-01T20:06:31Z" duration-ms="206" status="PASS">
          <reporter-output>
          </reporter-output>
        </test-method> <!-- FinEjecucion -->
      </class> <!-- test.Tests_NotaCreditoAfectaGratuita -->
    </test> <!-- Default test -->
  </suite> <!-- Default suite -->
</testng-results>
